#
# There is insufficient memory for the Java Runtime Environment to continue.
# Native memory allocation (malloc) failed to allocate 32744 bytes for ChunkPool::allocate
# Possible reasons:
#   The system is out of physical RAM or swap space
#   The process is running with CompressedOops enabled, and the Java Heap may be blocking the growth of the native heap
# Possible solutions:
#   Reduce memory load on the system
#   Increase physical memory or swap space
#   Check if swap backing store is full
#   Decrease Java heap size (-Xmx/-Xms)
#   Decrease number of Java threads
#   Decrease Java thread stack sizes (-Xss)
#   Set larger code cache with -XX:ReservedCodeCacheSize=
#   JVM is running with Unscaled Compressed Oops mode in which the Java heap is
#     placed in the first 4GB address space. The Java Heap base address is the
#     maximum limit for the native heap growth. Please use -XX:HeapBaseMinAddress
#     to set the Java Heap base and to place the Java Heap above 4GB virtual address.
# This output file may be truncated or incomplete.
#
#  Out of Memory Error (t:/workspace/open/src/hotspot/share/memory/arena.cpp:80), pid=3840, tid=5632
#
# JRE version: OpenJDK Runtime Environment (13.0.2+8) (build 13.0.2+8)
# Java VM: OpenJDK 64-Bit Server VM (13.0.2+8, mixed mode, sharing, tiered, compressed oops, g1 gc, windows-amd64)
# No core dump will be written. Minidumps are not enabled by default on client versions of Windows
#

---------------  S U M M A R Y ------------

Command Line: --add-opens=java.base/java.util=ALL-UNNAMED --add-opens=java.base/java.lang=ALL-UNNAMED --add-opens=java.base/java.lang.invoke=ALL-UNNAMED --add-opens=java.prefs/java.util.prefs=ALL-UNNAMED -XX:MaxMetaspaceSize=256m -XX:+HeapDumpOnOutOfMemoryError -Xms256m -Xmx512m -Dfile.encoding=windows-1252 -Duser.country=ID -Duser.language=en -Duser.variant org.gradle.launcher.daemon.bootstrap.GradleDaemon 5.5.1

Host: Intel(R) Celeron(R) CPU 1007U @ 1.50GHz, 2 cores, 3G,  Windows 10 , 64 bit Build 17763 (10.0.17763.475)
Time: Wed Apr 29 21:44:02 2020 SE Asia Standard Time elapsed time: 54 seconds (0d 0h 0m 54s)

---------------  T H R E A D  ---------------

Current thread (0x000001fa44a01000):  JavaThread "C1 CompilerThread0" daemon [_thread_in_native, id=5632, stack(0x00000078a1f00000,0x00000078a2000000)]


Current CompileTask:
C1:  54301 5834       3       org.gradle.api.tasks.AbstractCopyTask$1::childSpecAdded (416 bytes)

Stack: [0x00000078a1f00000,0x00000078a2000000]
Native frames: (J=compiled Java code, j=interpreted, Vv=VM code, C=native code)
V  [jvm.dll+0x624f9a]
V  [jvm.dll+0x770cfa]
V  [jvm.dll+0x7724af]
V  [jvm.dll+0x772ab3]
V  [jvm.dll+0x24bf08]
V  [jvm.dll+0xc2076]
V  [jvm.dll+0xc23cc]
V  [jvm.dll+0x16b239]
V  [jvm.dll+0x16c032]
V  [jvm.dll+0x16c0e7]
V  [jvm.dll+0x16e9d9]
V  [jvm.dll+0x170421]
V  [jvm.dll+0x12a165]
V  [jvm.dll+0x1299df]
V  [jvm.dll+0x129c0f]
V  [jvm.dll+0x128ea7]
V  [jvm.dll+0x12adc7]
V  [jvm.dll+0x213e6d]
V  [jvm.dll+0x2120bb]
V  [jvm.dll+0x736bb6]
V  [jvm.dll+0x72fcaa]
V  [jvm.dll+0x623ea6]
C  [ucrtbase.dll+0x21ffa]
C  [KERNEL32.DLL+0x17974]
C  [ntdll.dll+0x6a261]


---------------  P R O C E S S  ---------------

Threads class SMR info:
_java_thread_list=0x000001fa47a059c0, length=31, elements={
0x000001fa2a02f000, 0x000001fa449d8800, 0x000001fa449db800, 0x000001fa449fd800,
0x000001fa449ff000, 0x000001fa44a00000, 0x000001fa44a01000, 0x000001fa45373000,
0x000001fa4543a800, 0x000001fa45440800, 0x000001fa46880000, 0x000001fa46883800,
0x000001fa46662000, 0x000001fa45d02800, 0x000001fa4685d800, 0x000001fa45726800,
0x000001fa45727800, 0x000001fa469e6000, 0x000001fa469e7000, 0x000001fa469e7800,
0x000001fa463e7800, 0x000001fa463e9000, 0x000001fa463ea000, 0x000001fa463e6000,
0x000001fa463e7000, 0x000001fa463eb000, 0x000001fa463e5000, 0x000001fa463eb800,
0x000001fa47b46800, 0x000001fa47b4a800, 0x000001fa47b47000
}

Java Threads: ( => current thread )
  0x000001fa2a02f000 JavaThread "main" [_thread_blocked, id=3824, stack(0x00000078a1200000,0x00000078a1300000)]
  0x000001fa449d8800 JavaThread "Reference Handler" daemon [_thread_blocked, id=3692, stack(0x00000078a1a00000,0x00000078a1b00000)]
  0x000001fa449db800 JavaThread "Finalizer" daemon [_thread_blocked, id=3688, stack(0x00000078a1b00000,0x00000078a1c00000)]
  0x000001fa449fd800 JavaThread "Signal Dispatcher" daemon [_thread_blocked, id=5896, stack(0x00000078a1c00000,0x00000078a1d00000)]
  0x000001fa449ff000 JavaThread "Attach Listener" daemon [_thread_blocked, id=4688, stack(0x00000078a1d00000,0x00000078a1e00000)]
  0x000001fa44a00000 JavaThread "C2 CompilerThread0" daemon [_thread_in_native, id=4184, stack(0x00000078a1e00000,0x00000078a1f00000)]
=>0x000001fa44a01000 JavaThread "C1 CompilerThread0" daemon [_thread_in_native, id=5632, stack(0x00000078a1f00000,0x00000078a2000000)]
  0x000001fa45373000 JavaThread "Sweeper thread" daemon [_thread_blocked, id=5816, stack(0x00000078a2000000,0x00000078a2100000)]
  0x000001fa4543a800 JavaThread "Common-Cleaner" daemon [_thread_blocked, id=5672, stack(0x00000078a2100000,0x00000078a2200000)]
  0x000001fa45440800 JavaThread "Service Thread" daemon [_thread_blocked, id=3376, stack(0x00000078a2200000,0x00000078a2300000)]
  0x000001fa46880000 JavaThread "Daemon health stats" [_thread_blocked, id=2084, stack(0x00000078a2500000,0x00000078a2600000)]
  0x000001fa46883800 JavaThread "Incoming local TCP Connector on port 49718" [_thread_in_native, id=752, stack(0x00000078a2600000,0x00000078a2700000)]
  0x000001fa46662000 JavaThread "Daemon periodic checks" [_thread_blocked, id=1660, stack(0x00000078a2700000,0x00000078a2800000)]
  0x000001fa45d02800 JavaThread "Daemon" [_thread_blocked, id=4592, stack(0x00000078a2800000,0x00000078a2900000)]
  0x000001fa4685d800 JavaThread "Handler for socket connection from /127.0.0.1:49718 to /127.0.0.1:49720" [_thread_in_native, id=2428, stack(0x00000078a2900000,0x00000078a2a00000)]
  0x000001fa45726800 JavaThread "Cancel handler" [_thread_blocked, id=2868, stack(0x00000078a2a00000,0x00000078a2b00000)]
  0x000001fa45727800 JavaThread "Daemon worker" [_thread_in_Java, id=2600, stack(0x00000078a2b00000,0x00000078a2c00000)]
  0x000001fa469e6000 JavaThread "Asynchronous log dispatcher for DefaultDaemonConnection: socket connection from /127.0.0.1:49718 to /127.0.0.1:49720" [_thread_blocked, id=1220, stack(0x00000078a2c00000,0x00000078a2d00000)]
  0x000001fa469e7000 JavaThread "Stdin handler" [_thread_blocked, id=2752, stack(0x00000078a2d00000,0x00000078a2e00000)]
  0x000001fa469e7800 JavaThread "Thread-8" [_thread_blocked, id=3252, stack(0x00000078a2e00000,0x00000078a2f00000)]
  0x000001fa463e7800 JavaThread "Cache worker for file hash cache (C:\Users\deCrypt3d\.gradle\caches\5.5.1\fileHashes)" [_thread_blocked, id=4344, stack(0x00000078a2f00000,0x00000078a3000000)]
  0x000001fa463e9000 JavaThread "File lock request listener" [_thread_in_native, id=5932, stack(0x00000078a3000000,0x00000078a3100000)]
  0x000001fa463ea000 JavaThread "Cache worker for journal cache (C:\Users\deCrypt3d\.gradle\caches\journal-1)" [_thread_blocked, id=908, stack(0x00000078a3100000,0x00000078a3200000)]
  0x000001fa463e6000 JavaThread "Cache worker for file hash cache (C:\Users\deCrypt3d\IdeaProjects\Memulai Pemrograman dengan Kotlin\.gradle\5.5.1\fileHashes)" [_thread_blocked, id=1576, stack(0x00000078a3200000,0x00000078a3300000)]
  0x000001fa463e7000 JavaThread "File lock release action executor" [_thread_blocked, id=4104, stack(0x00000078a3300000,0x00000078a3400000)]
  0x000001fa463eb000 JavaThread "Cache worker for cache directory md-supplier (C:\Users\deCrypt3d\.gradle\caches\5.5.1\md-supplier)" [_thread_blocked, id=4304, stack(0x00000078a3600000,0x00000078a3700000)]
  0x000001fa463e5000 JavaThread "Cache worker for cache directory md-rule (C:\Users\deCrypt3d\.gradle\caches\5.5.1\md-rule)" [_thread_blocked, id=4312, stack(0x00000078a3700000,0x00000078a3800000)]
  0x000001fa463eb800 JavaThread "Cache worker for execution history cache (C:\Users\deCrypt3d\.gradle\caches\5.5.1\executionHistory)" [_thread_blocked, id=2308, stack(0x00000078a3800000,0x00000078a3900000)]
  0x000001fa47b46800 JavaThread "Build operations" [_thread_blocked, id=2152, stack(0x00000078a3900000,0x00000078a3a00000)]
  0x000001fa47b4a800 JavaThread "Build operations Thread 2" [_thread_blocked, id=3064, stack(0x00000078a3a00000,0x00000078a3b00000)]
  0x000001fa47b47000 JavaThread "Cache worker for Build Output Cleanup Cache (C:\Users\deCrypt3d\IdeaProjects\Memulai Pemrograman dengan Kotlin\.gradle\buildOutputCleanup)" [_thread_blocked, id=2356, stack(0x00000078a3b00000,0x00000078a3c00000)]

Other Threads:
  0x000001fa449d1000 VMThread "VM Thread" [stack: 0x00000078a1900000,0x00000078a1a00000] [id=2520]
  0x000001fa4544a000 WatcherThread [stack: 0x00000078a2300000,0x00000078a2400000] [id=3808]
  0x000001fa2a051000 GCTaskThread "GC Thread#0" [stack: 0x00000078a1400000,0x00000078a1500000] [id=488]
  0x000001fa4569c000 GCTaskThread "GC Thread#1" [stack: 0x00000078a2400000,0x00000078a2500000] [id=5568]
  0x000001fa2a056800 ConcurrentGCThread "G1 Main Marker" [stack: 0x00000078a1500000,0x00000078a1600000] [id=4060]
  0x000001fa2a058000 ConcurrentGCThread "G1 Conc#0" [stack: 0x00000078a1600000,0x00000078a1700000] [id=3192]
  0x000001fa44882800 ConcurrentGCThread "G1 Refine#0" [stack: 0x00000078a1700000,0x00000078a1800000] [id=3732]
  0x000001fa45406800 ConcurrentGCThread "G1 Refine#1" [stack: 0x00000078a3c00000,0x00000078a3d00000] [id=400]
  0x000001fa44883000 ConcurrentGCThread "G1 Young RemSet Sampling" [stack: 0x00000078a1800000,0x00000078a1900000] [id=4112]

Threads with active compile tasks:
C2 CompilerThread0    54331 5782       4       org.gradle.internal.operations.DefaultBuildOperationExecutor::execute (111 bytes)
C1 CompilerThread0    54331 5834       3       org.gradle.api.tasks.AbstractCopyTask$1::childSpecAdded (416 bytes)

VM state:not at safepoint (normal execution)

VM Mutex/Monitor currently owned by a thread: None

Heap address: 0x00000000e0000000, size: 512 MB, Compressed Oops mode: 32-bit
Narrow klass base: 0x0000000800000000, Narrow klass shift: 3
Compressed class space size: 260046848 Address: 0x0000000800b40000

Heap:
 garbage-first heap   total 262144K, used 54784K [0x00000000e0000000, 0x0000000100000000)
  region size 1024K, 5 young (5120K), 1 survivors (1024K)
 Metaspace       used 41218K, capacity 42319K, committed 42492K, reserved 290816K
  class space    used 5543K, capacity 5877K, committed 5884K, reserved 253952K
Heap Regions: E=young(eden), S=young(survivor), O=old, HS=humongous(starts), HC=humongous(continues), CS=collection set, F=free, A=archive, TAMS=top-at-mark-start (previous, next)
|   0|0x00000000e0000000, 0x00000000e0100000, 0x00000000e0100000|100%| O|  |TAMS 0x00000000e0100000, 0x00000000e0000000| Untracked 
|   1|0x00000000e0100000, 0x00000000e0200000, 0x00000000e0200000|100%| O|  |TAMS 0x00000000e0200000, 0x00000000e0100000| Untracked 
|   2|0x00000000e0200000, 0x00000000e0300000, 0x00000000e0300000|100%|HS|  |TAMS 0x00000000e0300000, 0x00000000e0200000| Complete 
|   3|0x00000000e0300000, 0x00000000e0400000, 0x00000000e0400000|100%|HS|  |TAMS 0x00000000e0400000, 0x00000000e0300000| Complete 
|   4|0x00000000e0400000, 0x00000000e0500000, 0x00000000e0500000|100%|HC|  |TAMS 0x00000000e0500000, 0x00000000e0400000| Complete 
|   5|0x00000000e0500000, 0x00000000e0600000, 0x00000000e0600000|100%| O|  |TAMS 0x00000000e0600000, 0x00000000e0500000| Untracked 
|   6|0x00000000e0600000, 0x00000000e0700000, 0x00000000e0700000|100%| O|  |TAMS 0x00000000e0700000, 0x00000000e0600000| Untracked 
|   7|0x00000000e0700000, 0x00000000e0800000, 0x00000000e0800000|100%| O|  |TAMS 0x00000000e0800000, 0x00000000e0700000| Untracked 
|   8|0x00000000e0800000, 0x00000000e0900000, 0x00000000e0900000|100%| O|  |TAMS 0x00000000e0900000, 0x00000000e0800000| Untracked 
|   9|0x00000000e0900000, 0x00000000e0a00000, 0x00000000e0a00000|100%| O|  |TAMS 0x00000000e0a00000, 0x00000000e0900000| Untracked 
|  10|0x00000000e0a00000, 0x00000000e0b00000, 0x00000000e0b00000|100%| O|  |TAMS 0x00000000e0b00000, 0x00000000e0a00000| Untracked 
|  11|0x00000000e0b00000, 0x00000000e0c00000, 0x00000000e0c00000|100%| O|  |TAMS 0x00000000e0c00000, 0x00000000e0b00000| Untracked 
|  12|0x00000000e0c00000, 0x00000000e0d00000, 0x00000000e0d00000|100%| O|  |TAMS 0x00000000e0c13a00, 0x00000000e0c00000| Untracked 
|  13|0x00000000e0d00000, 0x00000000e0e00000, 0x00000000e0e00000|100%|HS|  |TAMS 0x00000000e0d00000, 0x00000000e0d00000| Complete 
|  14|0x00000000e0e00000, 0x00000000e0f00000, 0x00000000e0f00000|100%|HC|  |TAMS 0x00000000e0e00000, 0x00000000e0e00000| Complete 
|  15|0x00000000e0f00000, 0x00000000e1000000, 0x00000000e1000000|100%|HC|  |TAMS 0x00000000e0f00000, 0x00000000e0f00000| Complete 
|  16|0x00000000e1000000, 0x00000000e1100000, 0x00000000e1100000|100%| O|  |TAMS 0x00000000e1000000, 0x00000000e1000000| Untracked 
|  17|0x00000000e1100000, 0x00000000e1200000, 0x00000000e1200000|100%| O|  |TAMS 0x00000000e1100000, 0x00000000e1100000| Untracked 
|  18|0x00000000e1200000, 0x00000000e1300000, 0x00000000e1300000|100%| O|  |TAMS 0x00000000e1200000, 0x00000000e1200000| Untracked 
|  19|0x00000000e1300000, 0x00000000e1400000, 0x00000000e1400000|100%| O|  |TAMS 0x00000000e1300000, 0x00000000e1300000| Untracked 
|  20|0x00000000e1400000, 0x00000000e1500000, 0x00000000e1500000|100%| O|  |TAMS 0x00000000e1400000, 0x00000000e1400000| Untracked 
|  21|0x00000000e1500000, 0x00000000e1600000, 0x00000000e1600000|100%| O|  |TAMS 0x00000000e1500000, 0x00000000e1500000| Untracked 
|  22|0x00000000e1600000, 0x00000000e1700000, 0x00000000e1700000|100%| O|  |TAMS 0x00000000e1600000, 0x00000000e1600000| Untracked 
|  23|0x00000000e1700000, 0x00000000e1800000, 0x00000000e1800000|100%| O|  |TAMS 0x00000000e1700000, 0x00000000e1700000| Untracked 
|  24|0x00000000e1800000, 0x00000000e1900000, 0x00000000e1900000|100%| O|  |TAMS 0x00000000e1800000, 0x00000000e1800000| Untracked 
|  25|0x00000000e1900000, 0x00000000e1a00000, 0x00000000e1a00000|100%| O|  |TAMS 0x00000000e1900000, 0x00000000e1900000| Untracked 
|  26|0x00000000e1a00000, 0x00000000e1b00000, 0x00000000e1b00000|100%| O|  |TAMS 0x00000000e1a00000, 0x00000000e1a00000| Untracked 
|  27|0x00000000e1b00000, 0x00000000e1c00000, 0x00000000e1c00000|100%| O|  |TAMS 0x00000000e1b00000, 0x00000000e1b00000| Untracked 
|  28|0x00000000e1c00000, 0x00000000e1d00000, 0x00000000e1d00000|100%| O|  |TAMS 0x00000000e1c00000, 0x00000000e1c00000| Untracked 
|  29|0x00000000e1d00000, 0x00000000e1e00000, 0x00000000e1e00000|100%| O|  |TAMS 0x00000000e1d00000, 0x00000000e1d00000| Untracked 
|  30|0x00000000e1e00000, 0x00000000e1f00000, 0x00000000e1f00000|100%| O|  |TAMS 0x00000000e1e00000, 0x00000000e1e00000| Untracked 
|  31|0x00000000e1f00000, 0x00000000e2000000, 0x00000000e2000000|100%| O|  |TAMS 0x00000000e1f00000, 0x00000000e1f00000| Untracked 
|  32|0x00000000e2000000, 0x00000000e2100000, 0x00000000e2100000|100%| O|  |TAMS 0x00000000e2000000, 0x00000000e2000000| Untracked 
|  33|0x00000000e2100000, 0x00000000e2200000, 0x00000000e2200000|100%| O|  |TAMS 0x00000000e2100000, 0x00000000e2100000| Untracked 
|  34|0x00000000e2200000, 0x00000000e2300000, 0x00000000e2300000|100%| O|  |TAMS 0x00000000e2200000, 0x00000000e2200000| Untracked 
|  35|0x00000000e2300000, 0x00000000e2400000, 0x00000000e2400000|100%| O|  |TAMS 0x00000000e2300000, 0x00000000e2300000| Untracked 
|  36|0x00000000e2400000, 0x00000000e2500000, 0x00000000e2500000|100%| O|  |TAMS 0x00000000e2400000, 0x00000000e2400000| Untracked 
|  37|0x00000000e2500000, 0x00000000e2600000, 0x00000000e2600000|100%| O|  |TAMS 0x00000000e2500000, 0x00000000e2500000| Untracked 
|  38|0x00000000e2600000, 0x00000000e2700000, 0x00000000e2700000|100%| O|  |TAMS 0x00000000e2600000, 0x00000000e2600000| Untracked 
|  39|0x00000000e2700000, 0x00000000e2800000, 0x00000000e2800000|100%| O|  |TAMS 0x00000000e2700000, 0x00000000e2700000| Untracked 
|  40|0x00000000e2800000, 0x00000000e2900000, 0x00000000e2900000|100%| O|  |TAMS 0x00000000e2800000, 0x00000000e2800000| Untracked 
|  41|0x00000000e2900000, 0x00000000e2a00000, 0x00000000e2a00000|100%| O|  |TAMS 0x00000000e2900000, 0x00000000e2900000| Untracked 
|  42|0x00000000e2a00000, 0x00000000e2b00000, 0x00000000e2b00000|100%| O|  |TAMS 0x00000000e2a00000, 0x00000000e2a00000| Untracked 
|  43|0x00000000e2b00000, 0x00000000e2c00000, 0x00000000e2c00000|100%| O|  |TAMS 0x00000000e2b00000, 0x00000000e2b00000| Untracked 
|  44|0x00000000e2c00000, 0x00000000e2d00000, 0x00000000e2d00000|100%| O|  |TAMS 0x00000000e2c00000, 0x00000000e2c00000| Untracked 
|  45|0x00000000e2d00000, 0x00000000e2e00000, 0x00000000e2e00000|100%| O|  |TAMS 0x00000000e2d00000, 0x00000000e2d00000| Untracked 
|  46|0x00000000e2e00000, 0x00000000e2f00000, 0x00000000e2f00000|100%| O|  |TAMS 0x00000000e2e00000, 0x00000000e2e00000| Untracked 
|  47|0x00000000e2f00000, 0x00000000e3000000, 0x00000000e3000000|100%| O|  |TAMS 0x00000000e2f00000, 0x00000000e2f00000| Untracked 
|  48|0x00000000e3000000, 0x00000000e3100000, 0x00000000e3100000|100%| O|  |TAMS 0x00000000e3000000, 0x00000000e3000000| Untracked 
|  49|0x00000000e3100000, 0x00000000e3180000, 0x00000000e3200000| 50%| O|  |TAMS 0x00000000e3100000, 0x00000000e3100000| Untracked 
|  50|0x00000000e3200000, 0x00000000e3200000, 0x00000000e3300000|  0%| F|  |TAMS 0x00000000e3200000, 0x00000000e3200000| Untracked 
|  51|0x00000000e3300000, 0x00000000e3300000, 0x00000000e3400000|  0%| F|  |TAMS 0x00000000e3300000, 0x00000000e3300000| Untracked 
|  52|0x00000000e3400000, 0x00000000e3400000, 0x00000000e3500000|  0%| F|  |TAMS 0x00000000e3400000, 0x00000000e3400000| Untracked 
|  53|0x00000000e3500000, 0x00000000e3500000, 0x00000000e3600000|  0%| F|  |TAMS 0x00000000e3500000, 0x00000000e3500000| Untracked 
|  54|0x00000000e3600000, 0x00000000e3600000, 0x00000000e3700000|  0%| F|  |TAMS 0x00000000e3600000, 0x00000000e3600000| Untracked 
|  55|0x00000000e3700000, 0x00000000e3700000, 0x00000000e3800000|  0%| F|  |TAMS 0x00000000e3700000, 0x00000000e3700000| Untracked 
|  56|0x00000000e3800000, 0x00000000e3800000, 0x00000000e3900000|  0%| F|  |TAMS 0x00000000e3800000, 0x00000000e3800000| Untracked 
|  57|0x00000000e3900000, 0x00000000e3900000, 0x00000000e3a00000|  0%| F|  |TAMS 0x00000000e3900000, 0x00000000e3900000| Untracked 
|  58|0x00000000e3a00000, 0x00000000e3a00000, 0x00000000e3b00000|  0%| F|  |TAMS 0x00000000e3a00000, 0x00000000e3a00000| Untracked 
|  59|0x00000000e3b00000, 0x00000000e3b00000, 0x00000000e3c00000|  0%| F|  |TAMS 0x00000000e3b00000, 0x00000000e3b00000| Untracked 
|  60|0x00000000e3c00000, 0x00000000e3c00000, 0x00000000e3d00000|  0%| F|  |TAMS 0x00000000e3c00000, 0x00000000e3c00000| Untracked 
|  61|0x00000000e3d00000, 0x00000000e3d00000, 0x00000000e3e00000|  0%| F|  |TAMS 0x00000000e3d00000, 0x00000000e3d00000| Untracked 
|  62|0x00000000e3e00000, 0x00000000e3e00000, 0x00000000e3f00000|  0%| F|  |TAMS 0x00000000e3e00000, 0x00000000e3e00000| Untracked 
|  63|0x00000000e3f00000, 0x00000000e3f00000, 0x00000000e4000000|  0%| F|  |TAMS 0x00000000e3f00000, 0x00000000e3f00000| Untracked 
|  64|0x00000000e4000000, 0x00000000e4000000, 0x00000000e4100000|  0%| F|  |TAMS 0x00000000e4000000, 0x00000000e4000000| Untracked 
|  65|0x00000000e4100000, 0x00000000e4100000, 0x00000000e4200000|  0%| F|  |TAMS 0x00000000e4100000, 0x00000000e4100000| Untracked 
|  66|0x00000000e4200000, 0x00000000e4200000, 0x00000000e4300000|  0%| F|  |TAMS 0x00000000e4200000, 0x00000000e4200000| Untracked 
|  67|0x00000000e4300000, 0x00000000e4300000, 0x00000000e4400000|  0%| F|  |TAMS 0x00000000e4300000, 0x00000000e4300000| Untracked 
|  68|0x00000000e4400000, 0x00000000e4400000, 0x00000000e4500000|  0%| F|  |TAMS 0x00000000e4400000, 0x00000000e4400000| Untracked 
|  69|0x00000000e4500000, 0x00000000e4500000, 0x00000000e4600000|  0%| F|  |TAMS 0x00000000e4500000, 0x00000000e4500000| Untracked 
|  70|0x00000000e4600000, 0x00000000e4600000, 0x00000000e4700000|  0%| F|  |TAMS 0x00000000e4600000, 0x00000000e4600000| Untracked 
|  71|0x00000000e4700000, 0x00000000e4700000, 0x00000000e4800000|  0%| F|  |TAMS 0x00000000e4700000, 0x00000000e4700000| Untracked 
|  72|0x00000000e4800000, 0x00000000e4800000, 0x00000000e4900000|  0%| F|  |TAMS 0x00000000e4800000, 0x00000000e4800000| Untracked 
|  73|0x00000000e4900000, 0x00000000e4900000, 0x00000000e4a00000|  0%| F|  |TAMS 0x00000000e4900000, 0x00000000e4900000| Untracked 
|  74|0x00000000e4a00000, 0x00000000e4a00000, 0x00000000e4b00000|  0%| F|  |TAMS 0x00000000e4a00000, 0x00000000e4a00000| Untracked 
|  75|0x00000000e4b00000, 0x00000000e4b00000, 0x00000000e4c00000|  0%| F|  |TAMS 0x00000000e4b00000, 0x00000000e4b00000| Untracked 
|  76|0x00000000e4c00000, 0x00000000e4c00000, 0x00000000e4d00000|  0%| F|  |TAMS 0x00000000e4c00000, 0x00000000e4c00000| Untracked 
|  77|0x00000000e4d00000, 0x00000000e4d00000, 0x00000000e4e00000|  0%| F|  |TAMS 0x00000000e4d00000, 0x00000000e4d00000| Untracked 
|  78|0x00000000e4e00000, 0x00000000e4e00000, 0x00000000e4f00000|  0%| F|  |TAMS 0x00000000e4e00000, 0x00000000e4e00000| Untracked 
|  79|0x00000000e4f00000, 0x00000000e4f00000, 0x00000000e5000000|  0%| F|  |TAMS 0x00000000e4f00000, 0x00000000e4f00000| Untracked 
|  80|0x00000000e5000000, 0x00000000e5000000, 0x00000000e5100000|  0%| F|  |TAMS 0x00000000e5000000, 0x00000000e5000000| Untracked 
|  81|0x00000000e5100000, 0x00000000e5100000, 0x00000000e5200000|  0%| F|  |TAMS 0x00000000e5100000, 0x00000000e5100000| Untracked 
|  82|0x00000000e5200000, 0x00000000e5200000, 0x00000000e5300000|  0%| F|  |TAMS 0x00000000e5200000, 0x00000000e5200000| Untracked 
|  83|0x00000000e5300000, 0x00000000e5300000, 0x00000000e5400000|  0%| F|  |TAMS 0x00000000e5300000, 0x00000000e5300000| Untracked 
|  84|0x00000000e5400000, 0x00000000e5400000, 0x00000000e5500000|  0%| F|  |TAMS 0x00000000e5400000, 0x00000000e5400000| Untracked 
|  85|0x00000000e5500000, 0x00000000e5500000, 0x00000000e5600000|  0%| F|  |TAMS 0x00000000e5500000, 0x00000000e5500000| Untracked 
|  86|0x00000000e5600000, 0x00000000e5600000, 0x00000000e5700000|  0%| F|  |TAMS 0x00000000e5600000, 0x00000000e5600000| Untracked 
|  87|0x00000000e5700000, 0x00000000e5700000, 0x00000000e5800000|  0%| F|  |TAMS 0x00000000e5700000, 0x00000000e5700000| Untracked 
|  88|0x00000000e5800000, 0x00000000e5800000, 0x00000000e5900000|  0%| F|  |TAMS 0x00000000e5800000, 0x00000000e5800000| Untracked 
|  89|0x00000000e5900000, 0x00000000e5900000, 0x00000000e5a00000|  0%| F|  |TAMS 0x00000000e5900000, 0x00000000e5900000| Untracked 
|  90|0x00000000e5a00000, 0x00000000e5a00000, 0x00000000e5b00000|  0%| F|  |TAMS 0x00000000e5a00000, 0x00000000e5a00000| Untracked 
|  91|0x00000000e5b00000, 0x00000000e5b00000, 0x00000000e5c00000|  0%| F|  |TAMS 0x00000000e5b00000, 0x00000000e5b00000| Untracked 
|  92|0x00000000e5c00000, 0x00000000e5c00000, 0x00000000e5d00000|  0%| F|  |TAMS 0x00000000e5c00000, 0x00000000e5c00000| Untracked 
|  93|0x00000000e5d00000, 0x00000000e5d00000, 0x00000000e5e00000|  0%| F|  |TAMS 0x00000000e5d00000, 0x00000000e5d00000| Untracked 
|  94|0x00000000e5e00000, 0x00000000e5e00000, 0x00000000e5f00000|  0%| F|  |TAMS 0x00000000e5e00000, 0x00000000e5e00000| Untracked 
|  95|0x00000000e5f00000, 0x00000000e5f00000, 0x00000000e6000000|  0%| F|  |TAMS 0x00000000e5f00000, 0x00000000e5f00000| Untracked 
|  96|0x00000000e6000000, 0x00000000e6000000, 0x00000000e6100000|  0%| F|  |TAMS 0x00000000e6000000, 0x00000000e6000000| Untracked 
|  97|0x00000000e6100000, 0x00000000e6100000, 0x00000000e6200000|  0%| F|  |TAMS 0x00000000e6100000, 0x00000000e6100000| Untracked 
|  98|0x00000000e6200000, 0x00000000e6200000, 0x00000000e6300000|  0%| F|  |TAMS 0x00000000e6200000, 0x00000000e6200000| Untracked 
|  99|0x00000000e6300000, 0x00000000e6300000, 0x00000000e6400000|  0%| F|  |TAMS 0x00000000e6300000, 0x00000000e6300000| Untracked 
| 100|0x00000000e6400000, 0x00000000e6400000, 0x00000000e6500000|  0%| F|  |TAMS 0x00000000e6400000, 0x00000000e6400000| Untracked 
| 101|0x00000000e6500000, 0x00000000e6500000, 0x00000000e6600000|  0%| F|  |TAMS 0x00000000e6500000, 0x00000000e6500000| Untracked 
| 102|0x00000000e6600000, 0x00000000e6600000, 0x00000000e6700000|  0%| F|  |TAMS 0x00000000e6600000, 0x00000000e6600000| Untracked 
| 103|0x00000000e6700000, 0x00000000e6700000, 0x00000000e6800000|  0%| F|  |TAMS 0x00000000e6700000, 0x00000000e6700000| Untracked 
| 104|0x00000000e6800000, 0x00000000e6800000, 0x00000000e6900000|  0%| F|  |TAMS 0x00000000e6800000, 0x00000000e6800000| Untracked 
| 105|0x00000000e6900000, 0x00000000e6900000, 0x00000000e6a00000|  0%| F|  |TAMS 0x00000000e6900000, 0x00000000e6900000| Untracked 
| 106|0x00000000e6a00000, 0x00000000e6a00000, 0x00000000e6b00000|  0%| F|  |TAMS 0x00000000e6a00000, 0x00000000e6a00000| Untracked 
| 107|0x00000000e6b00000, 0x00000000e6b00000, 0x00000000e6c00000|  0%| F|  |TAMS 0x00000000e6b00000, 0x00000000e6b00000| Untracked 
| 108|0x00000000e6c00000, 0x00000000e6c00000, 0x00000000e6d00000|  0%| F|  |TAMS 0x00000000e6c00000, 0x00000000e6c00000| Untracked 
| 109|0x00000000e6d00000, 0x00000000e6d00000, 0x00000000e6e00000|  0%| F|  |TAMS 0x00000000e6d00000, 0x00000000e6d00000| Untracked 
| 110|0x00000000e6e00000, 0x00000000e6e00000, 0x00000000e6f00000|  0%| F|  |TAMS 0x00000000e6e00000, 0x00000000e6e00000| Untracked 
| 111|0x00000000e6f00000, 0x00000000e6f00000, 0x00000000e7000000|  0%| F|  |TAMS 0x00000000e6f00000, 0x00000000e6f00000| Untracked 
| 112|0x00000000e7000000, 0x00000000e7000000, 0x00000000e7100000|  0%| F|  |TAMS 0x00000000e7000000, 0x00000000e7000000| Untracked 
| 113|0x00000000e7100000, 0x00000000e7100000, 0x00000000e7200000|  0%| F|  |TAMS 0x00000000e7100000, 0x00000000e7100000| Untracked 
| 114|0x00000000e7200000, 0x00000000e7200000, 0x00000000e7300000|  0%| F|  |TAMS 0x00000000e7200000, 0x00000000e7200000| Untracked 
| 115|0x00000000e7300000, 0x00000000e7300000, 0x00000000e7400000|  0%| F|  |TAMS 0x00000000e7300000, 0x00000000e7300000| Untracked 
| 116|0x00000000e7400000, 0x00000000e7400000, 0x00000000e7500000|  0%| F|  |TAMS 0x00000000e7400000, 0x00000000e7400000| Untracked 
| 117|0x00000000e7500000, 0x00000000e7500000, 0x00000000e7600000|  0%| F|  |TAMS 0x00000000e7500000, 0x00000000e7500000| Untracked 
| 118|0x00000000e7600000, 0x00000000e7600000, 0x00000000e7700000|  0%| F|  |TAMS 0x00000000e7600000, 0x00000000e7600000| Untracked 
| 119|0x00000000e7700000, 0x00000000e7700000, 0x00000000e7800000|  0%| F|  |TAMS 0x00000000e7700000, 0x00000000e7700000| Untracked 
| 120|0x00000000e7800000, 0x00000000e7800000, 0x00000000e7900000|  0%| F|  |TAMS 0x00000000e7800000, 0x00000000e7800000| Untracked 
| 121|0x00000000e7900000, 0x00000000e7900000, 0x00000000e7a00000|  0%| F|  |TAMS 0x00000000e7900000, 0x00000000e7900000| Untracked 
| 122|0x00000000e7a00000, 0x00000000e7a00000, 0x00000000e7b00000|  0%| F|  |TAMS 0x00000000e7a00000, 0x00000000e7a00000| Untracked 
| 123|0x00000000e7b00000, 0x00000000e7b00000, 0x00000000e7c00000|  0%| F|  |TAMS 0x00000000e7b00000, 0x00000000e7b00000| Untracked 
| 124|0x00000000e7c00000, 0x00000000e7c00000, 0x00000000e7d00000|  0%| F|  |TAMS 0x00000000e7c00000, 0x00000000e7c00000| Untracked 
| 125|0x00000000e7d00000, 0x00000000e7d00000, 0x00000000e7e00000|  0%| F|  |TAMS 0x00000000e7d00000, 0x00000000e7d00000| Untracked 
| 126|0x00000000e7e00000, 0x00000000e7e00000, 0x00000000e7f00000|  0%| F|  |TAMS 0x00000000e7e00000, 0x00000000e7e00000| Untracked 
| 127|0x00000000e7f00000, 0x00000000e7f00000, 0x00000000e8000000|  0%| F|  |TAMS 0x00000000e7f00000, 0x00000000e7f00000| Untracked 
| 128|0x00000000e8000000, 0x00000000e8000000, 0x00000000e8100000|  0%| F|  |TAMS 0x00000000e8000000, 0x00000000e8000000| Untracked 
| 129|0x00000000e8100000, 0x00000000e8100000, 0x00000000e8200000|  0%| F|  |TAMS 0x00000000e8100000, 0x00000000e8100000| Untracked 
| 130|0x00000000e8200000, 0x00000000e8200000, 0x00000000e8300000|  0%| F|  |TAMS 0x00000000e8200000, 0x00000000e8200000| Untracked 
| 131|0x00000000e8300000, 0x00000000e8300000, 0x00000000e8400000|  0%| F|  |TAMS 0x00000000e8300000, 0x00000000e8300000| Untracked 
| 132|0x00000000e8400000, 0x00000000e8400000, 0x00000000e8500000|  0%| F|  |TAMS 0x00000000e8400000, 0x00000000e8400000| Untracked 
| 133|0x00000000e8500000, 0x00000000e8500000, 0x00000000e8600000|  0%| F|  |TAMS 0x00000000e8500000, 0x00000000e8500000| Untracked 
| 134|0x00000000e8600000, 0x00000000e8600000, 0x00000000e8700000|  0%| F|  |TAMS 0x00000000e8600000, 0x00000000e8600000| Untracked 
| 135|0x00000000e8700000, 0x00000000e8700000, 0x00000000e8800000|  0%| F|  |TAMS 0x00000000e8700000, 0x00000000e8700000| Untracked 
| 136|0x00000000e8800000, 0x00000000e8800000, 0x00000000e8900000|  0%| F|  |TAMS 0x00000000e8800000, 0x00000000e8800000| Untracked 
| 137|0x00000000e8900000, 0x00000000e8900000, 0x00000000e8a00000|  0%| F|  |TAMS 0x00000000e8900000, 0x00000000e8900000| Untracked 
| 138|0x00000000e8a00000, 0x00000000e8a00000, 0x00000000e8b00000|  0%| F|  |TAMS 0x00000000e8a00000, 0x00000000e8a00000| Untracked 
| 139|0x00000000e8b00000, 0x00000000e8b00000, 0x00000000e8c00000|  0%| F|  |TAMS 0x00000000e8b00000, 0x00000000e8b00000| Untracked 
| 140|0x00000000e8c00000, 0x00000000e8c00000, 0x00000000e8d00000|  0%| F|  |TAMS 0x00000000e8c00000, 0x00000000e8c00000| Untracked 
| 141|0x00000000e8d00000, 0x00000000e8d00000, 0x00000000e8e00000|  0%| F|  |TAMS 0x00000000e8d00000, 0x00000000e8d00000| Untracked 
| 142|0x00000000e8e00000, 0x00000000e8e00000, 0x00000000e8f00000|  0%| F|  |TAMS 0x00000000e8e00000, 0x00000000e8e00000| Untracked 
| 143|0x00000000e8f00000, 0x00000000e8f00000, 0x00000000e9000000|  0%| F|  |TAMS 0x00000000e8f00000, 0x00000000e8f00000| Untracked 
| 144|0x00000000e9000000, 0x00000000e9000000, 0x00000000e9100000|  0%| F|  |TAMS 0x00000000e9000000, 0x00000000e9000000| Untracked 
| 145|0x00000000e9100000, 0x00000000e9100000, 0x00000000e9200000|  0%| F|  |TAMS 0x00000000e9100000, 0x00000000e9100000| Untracked 
| 146|0x00000000e9200000, 0x00000000e9200000, 0x00000000e9300000|  0%| F|  |TAMS 0x00000000e9200000, 0x00000000e9200000| Untracked 
| 147|0x00000000e9300000, 0x00000000e9300000, 0x00000000e9400000|  0%| F|  |TAMS 0x00000000e9300000, 0x00000000e9300000| Untracked 
| 148|0x00000000e9400000, 0x00000000e9400000, 0x00000000e9500000|  0%| F|  |TAMS 0x00000000e9400000, 0x00000000e9400000| Untracked 
| 149|0x00000000e9500000, 0x00000000e9500000, 0x00000000e9600000|  0%| F|  |TAMS 0x00000000e9500000, 0x00000000e9500000| Untracked 
| 150|0x00000000e9600000, 0x00000000e9600000, 0x00000000e9700000|  0%| F|  |TAMS 0x00000000e9600000, 0x00000000e9600000| Untracked 
| 151|0x00000000e9700000, 0x00000000e9700000, 0x00000000e9800000|  0%| F|  |TAMS 0x00000000e9700000, 0x00000000e9700000| Untracked 
| 152|0x00000000e9800000, 0x00000000e9800000, 0x00000000e9900000|  0%| F|  |TAMS 0x00000000e9800000, 0x00000000e9800000| Untracked 
| 153|0x00000000e9900000, 0x00000000e9900000, 0x00000000e9a00000|  0%| F|  |TAMS 0x00000000e9900000, 0x00000000e9900000| Untracked 
| 154|0x00000000e9a00000, 0x00000000e9a00000, 0x00000000e9b00000|  0%| F|  |TAMS 0x00000000e9a00000, 0x00000000e9a00000| Untracked 
| 155|0x00000000e9b00000, 0x00000000e9b00000, 0x00000000e9c00000|  0%| F|  |TAMS 0x00000000e9b00000, 0x00000000e9b00000| Untracked 
| 156|0x00000000e9c00000, 0x00000000e9c00000, 0x00000000e9d00000|  0%| F|  |TAMS 0x00000000e9c00000, 0x00000000e9c00000| Untracked 
| 157|0x00000000e9d00000, 0x00000000e9d00000, 0x00000000e9e00000|  0%| F|  |TAMS 0x00000000e9d00000, 0x00000000e9d00000| Untracked 
| 158|0x00000000e9e00000, 0x00000000e9e00000, 0x00000000e9f00000|  0%| F|  |TAMS 0x00000000e9e00000, 0x00000000e9e00000| Untracked 
| 159|0x00000000e9f00000, 0x00000000e9f00000, 0x00000000ea000000|  0%| F|  |TAMS 0x00000000e9f00000, 0x00000000e9f00000| Untracked 
| 160|0x00000000ea000000, 0x00000000ea000000, 0x00000000ea100000|  0%| F|  |TAMS 0x00000000ea000000, 0x00000000ea000000| Untracked 
| 161|0x00000000ea100000, 0x00000000ea100000, 0x00000000ea200000|  0%| F|  |TAMS 0x00000000ea100000, 0x00000000ea100000| Untracked 
| 162|0x00000000ea200000, 0x00000000ea200000, 0x00000000ea300000|  0%| F|  |TAMS 0x00000000ea200000, 0x00000000ea200000| Untracked 
| 163|0x00000000ea300000, 0x00000000ea300000, 0x00000000ea400000|  0%| F|  |TAMS 0x00000000ea300000, 0x00000000ea300000| Untracked 
| 164|0x00000000ea400000, 0x00000000ea400000, 0x00000000ea500000|  0%| F|  |TAMS 0x00000000ea400000, 0x00000000ea400000| Untracked 
| 165|0x00000000ea500000, 0x00000000ea500000, 0x00000000ea600000|  0%| F|  |TAMS 0x00000000ea500000, 0x00000000ea500000| Untracked 
| 166|0x00000000ea600000, 0x00000000ea600000, 0x00000000ea700000|  0%| F|  |TAMS 0x00000000ea600000, 0x00000000ea600000| Untracked 
| 167|0x00000000ea700000, 0x00000000ea700000, 0x00000000ea800000|  0%| F|  |TAMS 0x00000000ea700000, 0x00000000ea700000| Untracked 
| 168|0x00000000ea800000, 0x00000000ea800000, 0x00000000ea900000|  0%| F|  |TAMS 0x00000000ea800000, 0x00000000ea800000| Untracked 
| 169|0x00000000ea900000, 0x00000000ea900000, 0x00000000eaa00000|  0%| F|  |TAMS 0x00000000ea900000, 0x00000000ea900000| Untracked 
| 170|0x00000000eaa00000, 0x00000000eaa00000, 0x00000000eab00000|  0%| F|  |TAMS 0x00000000eaa00000, 0x00000000eaa00000| Untracked 
| 171|0x00000000eab00000, 0x00000000eab00000, 0x00000000eac00000|  0%| F|  |TAMS 0x00000000eab00000, 0x00000000eab00000| Untracked 
| 172|0x00000000eac00000, 0x00000000eac00000, 0x00000000ead00000|  0%| F|  |TAMS 0x00000000eac00000, 0x00000000eac00000| Untracked 
| 173|0x00000000ead00000, 0x00000000ead00000, 0x00000000eae00000|  0%| F|  |TAMS 0x00000000ead00000, 0x00000000ead00000| Untracked 
| 174|0x00000000eae00000, 0x00000000eae00000, 0x00000000eaf00000|  0%| F|  |TAMS 0x00000000eae00000, 0x00000000eae00000| Untracked 
| 175|0x00000000eaf00000, 0x00000000eaf00000, 0x00000000eb000000|  0%| F|  |TAMS 0x00000000eaf00000, 0x00000000eaf00000| Untracked 
| 176|0x00000000eb000000, 0x00000000eb000000, 0x00000000eb100000|  0%| F|  |TAMS 0x00000000eb000000, 0x00000000eb000000| Untracked 
| 177|0x00000000eb100000, 0x00000000eb100000, 0x00000000eb200000|  0%| F|  |TAMS 0x00000000eb100000, 0x00000000eb100000| Untracked 
| 178|0x00000000eb200000, 0x00000000eb200000, 0x00000000eb300000|  0%| F|  |TAMS 0x00000000eb200000, 0x00000000eb200000| Untracked 
| 179|0x00000000eb300000, 0x00000000eb300000, 0x00000000eb400000|  0%| F|  |TAMS 0x00000000eb300000, 0x00000000eb300000| Untracked 
| 180|0x00000000eb400000, 0x00000000eb400000, 0x00000000eb500000|  0%| F|  |TAMS 0x00000000eb400000, 0x00000000eb400000| Untracked 
| 181|0x00000000eb500000, 0x00000000eb500000, 0x00000000eb600000|  0%| F|  |TAMS 0x00000000eb500000, 0x00000000eb500000| Untracked 
| 182|0x00000000eb600000, 0x00000000eb600000, 0x00000000eb700000|  0%| F|  |TAMS 0x00000000eb600000, 0x00000000eb600000| Untracked 
| 183|0x00000000eb700000, 0x00000000eb700000, 0x00000000eb800000|  0%| F|  |TAMS 0x00000000eb700000, 0x00000000eb700000| Untracked 
| 184|0x00000000eb800000, 0x00000000eb800000, 0x00000000eb900000|  0%| F|  |TAMS 0x00000000eb800000, 0x00000000eb800000| Untracked 
| 185|0x00000000eb900000, 0x00000000eb900000, 0x00000000eba00000|  0%| F|  |TAMS 0x00000000eb900000, 0x00000000eb900000| Untracked 
| 186|0x00000000eba00000, 0x00000000eba00000, 0x00000000ebb00000|  0%| F|  |TAMS 0x00000000eba00000, 0x00000000eba00000| Untracked 
| 187|0x00000000ebb00000, 0x00000000ebb00000, 0x00000000ebc00000|  0%| F|  |TAMS 0x00000000ebb00000, 0x00000000ebb00000| Untracked 
| 188|0x00000000ebc00000, 0x00000000ebc00000, 0x00000000ebd00000|  0%| F|  |TAMS 0x00000000ebc00000, 0x00000000ebc00000| Untracked 
| 189|0x00000000ebd00000, 0x00000000ebd00000, 0x00000000ebe00000|  0%| F|  |TAMS 0x00000000ebd00000, 0x00000000ebd00000| Untracked 
| 190|0x00000000ebe00000, 0x00000000ebe00000, 0x00000000ebf00000|  0%| F|  |TAMS 0x00000000ebe00000, 0x00000000ebe00000| Untracked 
| 191|0x00000000ebf00000, 0x00000000ebf00000, 0x00000000ec000000|  0%| F|  |TAMS 0x00000000ebf00000, 0x00000000ebf00000| Untracked 
| 192|0x00000000ec000000, 0x00000000ec000000, 0x00000000ec100000|  0%| F|  |TAMS 0x00000000ec000000, 0x00000000ec000000| Untracked 
| 193|0x00000000ec100000, 0x00000000ec100000, 0x00000000ec200000|  0%| F|  |TAMS 0x00000000ec100000, 0x00000000ec100000| Untracked 
| 194|0x00000000ec200000, 0x00000000ec200000, 0x00000000ec300000|  0%| F|  |TAMS 0x00000000ec200000, 0x00000000ec200000| Untracked 
| 195|0x00000000ec300000, 0x00000000ec300000, 0x00000000ec400000|  0%| F|  |TAMS 0x00000000ec300000, 0x00000000ec300000| Untracked 
| 196|0x00000000ec400000, 0x00000000ec400000, 0x00000000ec500000|  0%| F|  |TAMS 0x00000000ec400000, 0x00000000ec400000| Untracked 
| 197|0x00000000ec500000, 0x00000000ec500000, 0x00000000ec600000|  0%| F|  |TAMS 0x00000000ec500000, 0x00000000ec500000| Untracked 
| 198|0x00000000ec600000, 0x00000000ec600000, 0x00000000ec700000|  0%| F|  |TAMS 0x00000000ec600000, 0x00000000ec600000| Untracked 
| 199|0x00000000ec700000, 0x00000000ec700000, 0x00000000ec800000|  0%| F|  |TAMS 0x00000000ec700000, 0x00000000ec700000| Untracked 
| 200|0x00000000ec800000, 0x00000000ec800000, 0x00000000ec900000|  0%| F|  |TAMS 0x00000000ec800000, 0x00000000ec800000| Untracked 
| 201|0x00000000ec900000, 0x00000000ec900000, 0x00000000eca00000|  0%| F|  |TAMS 0x00000000ec900000, 0x00000000ec900000| Untracked 
| 202|0x00000000eca00000, 0x00000000eca00000, 0x00000000ecb00000|  0%| F|  |TAMS 0x00000000eca00000, 0x00000000eca00000| Untracked 
| 203|0x00000000ecb00000, 0x00000000ecb00000, 0x00000000ecc00000|  0%| F|  |TAMS 0x00000000ecb00000, 0x00000000ecb00000| Untracked 
| 204|0x00000000ecc00000, 0x00000000ecc00000, 0x00000000ecd00000|  0%| F|  |TAMS 0x00000000ecc00000, 0x00000000ecc00000| Untracked 
| 205|0x00000000ecd00000, 0x00000000ecd00000, 0x00000000ece00000|  0%| F|  |TAMS 0x00000000ecd00000, 0x00000000ecd00000| Untracked 
| 206|0x00000000ece00000, 0x00000000ece00000, 0x00000000ecf00000|  0%| F|  |TAMS 0x00000000ece00000, 0x00000000ece00000| Untracked 
| 207|0x00000000ecf00000, 0x00000000ecf00000, 0x00000000ed000000|  0%| F|  |TAMS 0x00000000ecf00000, 0x00000000ecf00000| Untracked 
| 208|0x00000000ed000000, 0x00000000ed000000, 0x00000000ed100000|  0%| F|  |TAMS 0x00000000ed000000, 0x00000000ed000000| Untracked 
| 209|0x00000000ed100000, 0x00000000ed100000, 0x00000000ed200000|  0%| F|  |TAMS 0x00000000ed100000, 0x00000000ed100000| Untracked 
| 210|0x00000000ed200000, 0x00000000ed200000, 0x00000000ed300000|  0%| F|  |TAMS 0x00000000ed200000, 0x00000000ed200000| Untracked 
| 211|0x00000000ed300000, 0x00000000ed300000, 0x00000000ed400000|  0%| F|  |TAMS 0x00000000ed300000, 0x00000000ed300000| Untracked 
| 212|0x00000000ed400000, 0x00000000ed400000, 0x00000000ed500000|  0%| F|  |TAMS 0x00000000ed400000, 0x00000000ed400000| Untracked 
| 213|0x00000000ed500000, 0x00000000ed500000, 0x00000000ed600000|  0%| F|  |TAMS 0x00000000ed500000, 0x00000000ed500000| Untracked 
| 214|0x00000000ed600000, 0x00000000ed600000, 0x00000000ed700000|  0%| F|  |TAMS 0x00000000ed600000, 0x00000000ed600000| Untracked 
| 215|0x00000000ed700000, 0x00000000ed700000, 0x00000000ed800000|  0%| F|  |TAMS 0x00000000ed700000, 0x00000000ed700000| Untracked 
| 216|0x00000000ed800000, 0x00000000ed800000, 0x00000000ed900000|  0%| F|  |TAMS 0x00000000ed800000, 0x00000000ed800000| Untracked 
| 217|0x00000000ed900000, 0x00000000ed900000, 0x00000000eda00000|  0%| F|  |TAMS 0x00000000ed900000, 0x00000000ed900000| Untracked 
| 218|0x00000000eda00000, 0x00000000eda00000, 0x00000000edb00000|  0%| F|  |TAMS 0x00000000eda00000, 0x00000000eda00000| Untracked 
| 219|0x00000000edb00000, 0x00000000edb00000, 0x00000000edc00000|  0%| F|  |TAMS 0x00000000edb00000, 0x00000000edb00000| Untracked 
| 220|0x00000000edc00000, 0x00000000edc00000, 0x00000000edd00000|  0%| F|  |TAMS 0x00000000edc00000, 0x00000000edc00000| Untracked 
| 221|0x00000000edd00000, 0x00000000edd00000, 0x00000000ede00000|  0%| F|  |TAMS 0x00000000edd00000, 0x00000000edd00000| Untracked 
| 222|0x00000000ede00000, 0x00000000ede00000, 0x00000000edf00000|  0%| F|  |TAMS 0x00000000ede00000, 0x00000000ede00000| Untracked 
| 223|0x00000000edf00000, 0x00000000edf00000, 0x00000000ee000000|  0%| F|  |TAMS 0x00000000edf00000, 0x00000000edf00000| Untracked 
| 224|0x00000000ee000000, 0x00000000ee000000, 0x00000000ee100000|  0%| F|  |TAMS 0x00000000ee000000, 0x00000000ee000000| Untracked 
| 225|0x00000000ee100000, 0x00000000ee100000, 0x00000000ee200000|  0%| F|  |TAMS 0x00000000ee100000, 0x00000000ee100000| Untracked 
| 226|0x00000000ee200000, 0x00000000ee200000, 0x00000000ee300000|  0%| F|  |TAMS 0x00000000ee200000, 0x00000000ee200000| Untracked 
| 227|0x00000000ee300000, 0x00000000ee300000, 0x00000000ee400000|  0%| F|  |TAMS 0x00000000ee300000, 0x00000000ee300000| Untracked 
| 228|0x00000000ee400000, 0x00000000ee400000, 0x00000000ee500000|  0%| F|  |TAMS 0x00000000ee400000, 0x00000000ee400000| Untracked 
| 229|0x00000000ee500000, 0x00000000ee500000, 0x00000000ee600000|  0%| F|  |TAMS 0x00000000ee500000, 0x00000000ee500000| Untracked 
| 230|0x00000000ee600000, 0x00000000ee600000, 0x00000000ee700000|  0%| F|  |TAMS 0x00000000ee600000, 0x00000000ee600000| Untracked 
| 231|0x00000000ee700000, 0x00000000ee700000, 0x00000000ee800000|  0%| F|  |TAMS 0x00000000ee700000, 0x00000000ee700000| Untracked 
| 232|0x00000000ee800000, 0x00000000ee800000, 0x00000000ee900000|  0%| F|  |TAMS 0x00000000ee800000, 0x00000000ee800000| Untracked 
| 233|0x00000000ee900000, 0x00000000ee900000, 0x00000000eea00000|  0%| F|  |TAMS 0x00000000ee900000, 0x00000000ee900000| Untracked 
| 234|0x00000000eea00000, 0x00000000eea00000, 0x00000000eeb00000|  0%| F|  |TAMS 0x00000000eea00000, 0x00000000eea00000| Untracked 
| 235|0x00000000eeb00000, 0x00000000eeb00000, 0x00000000eec00000|  0%| F|  |TAMS 0x00000000eeb00000, 0x00000000eeb00000| Untracked 
| 236|0x00000000eec00000, 0x00000000eec00000, 0x00000000eed00000|  0%| F|  |TAMS 0x00000000eec00000, 0x00000000eec00000| Untracked 
| 237|0x00000000eed00000, 0x00000000eed00000, 0x00000000eee00000|  0%| F|  |TAMS 0x00000000eed00000, 0x00000000eed00000| Untracked 
| 238|0x00000000eee00000, 0x00000000eee00000, 0x00000000eef00000|  0%| F|  |TAMS 0x00000000eee00000, 0x00000000eee00000| Untracked 
| 239|0x00000000eef00000, 0x00000000eef00000, 0x00000000ef000000|  0%| F|  |TAMS 0x00000000eef00000, 0x00000000eef00000| Untracked 
| 240|0x00000000ef000000, 0x00000000ef000000, 0x00000000ef100000|  0%| F|  |TAMS 0x00000000ef000000, 0x00000000ef000000| Untracked 
| 241|0x00000000ef100000, 0x00000000ef100000, 0x00000000ef200000|  0%| F|  |TAMS 0x00000000ef100000, 0x00000000ef100000| Untracked 
| 242|0x00000000ef200000, 0x00000000ef200000, 0x00000000ef300000|  0%| F|  |TAMS 0x00000000ef200000, 0x00000000ef200000| Untracked 
| 243|0x00000000ef300000, 0x00000000ef300000, 0x00000000ef400000|  0%| F|  |TAMS 0x00000000ef300000, 0x00000000ef300000| Untracked 
| 244|0x00000000ef400000, 0x00000000ef400000, 0x00000000ef500000|  0%| F|  |TAMS 0x00000000ef400000, 0x00000000ef400000| Untracked 
| 245|0x00000000ef500000, 0x00000000ef500000, 0x00000000ef600000|  0%| F|  |TAMS 0x00000000ef500000, 0x00000000ef500000| Untracked 
| 246|0x00000000ef600000, 0x00000000ef600000, 0x00000000ef700000|  0%| F|  |TAMS 0x00000000ef600000, 0x00000000ef600000| Untracked 
| 247|0x00000000ef700000, 0x00000000ef700000, 0x00000000ef800000|  0%| F|  |TAMS 0x00000000ef700000, 0x00000000ef700000| Untracked 
| 248|0x00000000ef800000, 0x00000000ef800000, 0x00000000ef900000|  0%| F|  |TAMS 0x00000000ef800000, 0x00000000ef800000| Untracked 
| 249|0x00000000ef900000, 0x00000000ef900000, 0x00000000efa00000|  0%| F|  |TAMS 0x00000000ef900000, 0x00000000ef900000| Untracked 
| 250|0x00000000efa00000, 0x00000000efa00000, 0x00000000efb00000|  0%| F|  |TAMS 0x00000000efa00000, 0x00000000efa00000| Untracked 
| 251|0x00000000efb00000, 0x00000000efc00000, 0x00000000efc00000|100%| E|  |TAMS 0x00000000efb00000, 0x00000000efb00000| Complete 
| 252|0x00000000efc00000, 0x00000000efd00000, 0x00000000efd00000|100%| E|CS|TAMS 0x00000000efc00000, 0x00000000efc00000| Complete 
| 253|0x00000000efd00000, 0x00000000efe00000, 0x00000000efe00000|100%| E|CS|TAMS 0x00000000efd00000, 0x00000000efd00000| Complete 
| 254|0x00000000efe00000, 0x00000000eff00000, 0x00000000eff00000|100%| S|CS|TAMS 0x00000000efe00000, 0x00000000efe00000| Complete 
| 255|0x00000000eff00000, 0x00000000f0000000, 0x00000000f0000000|100%| E|CS|TAMS 0x00000000eff00000, 0x00000000eff00000| Complete 

Card table byte_map: [0x000001fa29e10000,0x000001fa29f10000] _byte_map_base: 0x000001fa29710000

Marking Bits (Prev, Next): (CMBitMap*) 0x000001fa2a051c48, (CMBitMap*) 0x000001fa2a051c88
 Prev Bits: [0x000001fa415f0000, 0x000001fa41df0000)
 Next Bits: [0x000001fa41df0000, 0x000001fa425f0000)

Polling page: 0x000001fa27eb0000

Metaspace:

Usage:
  Non-class:     35.59 MB capacity,    34.84 MB ( 98%) used,   683.17 KB (  2%) free+waste,    83.31 KB ( <1%) overhead. 
      Class:      5.74 MB capacity,     5.41 MB ( 94%) used,   293.84 KB (  5%) free+waste,    39.69 KB ( <1%) overhead. 
       Both:     41.33 MB capacity,    40.25 MB ( 97%) used,   977.02 KB (  2%) free+waste,   123.00 KB ( <1%) overhead. 

Virtual space:
  Non-class space:       36.00 MB reserved,      35.75 MB (>99%) committed 
      Class space:      248.00 MB reserved,       5.75 MB (  2%) committed 
             Both:      284.00 MB reserved,      41.50 MB ( 15%) committed 

Chunk freelists:
   Non-Class:  38.00 KB
       Class:  0 bytes
        Both:  38.00 KB

MaxMetaspaceSize: 256.00 MB
CompressedClassSpaceSize: 248.00 MB

CodeHeap 'non-profiled nmethods': size=120064Kb used=3293Kb max_used=3293Kb free=116770Kb
 bounds [0x000001fa39fb0000, 0x000001fa3a2f0000, 0x000001fa414f0000]
CodeHeap 'profiled nmethods': size=120000Kb used=13142Kb max_used=13142Kb free=106858Kb
 bounds [0x000001fa32a80000, 0x000001fa33760000, 0x000001fa39fb0000]
CodeHeap 'non-nmethods': size=5696Kb used=2334Kb max_used=2392Kb free=3361Kb
 bounds [0x000001fa324f0000, 0x000001fa32760000, 0x000001fa32a80000]
 total_blobs=8319 nmethods=5551 adapters=719
 compilation: enabled
              stopped_count=0, restarted_count=0
 full_count=0

Compilation events (20 events):
Event: 54.278 Thread 0x000001fa44a01000 nmethod 5824 0x000001fa33751810 code [0x000001fa337519a0, 0x000001fa33751af8]
Event: 54.278 Thread 0x000001fa44a01000 5825       3       java.nio.ByteBuffer::order (48 bytes)
Event: 54.279 Thread 0x000001fa44a01000 nmethod 5825 0x000001fa33751b90 code [0x000001fa33751d40, 0x000001fa33751ff8]
Event: 54.280 Thread 0x000001fa44a01000 5826       1       org.jetbrains.kotlin.gradle.tasks.KotlinCompileTaskData::getDestinationDir (5 bytes)
Event: 54.280 Thread 0x000001fa44a01000 nmethod 5826 0x000001fa3a2e6b90 code [0x000001fa3a2e6d20, 0x000001fa3a2e6e58]
Event: 54.280 Thread 0x000001fa44a01000 5827       3       org.gradle.api.internal.plugins.DefaultPluginManager::withPlugin (22 bytes)
Event: 54.281 Thread 0x000001fa44a01000 nmethod 5827 0x000001fa33752090 code [0x000001fa33752260, 0x000001fa33752760]
Event: 54.282 Thread 0x000001fa44a01000 5828       3       com.google.common.collect.ImmutableMap::copyOf (38 bytes)
Event: 54.282 Thread 0x000001fa44a01000 nmethod 5828 0x000001fa33752910 code [0x000001fa33752b00, 0x000001fa33753210]
Event: 54.282 Thread 0x000001fa44a01000 5829       3       org.gradle.api.internal.tasks.DefaultSourceSet_Decorated::getImplementationConfigurationName (37 bytes)
Event: 54.284 Thread 0x000001fa44a01000 nmethod 5829 0x000001fa33753390 code [0x000001fa337536a0, 0x000001fa337545f0]
Event: 54.284 Thread 0x000001fa44a01000 5830       3       org.gradle.api.internal.tasks.DefaultSourceSet_Decorated::getRuntimeOnlyConfigurationName (38 bytes)
Event: 54.286 Thread 0x000001fa44a01000 nmethod 5830 0x000001fa33754b10 code [0x000001fa33754e20, 0x000001fa33755d70]
Event: 54.288 Thread 0x000001fa44a01000 5831       1       org.gradle.api.tasks.AbstractCopyTask::getMainSpec (5 bytes)
Event: 54.288 Thread 0x000001fa44a01000 nmethod 5831 0x000001fa3a2e6f10 code [0x000001fa3a2e70a0, 0x000001fa3a2e71d8]
Event: 54.289 Thread 0x000001fa44a01000 5832       1       org.gradle.api.internal.tasks.DefaultTaskOutputs::access$200 (5 bytes)
Event: 54.289 Thread 0x000001fa44a01000 nmethod 5832 0x000001fa3a2e7290 code [0x000001fa3a2e7420, 0x000001fa3a2e7518]
Event: 54.289 Thread 0x000001fa44a01000 5833       3       org.gradle.api.internal.file.copy.SingleParentCopySpec::<init> (12 bytes)
Event: 54.289 Thread 0x000001fa44a01000 nmethod 5833 0x000001fa33756290 code [0x000001fa33756440, 0x000001fa33756670]
Event: 54.289 Thread 0x000001fa44a01000 5834       3       org.gradle.api.tasks.AbstractCopyTask$1::childSpecAdded (416 bytes)

GC Heap History (20 events):
Event: 2.738 GC heap before
{Heap before GC invocations=1 (full 0):
 garbage-first heap   total 262144K, used 16169K [0x00000000e0000000, 0x0000000100000000)
  region size 1024K, 12 young (12288K), 2 survivors (2048K)
 Metaspace       used 3788K, capacity 6569K, committed 6656K, reserved 262144K
  class space    used 493K, capacity 763K, committed 768K, reserved 253952K
}
Event: 2.745 GC heap after
{Heap after GC invocations=2 (full 0):
 garbage-first heap   total 262144K, used 7726K [0x00000000e0000000, 0x0000000100000000)
  region size 1024K, 1 young (1024K), 1 survivors (1024K)
 Metaspace       used 3788K, capacity 6569K, committed 6656K, reserved 262144K
  class space    used 493K, capacity 763K, committed 768K, reserved 253952K
}
Event: 3.653 GC heap before
{Heap before GC invocations=2 (full 0):
 garbage-first heap   total 262144K, used 21038K [0x00000000e0000000, 0x0000000100000000)
  region size 1024K, 14 young (14336K), 1 survivors (1024K)
 Metaspace       used 3901K, capacity 6570K, committed 6656K, reserved 262144K
  class space    used 493K, capacity 763K, committed 768K, reserved 253952K
}
Event: 3.657 GC heap after
{Heap after GC invocations=3 (full 0):
 garbage-first heap   total 262144K, used 7915K [0x00000000e0000000, 0x0000000100000000)
  region size 1024K, 1 young (1024K), 1 survivors (1024K)
 Metaspace       used 3901K, capacity 6570K, committed 6656K, reserved 262144K
  class space    used 493K, capacity 763K, committed 768K, reserved 253952K
}
Event: 4.516 GC heap before
{Heap before GC invocations=3 (full 0):
 garbage-first heap   total 262144K, used 24299K [0x00000000e0000000, 0x0000000100000000)
  region size 1024K, 18 young (18432K), 1 survivors (1024K)
 Metaspace       used 4722K, capacity 7237K, committed 7424K, reserved 262144K
  class space    used 635K, capacity 900K, committed 1024K, reserved 253952K
}
Event: 4.526 GC heap after
{Heap after GC invocations=4 (full 0):
 garbage-first heap   total 262144K, used 12311K [0x00000000e0000000, 0x0000000100000000)
  region size 1024K, 3 young (3072K), 3 survivors (3072K)
 Metaspace       used 4722K, capacity 7237K, committed 7424K, reserved 262144K
  class space    used 635K, capacity 900K, committed 1024K, reserved 253952K
}
Event: 14.763 GC heap before
{Heap before GC invocations=4 (full 0):
 garbage-first heap   total 262144K, used 34839K [0x00000000e0000000, 0x0000000100000000)
  region size 1024K, 25 young (25600K), 3 survivors (3072K)
 Metaspace       used 9635K, capacity 9960K, committed 10240K, reserved 264192K
  class space    used 1376K, capacity 1481K, committed 1536K, reserved 253952K
}
Event: 14.783 GC heap after
{Heap after GC invocations=5 (full 0):
 garbage-first heap   total 262144K, used 14316K [0x00000000e0000000, 0x0000000100000000)
  region size 1024K, 2 young (2048K), 2 survivors (2048K)
 Metaspace       used 9635K, capacity 9960K, committed 10240K, reserved 264192K
  class space    used 1376K, capacity 1481K, committed 1536K, reserved 253952K
}
Event: 17.000 GC heap before
{Heap before GC invocations=5 (full 0):
 garbage-first heap   total 262144K, used 44012K [0x00000000e0000000, 0x0000000100000000)
  region size 1024K, 31 young (31744K), 2 survivors (2048K)
 Metaspace       used 13756K, capacity 14128K, committed 14208K, reserved 266240K
  class space    used 2025K, capacity 2171K, committed 2176K, reserved 253952K
}
Event: 17.013 GC heap after
{Heap after GC invocations=6 (full 0):
 garbage-first heap   total 262144K, used 15615K [0x00000000e0000000, 0x0000000100000000)
  region size 1024K, 4 young (4096K), 4 survivors (4096K)
 Metaspace       used 13756K, capacity 14128K, committed 14208K, reserved 266240K
  class space    used 2025K, capacity 2171K, committed 2176K, reserved 253952K
}
Event: 19.995 GC heap before
{Heap before GC invocations=6 (full 0):
 garbage-first heap   total 262144K, used 48383K [0x00000000e0000000, 0x0000000100000000)
  region size 1024K, 38 young (38912K), 4 survivors (4096K)
 Metaspace       used 20746K, capacity 21174K, committed 21248K, reserved 272384K
  class space    used 2847K, capacity 3048K, committed 3072K, reserved 253952K
}
Event: 20.017 GC heap after
{Heap after GC invocations=7 (full 0):
 garbage-first heap   total 262144K, used 18034K [0x00000000e0000000, 0x0000000100000000)
  region size 1024K, 6 young (6144K), 6 survivors (6144K)
 Metaspace       used 20746K, capacity 21174K, committed 21248K, reserved 272384K
  class space    used 2847K, capacity 3048K, committed 3072K, reserved 253952K
}
Event: 35.354 GC heap before
{Heap before GC invocations=8 (full 0):
 garbage-first heap   total 262144K, used 105074K [0x00000000e0000000, 0x0000000100000000)
  region size 1024K, 89 young (91136K), 6 survivors (6144K)
 Metaspace       used 28120K, capacity 28749K, committed 28924K, reserved 280576K
  class space    used 3757K, capacity 3937K, committed 4092K, reserved 253952K
}
Event: 35.430 GC heap after
{Heap after GC invocations=9 (full 0):
 garbage-first heap   total 262144K, used 27193K [0x00000000e0000000, 0x0000000100000000)
  region size 1024K, 12 young (12288K), 12 survivors (12288K)
 Metaspace       used 28120K, capacity 28749K, committed 28924K, reserved 280576K
  class space    used 3757K, capacity 3937K, committed 4092K, reserved 253952K
}
Event: 43.834 GC heap before
{Heap before GC invocations=10 (full 0):
 garbage-first heap   total 262144K, used 112185K [0x00000000e0000000, 0x0000000100000000)
  region size 1024K, 92 young (94208K), 12 survivors (12288K)
 Metaspace       used 36353K, capacity 37185K, committed 37372K, reserved 286720K
  class space    used 4982K, capacity 5229K, committed 5372K, reserved 253952K
}
Event: 43.894 GC heap after
{Heap after GC invocations=11 (full 0):
 garbage-first heap   total 262144K, used 36564K [0x00000000e0000000, 0x0000000100000000)
  region size 1024K, 6 young (6144K), 6 survivors (6144K)
 Metaspace       used 36353K, capacity 37185K, committed 37372K, reserved 286720K
  class space    used 4982K, capacity 5229K, committed 5372K, reserved 253952K
}
Event: 53.463 GC heap before
{Heap before GC invocations=11 (full 0):
 garbage-first heap   total 262144K, used 128724K [0x00000000e0000000, 0x0000000100000000)
  region size 1024K, 96 young (98304K), 6 survivors (6144K)
 Metaspace       used 41158K, capacity 42249K, committed 42492K, reserved 290816K
  class space    used 5542K, capacity 5876K, committed 5884K, reserved 253952K
}
Event: 53.544 GC heap after
{Heap after GC invocations=12 (full 0):
 garbage-first heap   total 262144K, used 50688K [0x00000000e0000000, 0x0000000100000000)
  region size 1024K, 12 young (12288K), 12 survivors (12288K)
 Metaspace       used 41158K, capacity 42249K, committed 42492K, reserved 290816K
  class space    used 5542K, capacity 5876K, committed 5884K, reserved 253952K
}
Event: 53.598 GC heap before
{Heap before GC invocations=12 (full 0):
 garbage-first heap   total 262144K, used 51712K [0x00000000e0000000, 0x0000000100000000)
  region size 1024K, 13 young (13312K), 12 survivors (12288K)
 Metaspace       used 41168K, capacity 42249K, committed 42492K, reserved 290816K
  class space    used 5542K, capacity 5876K, committed 5884K, reserved 253952K
}
Event: 53.666 GC heap after
{Heap after GC invocations=13 (full 0):
 garbage-first heap   total 262144K, used 51712K [0x00000000e0000000, 0x0000000100000000)
  region size 1024K, 1 young (1024K), 1 survivors (1024K)
 Metaspace       used 41168K, capacity 42249K, committed 42492K, reserved 290816K
  class space    used 5542K, capacity 5876K, committed 5884K, reserved 253952K
}

Deoptimization events (20 events):
Event: 49.150 Thread 0x000001fa45727800 Uncommon trap: trap_request=0xffffffde fr.pc=0x000001fa3a1312f8 relative=0x0000000000000258
Event: 49.150 Thread 0x000001fa45727800 Uncommon trap: reason=class_check action=maybe_recompile pc=0x000001fa3a1312f8 method=java.util.HashSet.clear()V @ 4 c2
Event: 49.150 Thread 0x000001fa45727800 DEOPT PACKING pc=0x000001fa3a1312f8 sp=0x00000078a2bf75a0
Event: 49.150 Thread 0x000001fa45727800 DEOPT UNPACKING pc=0x000001fa32539429 sp=0x00000078a2bf7560 mode 2
Event: 49.459 Thread 0x000001fa45727800 Uncommon trap: trap_request=0xffffffde fr.pc=0x000001fa3a1312f8 relative=0x0000000000000258
Event: 49.459 Thread 0x000001fa45727800 Uncommon trap: reason=class_check action=maybe_recompile pc=0x000001fa3a1312f8 method=java.util.HashSet.clear()V @ 4 c2
Event: 49.459 Thread 0x000001fa45727800 DEOPT PACKING pc=0x000001fa3a1312f8 sp=0x00000078a2bf7540
Event: 49.459 Thread 0x000001fa45727800 DEOPT UNPACKING pc=0x000001fa32539429 sp=0x00000078a2bf7500 mode 2
Event: 50.385 Thread 0x000001fa45727800 DEOPT PACKING pc=0x000001fa334b8524 sp=0x00000078a2bf6720
Event: 50.385 Thread 0x000001fa45727800 DEOPT UNPACKING pc=0x000001fa3253993f sp=0x00000078a2bf5c40 mode 0
Event: 50.955 Thread 0x000001fa45727800 Uncommon trap: trap_request=0xffffffcc fr.pc=0x000001fa3a2ab04c relative=0x00000000000002ac
Event: 50.955 Thread 0x000001fa45727800 Uncommon trap: reason=intrinsic_or_type_checked_inlining action=make_not_entrant pc=0x000001fa3a2ab04c method=java.util.Arrays.copyOf([Ljava/lang/Object;ILjava/lang/Class;)[Ljava/lang/Object; @ 35 c2
Event: 50.955 Thread 0x000001fa45727800 DEOPT PACKING pc=0x000001fa3a2ab04c sp=0x00000078a2bf7450
Event: 50.955 Thread 0x000001fa45727800 DEOPT UNPACKING pc=0x000001fa32539429 sp=0x00000078a2bf73e0 mode 2
Event: 52.166 Thread 0x000001fa45727800 Uncommon trap: trap_request=0xffffffdc fr.pc=0x000001fa3a2c0f38 relative=0x0000000000000298
Event: 52.166 Thread 0x000001fa45727800 Uncommon trap: reason=class_check action=make_not_entrant pc=0x000001fa3a2c0f38 method=java.util.ArrayList.toArray([Ljava/lang/Object;)[Ljava/lang/Object; @ 21 c2
Event: 52.166 Thread 0x000001fa45727800 DEOPT PACKING pc=0x000001fa3a2c0f38 sp=0x00000078a2bf6e60
Event: 52.166 Thread 0x000001fa45727800 DEOPT UNPACKING pc=0x000001fa32539429 sp=0x00000078a2bf6e20 mode 2
Event: 53.566 Thread 0x000001fa45727800 DEOPT PACKING pc=0x000001fa332fd89f sp=0x00000078a2bf7030
Event: 53.566 Thread 0x000001fa45727800 DEOPT UNPACKING pc=0x000001fa3253993f sp=0x00000078a2bf64f0 mode 0

Classes unloaded (0 events):
No events

Classes redefined (0 events):
No events

Internal exceptions (20 events):
Event: 47.728 Thread 0x000001fa45727800 Exception <a 'java/lang/ClassNotFoundException'{0x00000000ecb5e6e8}: org/gradle/api/tasks/testing/TestCustomizer> (0x00000000ecb5e6e8) 
thrown [t:/workspace/open/src/hotspot/share/classfile/systemDictionary.cpp, line 232]
Event: 47.740 Thread 0x000001fa45727800 Exception <a 'java/lang/ClassNotFoundException'{0x00000000eca1e988}: org/gradle/api/tasks/testing/Test_DecoratedCustomizer> (0x00000000eca1e988) 
thrown [t:/workspace/open/src/hotspot/share/classfile/systemDictionary.cpp, line 232]
Event: 47.791 Thread 0x000001fa45727800 Exception <a 'java/lang/ClassNotFoundException'{0x00000000ec915f40}: org/gradle/api/internal/tasks/DefaultTaskOutputsBeanInfo> (0x00000000ec915f40) 
thrown [t:/workspace/open/src/hotspot/share/classfile/systemDictionary.cpp, line 232]
Event: 47.792 Thread 0x000001fa45727800 Exception <a 'java/lang/ClassNotFoundException'{0x00000000ec9370e0}: org/gradle/api/internal/tasks/DefaultTaskOutputsCustomizer> (0x00000000ec9370e0) 
thrown [t:/workspace/open/src/hotspot/share/classfile/systemDictionary.cpp, line 232]
Event: 47.808 Thread 0x000001fa45727800 Exception <a 'java/lang/ClassNotFoundException'{0x00000000ec9cab70}: java/io/ByteArrayOutputStreamBeanInfo> (0x00000000ec9cab70) 
thrown [t:/workspace/open/src/hotspot/share/classfile/systemDictionary.cpp, line 232]
Event: 47.808 Thread 0x000001fa45727800 Exception <a 'java/lang/ClassNotFoundException'{0x00000000ec9d1e50}: java/io/OutputStreamBeanInfo> (0x00000000ec9d1e50) 
thrown [t:/workspace/open/src/hotspot/share/classfile/systemDictionary.cpp, line 232]
Event: 47.809 Thread 0x000001fa45727800 Exception <a 'java/lang/ClassNotFoundException'{0x00000000ec9d8e58}: java/io/OutputStreamCustomizer> (0x00000000ec9d8e58) 
thrown [t:/workspace/open/src/hotspot/share/classfile/systemDictionary.cpp, line 232]
Event: 47.809 Thread 0x000001fa45727800 Exception <a 'java/lang/ClassNotFoundException'{0x00000000ec9e3d30}: java/io/ByteArrayOutputStreamCustomizer> (0x00000000ec9e3d30) 
thrown [t:/workspace/open/src/hotspot/share/classfile/systemDictionary.cpp, line 232]
Event: 47.815 Thread 0x000001fa45727800 Exception <a 'java/lang/ClassNotFoundException'{0x00000000ec829140}: groovy/lang/ReferenceBeanInfo> (0x00000000ec829140) 
thrown [t:/workspace/open/src/hotspot/share/classfile/systemDictionary.cpp, line 232]
Event: 47.817 Thread 0x000001fa45727800 Exception <a 'java/lang/ClassNotFoundException'{0x00000000ec851358}: groovy/lang/ReferenceCustomizer> (0x00000000ec851358) 
thrown [t:/workspace/open/src/hotspot/share/classfile/systemDictionary.cpp, line 232]
Event: 48.125 Thread 0x000001fa45727800 Exception <a 'java/lang/ClassNotFoundException'{0x00000000ec56fa40}: org/gradle/api/internal/tasks/DefaultTaskContainer_DecoratedBeanInfo> (0x00000000ec56fa40) 
thrown [t:/workspace/open/src/hotspot/share/classfile/systemDictionary.cpp, line 232]
Event: 48.126 Thread 0x000001fa45727800 Exception <a 'java/lang/ClassNotFoundException'{0x00000000ec590c00}: org/gradle/api/internal/tasks/DefaultTaskContainerBeanInfo> (0x00000000ec590c00) 
thrown [t:/workspace/open/src/hotspot/share/classfile/systemDictionary.cpp, line 232]
Event: 48.127 Thread 0x000001fa45727800 Exception <a 'java/lang/ClassNotFoundException'{0x00000000ec5b25e8}: org/gradle/api/internal/tasks/DefaultTaskCollectionBeanInfo> (0x00000000ec5b25e8) 
thrown [t:/workspace/open/src/hotspot/share/classfile/systemDictionary.cpp, line 232]
Event: 48.128 Thread 0x000001fa45727800 Exception <a 'java/lang/ClassNotFoundException'{0x00000000ec5d4268}: org/gradle/api/internal/tasks/DefaultTaskCollectionCustomizer> (0x00000000ec5d4268) 
thrown [t:/workspace/open/src/hotspot/share/classfile/systemDictionary.cpp, line 232]
Event: 48.132 Thread 0x000001fa45727800 Exception <a 'java/lang/ClassNotFoundException'{0x00000000ec422458}: org/gradle/api/internal/tasks/DefaultTaskContainerCustomizer> (0x00000000ec422458) 
thrown [t:/workspace/open/src/hotspot/share/classfile/systemDictionary.cpp, line 232]
Event: 48.140 Thread 0x000001fa45727800 Exception <a 'java/lang/ClassNotFoundException'{0x00000000ec4947d8}: org/gradle/api/internal/tasks/DefaultTaskContainer_DecoratedCustomizer> (0x00000000ec4947d8) 
thrown [t:/workspace/open/src/hotspot/share/classfile/systemDictionary.cpp, line 232]
Event: 48.555 Thread 0x000001fa45727800 Exception <a 'java/lang/ClassNotFoundException'{0x00000000ec280fd8}: org/gradle/api/tasks/JavaExec_DecoratedBeanInfo> (0x00000000ec280fd8) 
thrown [t:/workspace/open/src/hotspot/share/classfile/systemDictionary.cpp, line 232]
Event: 48.556 Thread 0x000001fa45727800 Exception <a 'java/lang/ClassNotFoundException'{0x00000000ec29db28}: org/gradle/api/tasks/JavaExecBeanInfo> (0x00000000ec29db28) 
thrown [t:/workspace/open/src/hotspot/share/classfile/systemDictionary.cpp, line 232]
Event: 48.557 Thread 0x000001fa45727800 Exception <a 'java/lang/ClassNotFoundException'{0x00000000ec2ba3e8}: org/gradle/api/tasks/JavaExecCustomizer> (0x00000000ec2ba3e8) 
thrown [t:/workspace/open/src/hotspot/share/classfile/systemDictionary.cpp, line 232]
Event: 48.562 Thread 0x000001fa45727800 Exception <a 'java/lang/ClassNotFoundException'{0x00000000ec120b80}: org/gradle/api/tasks/JavaExec_DecoratedCustomizer> (0x00000000ec120b80) 
thrown [t:/workspace/open/src/hotspot/share/classfile/systemDictionary.cpp, line 232]

Events (20 events):
Event: 48.561 loading class org/gradle/api/tasks/JavaExec_DecoratedCustomizer
Event: 48.561 loading class org/gradle/api/tasks/JavaExec_DecoratedCustomizer done
Event: 48.561 loading class org/gradle/api/tasks/JavaExec_DecoratedCustomizer
Event: 48.561 loading class org/gradle/api/tasks/JavaExec_DecoratedCustomizer done
Event: 48.561 loading class org/gradle/api/tasks/JavaExec_DecoratedCustomizer
Event: 48.561 loading class org/gradle/api/tasks/JavaExec_DecoratedCustomizer done
Event: 48.562 loading class org/gradle/api/tasks/JavaExec_DecoratedCustomizer
Event: 48.562 loading class org/gradle/api/tasks/JavaExec_DecoratedCustomizer done
Event: 48.722 loading class groovy/runtime/metaclass/build_945hkcb8oiri25n5q79zkfmm9$_run_closure1$_closure13MetaClass
Event: 48.722 loading class groovy/runtime/metaclass/build_945hkcb8oiri25n5q79zkfmm9$_run_closure1$_closure13MetaClass done
Event: 48.727 loading class org/gradle/api/internal/AbstractTask$14
Event: 48.727 loading class org/gradle/api/internal/AbstractTask$14 done
Event: 48.728 loading class org/gradle/api/internal/AbstractTask$ClosureTaskAction
Event: 48.728 loading class org/gradle/api/internal/AbstractTask$ClosureTaskAction done
Event: 48.848 loading class java/util/AbstractList$ListItr
Event: 48.848 loading class java/util/AbstractList$ListItr done
Event: 53.463 Executing VM operation: G1CollectForAllocation
Event: 53.549 Executing VM operation: G1CollectForAllocation done
Event: 53.597 Executing VM operation: G1CollectForAllocation
Event: 53.666 Executing VM operation: G1CollectForAllocation done


Dynamic libraries:
0x00007ff7172c0000 - 0x00007ff7172cd000 	C:\Program Files\Java\jdk-13.0.2\bin\java.exe
0x00007ffff2180000 - 0x00007ffff236d000 	C:\Windows\SYSTEM32\ntdll.dll
0x00007ffff0e30000 - 0x00007ffff0ee3000 	C:\Windows\System32\KERNEL32.DLL
0x00007fffee270000 - 0x00007fffee503000 	C:\Windows\System32\KERNELBASE.dll
0x00007fffef220000 - 0x00007fffef31a000 	C:\Windows\System32\ucrtbase.dll
0x00007fffe80c0000 - 0x00007fffe80d8000 	C:\Program Files\Java\jdk-13.0.2\bin\jli.dll
0x00007ffff1fe0000 - 0x00007ffff2177000 	C:\Windows\System32\USER32.dll
0x00007fffeec60000 - 0x00007fffeec80000 	C:\Windows\System32\win32u.dll
0x00007ffff1780000 - 0x00007ffff17a9000 	C:\Windows\System32\GDI32.dll
0x00007fffeed70000 - 0x00007fffeef09000 	C:\Windows\System32\gdi32full.dll
0x00007fffeecd0000 - 0x00007fffeed70000 	C:\Windows\System32\msvcp_win.dll
0x00007fffe6e50000 - 0x00007fffe6e65000 	C:\Program Files\Java\jdk-13.0.2\bin\VCRUNTIME140.dll
0x00007fffe26c0000 - 0x00007fffe2939000 	C:\Windows\WinSxS\amd64_microsoft.windows.common-controls_6595b64144ccf1df_6.0.17763.1098_none_de762ed45346ee8a\COMCTL32.dll
0x00007ffff1a00000 - 0x00007ffff1a9e000 	C:\Windows\System32\msvcrt.dll
0x00007ffff1aa0000 - 0x00007ffff1dcc000 	C:\Windows\System32\combase.dll
0x00007ffff1dd0000 - 0x00007ffff1ef2000 	C:\Windows\System32\RPCRT4.dll
0x00007fffef320000 - 0x00007fffef39e000 	C:\Windows\System32\bcryptPrimitives.dll
0x00007ffff1fb0000 - 0x00007ffff1fde000 	C:\Windows\System32\IMM32.DLL
0x00007fffdaaf0000 - 0x00007fffdab8b000 	C:\Program Files\Java\jdk-13.0.2\bin\msvcp140.dll
0x00007fffd94e0000 - 0x00007fffda03d000 	C:\Program Files\Java\jdk-13.0.2\bin\server\jvm.dll
0x00007ffff0ef0000 - 0x00007ffff0f93000 	C:\Windows\System32\ADVAPI32.dll
0x00007ffff1960000 - 0x00007ffff19fe000 	C:\Windows\System32\sechost.dll
0x00007ffff1420000 - 0x00007ffff1428000 	C:\Windows\System32\PSAPI.DLL
0x00007fffe81a0000 - 0x00007fffe81a9000 	C:\Windows\SYSTEM32\WSOCK32.dll
0x00007fffef440000 - 0x00007fffef4ad000 	C:\Windows\System32\WS2_32.dll
0x00007fffec230000 - 0x00007fffec254000 	C:\Windows\SYSTEM32\WINMM.dll
0x00007fffe0ee0000 - 0x00007fffe0eea000 	C:\Windows\SYSTEM32\VERSION.dll
0x00007fffec200000 - 0x00007fffec22d000 	C:\Windows\SYSTEM32\WINMMBASE.dll
0x00007fffeec80000 - 0x00007fffeecca000 	C:\Windows\System32\cfgmgr32.dll
0x00007fffee1a0000 - 0x00007fffee1b1000 	C:\Windows\System32\kernel.appcore.dll
0x00007fffe72c0000 - 0x00007fffe72d0000 	C:\Program Files\Java\jdk-13.0.2\bin\verify.dll
0x00007fffda900000 - 0x00007fffdaaed000 	C:\Windows\SYSTEM32\DBGHELP.DLL
0x00007fffe6b30000 - 0x00007fffe6b5a000 	C:\Windows\SYSTEM32\dbgcore.DLL
0x00007fffe6b00000 - 0x00007fffe6b26000 	C:\Program Files\Java\jdk-13.0.2\bin\java.dll
0x00007fffe6ae0000 - 0x00007fffe6af7000 	C:\Program Files\Java\jdk-13.0.2\bin\zip.dll
0x00007fffe6e40000 - 0x00007fffe6e4a000 	C:\Program Files\Java\jdk-13.0.2\bin\jimage.dll
0x00007fffef930000 - 0x00007ffff0e24000 	C:\Windows\System32\SHELL32.dll
0x00007ffff1430000 - 0x00007ffff14d8000 	C:\Windows\System32\shcore.dll
0x00007fffee510000 - 0x00007fffeec5d000 	C:\Windows\System32\windows.storage.dll
0x00007fffee1c0000 - 0x00007fffee1e4000 	C:\Windows\System32\profapi.dll
0x00007fffee1f0000 - 0x00007fffee24d000 	C:\Windows\System32\powrprof.dll
0x00007ffff0fa0000 - 0x00007ffff0ff2000 	C:\Windows\System32\shlwapi.dll
0x00007fffef200000 - 0x00007fffef217000 	C:\Windows\System32\cryptsp.dll
0x00007fffe6700000 - 0x00007fffe6719000 	C:\Program Files\Java\jdk-13.0.2\bin\net.dll
0x00007fffe03c0000 - 0x00007fffe04b2000 	C:\Windows\SYSTEM32\WINHTTP.dll
0x00007fffed9b0000 - 0x00007fffeda17000 	C:\Windows\system32\mswsock.dll
0x00007fffe2690000 - 0x00007fffe26a3000 	C:\Program Files\Java\jdk-13.0.2\bin\nio.dll
0x00007fffe1e30000 - 0x00007fffe1e56000 	C:\Users\deCrypt3d\.gradle\native\29\windows-amd64\native-platform.dll
0x00007fffe59c0000 - 0x00007fffe59c9000 	C:\Program Files\Java\jdk-13.0.2\bin\management.dll
0x00007fffe2680000 - 0x00007fffe268b000 	C:\Program Files\Java\jdk-13.0.2\bin\management_ext.dll
0x00007fffed530000 - 0x00007fffed563000 	C:\Windows\system32\rsaenh.dll
0x00007fffef3a0000 - 0x00007fffef3c6000 	C:\Windows\System32\bcrypt.dll
0x00007fffee0a0000 - 0x00007fffee0c8000 	C:\Windows\SYSTEM32\USERENV.dll
0x00007fffedb80000 - 0x00007fffedb8c000 	C:\Windows\SYSTEM32\CRYPTBASE.dll
0x00007fffed6d0000 - 0x00007fffed70d000 	C:\Windows\SYSTEM32\IPHLPAPI.DLL
0x00007fffef3d0000 - 0x00007fffef3d8000 	C:\Windows\System32\NSI.dll
0x00007fffe3e40000 - 0x00007fffe3e56000 	C:\Windows\SYSTEM32\dhcpcsvc6.DLL
0x00007fffe3df0000 - 0x00007fffe3e0c000 	C:\Windows\SYSTEM32\dhcpcsvc.DLL
0x00007fffed710000 - 0x00007fffed7d6000 	C:\Windows\SYSTEM32\DNSAPI.dll

dbghelp: loaded successfully - version: 4.0.5 - missing functions: none
symbol engine: initialized successfully - sym options: 0x614 - pdb path: .;C:\Program Files\Java\jdk-13.0.2\bin;C:\Windows\SYSTEM32;C:\Windows\WinSxS\amd64_microsoft.windows.common-controls_6595b64144ccf1df_6.0.17763.1098_none_de762ed45346ee8a;C:\Program Files\Java\jdk-13.0.2\bin\server;C:\Users\deCrypt3d\.gradle\native\29\windows-amd64

VM Arguments:
jvm_args: --add-opens=java.base/java.util=ALL-UNNAMED --add-opens=java.base/java.lang=ALL-UNNAMED --add-opens=java.base/java.lang.invoke=ALL-UNNAMED --add-opens=java.prefs/java.util.prefs=ALL-UNNAMED -XX:MaxMetaspaceSize=256m -XX:+HeapDumpOnOutOfMemoryError -Xms256m -Xmx512m -Dfile.encoding=windows-1252 -Duser.country=ID -Duser.language=en -Duser.variant 
java_command: org.gradle.launcher.daemon.bootstrap.GradleDaemon 5.5.1
java_class_path (initial): C:\Users\deCrypt3d\.gradle\wrapper\dists\gradle-5.5.1-all\8yl0syll3fr5m1v472nzznadi\gradle-5.5.1\lib\gradle-launcher-5.5.1.jar
Launcher Type: SUN_STANDARD

[Global flags]
     intx CICompilerCount                          = 2                                         {product} {ergonomic}
   size_t CompressedClassSpaceSize                 = 260046848                                 {product} {ergonomic}
     uint ConcGCThreads                            = 1                                         {product} {ergonomic}
     uint G1ConcRefinementThreads                  = 2                                         {product} {ergonomic}
   size_t G1HeapRegionSize                         = 1048576                                   {product} {ergonomic}
    uintx GCDrainStackTargetSize                   = 64                                        {product} {ergonomic}
     bool HeapDumpOnOutOfMemoryError               = true                                   {manageable} {command line}
   size_t InitialHeapSize                          = 268435456                                 {product} {command line}
   size_t MarkStackSize                            = 4194304                                   {product} {ergonomic}
   size_t MaxHeapSize                              = 536870912                                 {product} {command line}
   size_t MaxMetaspaceSize                         = 268435456                                 {product} {command line}
   size_t MaxNewSize                               = 321912832                                 {product} {ergonomic}
   size_t MinHeapDeltaBytes                        = 1048576                                   {product} {ergonomic}
   size_t MinHeapSize                              = 268435456                                 {product} {command line}
    uintx NonNMethodCodeHeapSize                   = 5826188                                {pd product} {ergonomic}
    uintx NonProfiledCodeHeapSize                  = 122916026                              {pd product} {ergonomic}
    uintx ProfiledCodeHeapSize                     = 122916026                              {pd product} {ergonomic}
    uintx ReservedCodeCacheSize                    = 251658240                              {pd product} {ergonomic}
     bool SegmentedCodeCache                       = true                                      {product} {ergonomic}
   size_t SoftMaxHeapSize                          = 536870912                              {manageable} {ergonomic}
     bool UseCompressedClassPointers               = true                                 {lp64_product} {ergonomic}
     bool UseCompressedOops                        = true                                 {lp64_product} {ergonomic}
     bool UseG1GC                                  = true                                      {product} {ergonomic}
     bool UseLargePagesIndividualAllocation        = false                                  {pd product} {ergonomic}

Logging:
Log output configuration:
 #0: stdout all=warning uptime,level,tags
 #1: stderr all=off uptime,level,tags

Environment Variables:
JAVA_HOME=C:/Program Files/Java/jdk-13.0.2
CLASSPATH=C:\Users\deCrypt3d\IdeaProjects\Memulai Pemrograman dengan Kotlin\\gradle\wrapper\gradle-wrapper.jar
PATH=C:\ProgramData\Oracle\Java\javapath;C:\Program Files (x86)\Common Files\Intel\Shared Files\cpp\bin\Intel64;C:\Windows\system32;C:\Windows;C:\Windows\System32\Wbem;C:\Windows\System32\WindowsPowerShell\v1.0\;C:\xampp\php;C:\ProgramData\ComposerSetup\bin;C:\Program Files\PuTTY\;C:\Program Files\nodejs\;C:\Program Files (x86)\Java\jdk-13.0.2\bin;C:\SDK\gradle-6.3\bin;C:\Users\deCrypt3d\AppData\Local\Microsoft\WindowsApps;C:\Users\deCrypt3d\AppData\Roaming\Composer\vendor\bin;C:\Users\deCrypt3d\AppData\Roaming\npm;
USERNAME=deCrypt3d
OS=Windows_NT
PROCESSOR_IDENTIFIER=Intel64 Family 6 Model 58 Stepping 9, GenuineIntel



---------------  S Y S T E M  ---------------

OS: Windows 10 , 64 bit Build 17763 (10.0.17763.475)

CPU:total 2 (initial active 2) (2 cores per cpu, 1 threads per core) family 6 model 58 stepping 9, cmov, cx8, fxsr, mmx, sse, sse2, sse3, ssse3, sse4.1, sse4.2, popcnt, clmul, erms, tsc, tscinvbit, tscinv

Memory: 4k page, system-wide physical 3789M (866M free)
TotalPageFile size 3789M (AvailPageFile size 5M)
current process WorkingSet (physical memory assigned to process): 299M, peak: 299M
current process commit charge ("private bytes"): 437M, peak: 447M

vm_info: OpenJDK 64-Bit Server VM (13.0.2+8) for windows-amd64 JRE (13.0.2+8), built on Dec 11 2019 09:20:05 by "mach5one" with unknown MS VC++:1916

END.
