#
# There is insufficient memory for the Java Runtime Environment to continue.
# Native memory allocation (malloc) failed to allocate 2177456 bytes for Chunk::new
# Possible reasons:
#   The system is out of physical RAM or swap space
#   The process is running with CompressedOops enabled, and the Java Heap may be blocking the growth of the native heap
# Possible solutions:
#   Reduce memory load on the system
#   Increase physical memory or swap space
#   Check if swap backing store is full
#   Decrease Java heap size (-Xmx/-Xms)
#   Decrease number of Java threads
#   Decrease Java thread stack sizes (-Xss)
#   Set larger code cache with -XX:ReservedCodeCacheSize=
#   JVM is running with Unscaled Compressed Oops mode in which the Java heap is
#     placed in the first 4GB address space. The Java Heap base address is the
#     maximum limit for the native heap growth. Please use -XX:HeapBaseMinAddress
#     to set the Java Heap base and to place the Java Heap above 4GB virtual address.
# This output file may be truncated or incomplete.
#
#  Out of Memory Error (t:/workspace/open/src/hotspot/share/memory/arena.cpp:196), pid=5852, tid=3384
#
# JRE version: OpenJDK Runtime Environment (13.0.2+8) (build 13.0.2+8)
# Java VM: OpenJDK 64-Bit Server VM (13.0.2+8, mixed mode, sharing, tiered, compressed oops, g1 gc, windows-amd64)
# No core dump will be written. Minidumps are not enabled by default on client versions of Windows
#

---------------  S U M M A R Y ------------

Command Line: --add-opens=java.base/java.util=ALL-UNNAMED --add-opens=java.base/java.lang=ALL-UNNAMED --add-opens=java.base/java.lang.invoke=ALL-UNNAMED --add-opens=java.prefs/java.util.prefs=ALL-UNNAMED -XX:MaxMetaspaceSize=256m -XX:+HeapDumpOnOutOfMemoryError -Xms256m -Xmx512m -Dfile.encoding=windows-1252 -Duser.country=ID -Duser.language=en -Duser.variant org.gradle.launcher.daemon.bootstrap.GradleDaemon 5.5.1

Host: Intel(R) Celeron(R) CPU 1007U @ 1.50GHz, 2 cores, 3G,  Windows 10 , 64 bit Build 17763 (10.0.17763.475)
Time: Wed Apr 29 21:44:02 2020 SE Asia Standard Time elapsed time: 62 seconds (0d 0h 1m 2s)

---------------  T H R E A D  ---------------

Current thread (0x00000251f7750000):  JavaThread "C2 CompilerThread0" daemon [_thread_in_native, id=3384, stack(0x000000cd64100000,0x000000cd64200000)]


Current CompileTask:
C2:  62602 7121       4       org.gradle.api.internal.artifacts.configurations.DefaultConfiguration::<init> (593 bytes)

Stack: [0x000000cd64100000,0x000000cd64200000]
Native frames: (J=compiled Java code, j=interpreted, Vv=VM code, C=native code)
V  [jvm.dll+0x624f9a]
V  [jvm.dll+0x770cfa]
V  [jvm.dll+0x7724af]
V  [jvm.dll+0x772ab3]
V  [jvm.dll+0x24bf08]
V  [jvm.dll+0xc1e47]
V  [jvm.dll+0xc23cc]
V  [jvm.dll+0x35c068]
V  [jvm.dll+0x327803]
V  [jvm.dll+0x326bda]
V  [jvm.dll+0x205c27]
V  [jvm.dll+0x204e3f]
V  [jvm.dll+0x189c2c]
V  [jvm.dll+0x213e6d]
V  [jvm.dll+0x2120bb]
V  [jvm.dll+0x736bb6]
V  [jvm.dll+0x72fcaa]
V  [jvm.dll+0x623ea6]
C  [ucrtbase.dll+0x21ffa]
C  [KERNEL32.DLL+0x17974]
C  [ntdll.dll+0x6a261]


---------------  P R O C E S S  ---------------

Threads class SMR info:
_java_thread_list=0x00000251fbea3180, length=31, elements={
0x00000251dcd7f000, 0x00000251f7728800, 0x00000251f772b800, 0x00000251f774d800,
0x00000251f774e800, 0x00000251f7750000, 0x00000251f7751000, 0x00000251f80c3000,
0x00000251f818a800, 0x00000251f818c800, 0x00000251f83d3000, 0x00000251f80ff000,
0x00000251f80e4800, 0x00000251f8254800, 0x00000251f8274000, 0x00000251f9690800,
0x00000251f8975800, 0x00000251f8976800, 0x00000251f8b29800, 0x00000251f9711000,
0x00000251f94f3000, 0x00000251f94f6800, 0x00000251f94f4000, 0x00000251f94f4800,
0x00000251f94f2800, 0x00000251f94f5800, 0x00000251f94f8000, 0x00000251f94f9000,
0x00000251f8b50800, 0x00000251f8b4e000, 0x00000251f8b53000
}

Java Threads: ( => current thread )
  0x00000251dcd7f000 JavaThread "main" [_thread_blocked, id=2572, stack(0x000000cd63500000,0x000000cd63600000)]
  0x00000251f7728800 JavaThread "Reference Handler" daemon [_thread_blocked, id=3924, stack(0x000000cd63d00000,0x000000cd63e00000)]
  0x00000251f772b800 JavaThread "Finalizer" daemon [_thread_blocked, id=3144, stack(0x000000cd63e00000,0x000000cd63f00000)]
  0x00000251f774d800 JavaThread "Signal Dispatcher" daemon [_thread_blocked, id=3780, stack(0x000000cd63f00000,0x000000cd64000000)]
  0x00000251f774e800 JavaThread "Attach Listener" daemon [_thread_blocked, id=3728, stack(0x000000cd64000000,0x000000cd64100000)]
=>0x00000251f7750000 JavaThread "C2 CompilerThread0" daemon [_thread_in_native, id=3384, stack(0x000000cd64100000,0x000000cd64200000)]
  0x00000251f7751000 JavaThread "C1 CompilerThread0" daemon [_thread_blocked, id=3760, stack(0x000000cd64200000,0x000000cd64300000)]
  0x00000251f80c3000 JavaThread "Sweeper thread" daemon [_thread_blocked, id=3348, stack(0x000000cd64300000,0x000000cd64400000)]
  0x00000251f818a800 JavaThread "Common-Cleaner" daemon [_thread_blocked, id=2704, stack(0x000000cd64400000,0x000000cd64500000)]
  0x00000251f818c800 JavaThread "Service Thread" daemon [_thread_blocked, id=3736, stack(0x000000cd64500000,0x000000cd64600000)]
  0x00000251f83d3000 JavaThread "Daemon health stats" [_thread_blocked, id=2104, stack(0x000000cd64800000,0x000000cd64900000)]
  0x00000251f80ff000 JavaThread "Incoming local TCP Connector on port 49712" [_thread_in_native, id=3272, stack(0x000000cd64900000,0x000000cd64a00000)]
  0x00000251f80e4800 JavaThread "Daemon periodic checks" [_thread_blocked, id=6056, stack(0x000000cd64a00000,0x000000cd64b00000)]
  0x00000251f8254800 JavaThread "Daemon" [_thread_blocked, id=2664, stack(0x000000cd64b00000,0x000000cd64c00000)]
  0x00000251f8274000 JavaThread "Handler for socket connection from /127.0.0.1:49712 to /127.0.0.1:49713" [_thread_in_native, id=3440, stack(0x000000cd64c00000,0x000000cd64d00000)]
  0x00000251f9690800 JavaThread "Cancel handler" [_thread_blocked, id=2364, stack(0x000000cd64d00000,0x000000cd64e00000)]
  0x00000251f8975800 JavaThread "Daemon worker" [_thread_in_vm, id=5488, stack(0x000000cd64e00000,0x000000cd64f00000)]
  0x00000251f8976800 JavaThread "Asynchronous log dispatcher for DefaultDaemonConnection: socket connection from /127.0.0.1:49712 to /127.0.0.1:49713" [_thread_blocked, id=4740, stack(0x000000cd64f00000,0x000000cd65000000)]
  0x00000251f8b29800 JavaThread "Stdin handler" [_thread_blocked, id=6072, stack(0x000000cd65000000,0x000000cd65100000)]
  0x00000251f9711000 JavaThread "Thread-8" [_thread_blocked, id=6112, stack(0x000000cd65100000,0x000000cd65200000)]
  0x00000251f94f3000 JavaThread "Cache worker for file hash cache (C:\Users\deCrypt3d\.gradle\caches\5.5.1\fileHashes)" [_thread_blocked, id=4208, stack(0x000000cd65200000,0x000000cd65300000)]
  0x00000251f94f6800 JavaThread "File lock request listener" [_thread_in_native, id=1692, stack(0x000000cd65300000,0x000000cd65400000)]
  0x00000251f94f4000 JavaThread "Cache worker for journal cache (C:\Users\deCrypt3d\.gradle\caches\journal-1)" [_thread_blocked, id=1956, stack(0x000000cd65400000,0x000000cd65500000)]
  0x00000251f94f4800 JavaThread "Cache worker for file hash cache (C:\Users\deCrypt3d\IdeaProjects\Memulai Pemrograman dengan Kotlin\.gradle\5.5.1\fileHashes)" [_thread_blocked, id=2376, stack(0x000000cd65500000,0x000000cd65600000)]
  0x00000251f94f2800 JavaThread "File lock release action executor" [_thread_blocked, id=2932, stack(0x000000cd65600000,0x000000cd65700000)]
  0x00000251f94f5800 JavaThread "Cache worker for cache directory md-supplier (C:\Users\deCrypt3d\.gradle\caches\5.5.1\md-supplier)" [_thread_blocked, id=4064, stack(0x000000cd65700000,0x000000cd65800000)]
  0x00000251f94f8000 JavaThread "Cache worker for cache directory md-rule (C:\Users\deCrypt3d\.gradle\caches\5.5.1\md-rule)" [_thread_blocked, id=1168, stack(0x000000cd65800000,0x000000cd65900000)]
  0x00000251f94f9000 JavaThread "Cache worker for execution history cache (C:\Users\deCrypt3d\.gradle\caches\5.5.1\executionHistory)" [_thread_blocked, id=1316, stack(0x000000cd65900000,0x000000cd65a00000)]
  0x00000251f8b50800 JavaThread "Build operations" [_thread_blocked, id=1688, stack(0x000000cd65a00000,0x000000cd65b00000)]
  0x00000251f8b4e000 JavaThread "Build operations Thread 2" [_thread_blocked, id=6040, stack(0x000000cd65b00000,0x000000cd65c00000)]
  0x00000251f8b53000 JavaThread "Cache worker for Build Output Cleanup Cache (C:\Users\deCrypt3d\IdeaProjects\Memulai Pemrograman dengan Kotlin\.gradle\buildOutputCleanup)" [_thread_blocked, id=4004, stack(0x000000cd65c00000,0x000000cd65d00000)]

Other Threads:
  0x00000251f7723800 VMThread "VM Thread" [stack: 0x000000cd63c00000,0x000000cd63d00000] [id=2588]
  0x00000251f819f000 WatcherThread [stack: 0x000000cd64600000,0x000000cd64700000] [id=2808]
  0x00000251dcda1000 GCTaskThread "GC Thread#0" [stack: 0x000000cd63700000,0x000000cd63800000] [id=2432]
  0x00000251f845b800 GCTaskThread "GC Thread#1" [stack: 0x000000cd64700000,0x000000cd64800000] [id=2888]
  0x00000251dcda6800 ConcurrentGCThread "G1 Main Marker" [stack: 0x000000cd63800000,0x000000cd63900000] [id=3756]
  0x00000251dcda8000 ConcurrentGCThread "G1 Conc#0" [stack: 0x000000cd63900000,0x000000cd63a00000] [id=6088]
  0x00000251f75d2800 ConcurrentGCThread "G1 Refine#0" [stack: 0x000000cd63a00000,0x000000cd63b00000] [id=2444]
  0x00000251fafd5000 ConcurrentGCThread "G1 Refine#1" [stack: 0x000000cd65f00000,0x000000cd66000000] [id=4232]
  0x00000251f75d3000 ConcurrentGCThread "G1 Young RemSet Sampling" [stack: 0x000000cd63b00000,0x000000cd63c00000] [id=4640]

Threads with active compile tasks:
C2 CompilerThread0    62642 7121       4       org.gradle.api.internal.artifacts.configurations.DefaultConfiguration::<init> (593 bytes)
C1 CompilerThread0    62642 7147       3       org.gradle.api.internal.collections.AbstractIterationOrderRetainingElementSource::isEmpty (10 bytes)

VM state:not at safepoint (normal execution)

VM Mutex/Monitor currently owned by a thread: None

Heap address: 0x00000000e0000000, size: 512 MB, Compressed Oops mode: 32-bit
Narrow klass base: 0x0000000800000000, Narrow klass shift: 3
Compressed class space size: 260046848 Address: 0x0000000800b40000

Heap:
 garbage-first heap   total 262144K, used 97280K [0x00000000e0000000, 0x0000000100000000)
  region size 1024K, 19 young (19456K), 6 survivors (6144K)
 Metaspace       used 42500K, capacity 43691K, committed 43904K, reserved 292864K
  class space    used 5639K, capacity 5996K, committed 6016K, reserved 253952K
Heap Regions: E=young(eden), S=young(survivor), O=old, HS=humongous(starts), HC=humongous(continues), CS=collection set, F=free, A=archive, TAMS=top-at-mark-start (previous, next)
|   0|0x00000000e0000000, 0x00000000e0100000, 0x00000000e0100000|100%| O|  |TAMS 0x00000000e0100000, 0x00000000e0000000| Untracked 
|   1|0x00000000e0100000, 0x00000000e0200000, 0x00000000e0200000|100%| O|  |TAMS 0x00000000e0200000, 0x00000000e0100000| Untracked 
|   2|0x00000000e0200000, 0x00000000e0300000, 0x00000000e0300000|100%|HS|  |TAMS 0x00000000e0300000, 0x00000000e0200000| Complete 
|   3|0x00000000e0300000, 0x00000000e0400000, 0x00000000e0400000|100%|HS|  |TAMS 0x00000000e0400000, 0x00000000e0300000| Complete 
|   4|0x00000000e0400000, 0x00000000e0500000, 0x00000000e0500000|100%|HC|  |TAMS 0x00000000e0500000, 0x00000000e0400000| Complete 
|   5|0x00000000e0500000, 0x00000000e0600000, 0x00000000e0600000|100%| O|  |TAMS 0x00000000e0600000, 0x00000000e0500000| Untracked 
|   6|0x00000000e0600000, 0x00000000e0700000, 0x00000000e0700000|100%| O|  |TAMS 0x00000000e0700000, 0x00000000e0600000| Untracked 
|   7|0x00000000e0700000, 0x00000000e0800000, 0x00000000e0800000|100%| O|  |TAMS 0x00000000e0800000, 0x00000000e0700000| Untracked 
|   8|0x00000000e0800000, 0x00000000e0900000, 0x00000000e0900000|100%| O|  |TAMS 0x00000000e0900000, 0x00000000e0800000| Untracked 
|   9|0x00000000e0900000, 0x00000000e0a00000, 0x00000000e0a00000|100%| O|  |TAMS 0x00000000e0a00000, 0x00000000e0900000| Untracked 
|  10|0x00000000e0a00000, 0x00000000e0b00000, 0x00000000e0b00000|100%| O|  |TAMS 0x00000000e0b00000, 0x00000000e0a00000| Untracked 
|  11|0x00000000e0b00000, 0x00000000e0c00000, 0x00000000e0c00000|100%| O|  |TAMS 0x00000000e0c00000, 0x00000000e0b00000| Untracked 
|  12|0x00000000e0c00000, 0x00000000e0d00000, 0x00000000e0d00000|100%| O|  |TAMS 0x00000000e0d00000, 0x00000000e0c00000| Untracked 
|  13|0x00000000e0d00000, 0x00000000e0e00000, 0x00000000e0e00000|100%| O|  |TAMS 0x00000000e0e00000, 0x00000000e0d00000| Untracked 
|  14|0x00000000e0e00000, 0x00000000e0f00000, 0x00000000e0f00000|100%| O|  |TAMS 0x00000000e0f00000, 0x00000000e0e00000| Untracked 
|  15|0x00000000e0f00000, 0x00000000e1000000, 0x00000000e1000000|100%| O|  |TAMS 0x00000000e1000000, 0x00000000e0f00000| Untracked 
|  16|0x00000000e1000000, 0x00000000e1100000, 0x00000000e1100000|100%| O|  |TAMS 0x00000000e1100000, 0x00000000e1000000| Untracked 
|  17|0x00000000e1100000, 0x00000000e1200000, 0x00000000e1200000|100%| O|  |TAMS 0x00000000e1200000, 0x00000000e1100000| Untracked 
|  18|0x00000000e1200000, 0x00000000e1300000, 0x00000000e1300000|100%|HS|  |TAMS 0x00000000e1300000, 0x00000000e1200000| Complete 
|  19|0x00000000e1300000, 0x00000000e1400000, 0x00000000e1400000|100%|HC|  |TAMS 0x00000000e1400000, 0x00000000e1300000| Complete 
|  20|0x00000000e1400000, 0x00000000e1500000, 0x00000000e1500000|100%|HC|  |TAMS 0x00000000e1500000, 0x00000000e1400000| Complete 
|  21|0x00000000e1500000, 0x00000000e1600000, 0x00000000e1600000|100%| O|  |TAMS 0x00000000e1500000, 0x00000000e1500000| Untracked 
|  22|0x00000000e1600000, 0x00000000e1700000, 0x00000000e1700000|100%| O|  |TAMS 0x00000000e1600000, 0x00000000e1600000| Untracked 
|  23|0x00000000e1700000, 0x00000000e1800000, 0x00000000e1800000|100%| O|  |TAMS 0x00000000e1700000, 0x00000000e1700000| Untracked 
|  24|0x00000000e1800000, 0x00000000e1900000, 0x00000000e1900000|100%| O|  |TAMS 0x00000000e1800000, 0x00000000e1800000| Untracked 
|  25|0x00000000e1900000, 0x00000000e1a00000, 0x00000000e1a00000|100%| O|  |TAMS 0x00000000e1900000, 0x00000000e1900000| Untracked 
|  26|0x00000000e1a00000, 0x00000000e1b00000, 0x00000000e1b00000|100%| O|  |TAMS 0x00000000e1a00000, 0x00000000e1a00000| Untracked 
|  27|0x00000000e1b00000, 0x00000000e1c00000, 0x00000000e1c00000|100%| O|  |TAMS 0x00000000e1b00000, 0x00000000e1b00000| Untracked 
|  28|0x00000000e1c00000, 0x00000000e1d00000, 0x00000000e1d00000|100%| O|  |TAMS 0x00000000e1c00000, 0x00000000e1c00000| Untracked 
|  29|0x00000000e1d00000, 0x00000000e1e00000, 0x00000000e1e00000|100%| O|  |TAMS 0x00000000e1d00000, 0x00000000e1d00000| Untracked 
|  30|0x00000000e1e00000, 0x00000000e1f00000, 0x00000000e1f00000|100%| O|  |TAMS 0x00000000e1e00000, 0x00000000e1e00000| Untracked 
|  31|0x00000000e1f00000, 0x00000000e2000000, 0x00000000e2000000|100%| O|  |TAMS 0x00000000e1f00000, 0x00000000e1f00000| Untracked 
|  32|0x00000000e2000000, 0x00000000e2100000, 0x00000000e2100000|100%| O|  |TAMS 0x00000000e2000000, 0x00000000e2000000| Untracked 
|  33|0x00000000e2100000, 0x00000000e2200000, 0x00000000e2200000|100%| O|  |TAMS 0x00000000e2100000, 0x00000000e2100000| Untracked 
|  34|0x00000000e2200000, 0x00000000e2300000, 0x00000000e2300000|100%| O|  |TAMS 0x00000000e2200000, 0x00000000e2200000| Untracked 
|  35|0x00000000e2300000, 0x00000000e2400000, 0x00000000e2400000|100%| O|  |TAMS 0x00000000e2300000, 0x00000000e2300000| Untracked 
|  36|0x00000000e2400000, 0x00000000e2500000, 0x00000000e2500000|100%| O|  |TAMS 0x00000000e2400000, 0x00000000e2400000| Untracked 
|  37|0x00000000e2500000, 0x00000000e2600000, 0x00000000e2600000|100%| O|  |TAMS 0x00000000e2500000, 0x00000000e2500000| Untracked 
|  38|0x00000000e2600000, 0x00000000e2700000, 0x00000000e2700000|100%| O|  |TAMS 0x00000000e2600000, 0x00000000e2600000| Untracked 
|  39|0x00000000e2700000, 0x00000000e2800000, 0x00000000e2800000|100%| O|  |TAMS 0x00000000e2700000, 0x00000000e2700000| Untracked 
|  40|0x00000000e2800000, 0x00000000e2900000, 0x00000000e2900000|100%| O|  |TAMS 0x00000000e2800000, 0x00000000e2800000| Untracked 
|  41|0x00000000e2900000, 0x00000000e2a00000, 0x00000000e2a00000|100%| O|  |TAMS 0x00000000e2900000, 0x00000000e2900000| Untracked 
|  42|0x00000000e2a00000, 0x00000000e2b00000, 0x00000000e2b00000|100%| O|  |TAMS 0x00000000e2a00000, 0x00000000e2a00000| Untracked 
|  43|0x00000000e2b00000, 0x00000000e2c00000, 0x00000000e2c00000|100%| O|  |TAMS 0x00000000e2b00000, 0x00000000e2b00000| Untracked 
|  44|0x00000000e2c00000, 0x00000000e2d00000, 0x00000000e2d00000|100%| O|  |TAMS 0x00000000e2c00000, 0x00000000e2c00000| Untracked 
|  45|0x00000000e2d00000, 0x00000000e2e00000, 0x00000000e2e00000|100%| O|  |TAMS 0x00000000e2d00000, 0x00000000e2d00000| Untracked 
|  46|0x00000000e2e00000, 0x00000000e2f00000, 0x00000000e2f00000|100%| O|  |TAMS 0x00000000e2e00000, 0x00000000e2e00000| Untracked 
|  47|0x00000000e2f00000, 0x00000000e3000000, 0x00000000e3000000|100%| O|  |TAMS 0x00000000e2f00000, 0x00000000e2f00000| Untracked 
|  48|0x00000000e3000000, 0x00000000e3100000, 0x00000000e3100000|100%| O|  |TAMS 0x00000000e3000000, 0x00000000e3000000| Untracked 
|  49|0x00000000e3100000, 0x00000000e3200000, 0x00000000e3200000|100%| O|  |TAMS 0x00000000e3100000, 0x00000000e3100000| Untracked 
|  50|0x00000000e3200000, 0x00000000e3300000, 0x00000000e3300000|100%| O|  |TAMS 0x00000000e3200000, 0x00000000e3200000| Untracked 
|  51|0x00000000e3300000, 0x00000000e3400000, 0x00000000e3400000|100%| O|  |TAMS 0x00000000e3300000, 0x00000000e3300000| Untracked 
|  52|0x00000000e3400000, 0x00000000e3500000, 0x00000000e3500000|100%| O|  |TAMS 0x00000000e3400000, 0x00000000e3400000| Untracked 
|  53|0x00000000e3500000, 0x00000000e3600000, 0x00000000e3600000|100%| O|  |TAMS 0x00000000e3500000, 0x00000000e3500000| Untracked 
|  54|0x00000000e3600000, 0x00000000e3700000, 0x00000000e3700000|100%| O|  |TAMS 0x00000000e3600000, 0x00000000e3600000| Untracked 
|  55|0x00000000e3700000, 0x00000000e3800000, 0x00000000e3800000|100%| O|  |TAMS 0x00000000e3700000, 0x00000000e3700000| Untracked 
|  56|0x00000000e3800000, 0x00000000e3900000, 0x00000000e3900000|100%| O|  |TAMS 0x00000000e3800000, 0x00000000e3800000| Untracked 
|  57|0x00000000e3900000, 0x00000000e3a00000, 0x00000000e3a00000|100%| O|  |TAMS 0x00000000e3900000, 0x00000000e3900000| Untracked 
|  58|0x00000000e3a00000, 0x00000000e3b00000, 0x00000000e3b00000|100%| O|  |TAMS 0x00000000e3a00000, 0x00000000e3a00000| Untracked 
|  59|0x00000000e3b00000, 0x00000000e3c00000, 0x00000000e3c00000|100%| O|  |TAMS 0x00000000e3b00000, 0x00000000e3b00000| Untracked 
|  60|0x00000000e3c00000, 0x00000000e3d00000, 0x00000000e3d00000|100%| O|  |TAMS 0x00000000e3c00000, 0x00000000e3c00000| Untracked 
|  61|0x00000000e3d00000, 0x00000000e3e00000, 0x00000000e3e00000|100%| O|  |TAMS 0x00000000e3d00000, 0x00000000e3d00000| Untracked 
|  62|0x00000000e3e00000, 0x00000000e3f00000, 0x00000000e3f00000|100%| O|  |TAMS 0x00000000e3e00000, 0x00000000e3e00000| Untracked 
|  63|0x00000000e3f00000, 0x00000000e4000000, 0x00000000e4000000|100%| O|  |TAMS 0x00000000e3f00000, 0x00000000e3f00000| Untracked 
|  64|0x00000000e4000000, 0x00000000e4100000, 0x00000000e4100000|100%| O|  |TAMS 0x00000000e4000000, 0x00000000e4000000| Untracked 
|  65|0x00000000e4100000, 0x00000000e4200000, 0x00000000e4200000|100%| O|  |TAMS 0x00000000e4100000, 0x00000000e4100000| Untracked 
|  66|0x00000000e4200000, 0x00000000e4300000, 0x00000000e4300000|100%| O|  |TAMS 0x00000000e4200000, 0x00000000e4200000| Untracked 
|  67|0x00000000e4300000, 0x00000000e4400000, 0x00000000e4400000|100%| O|  |TAMS 0x00000000e4300000, 0x00000000e4300000| Untracked 
|  68|0x00000000e4400000, 0x00000000e4500000, 0x00000000e4500000|100%| O|  |TAMS 0x00000000e4400000, 0x00000000e4400000| Untracked 
|  69|0x00000000e4500000, 0x00000000e4600000, 0x00000000e4600000|100%| O|  |TAMS 0x00000000e4500000, 0x00000000e4500000| Untracked 
|  70|0x00000000e4600000, 0x00000000e4700000, 0x00000000e4700000|100%| O|  |TAMS 0x00000000e4600000, 0x00000000e4600000| Untracked 
|  71|0x00000000e4700000, 0x00000000e4800000, 0x00000000e4800000|100%| O|  |TAMS 0x00000000e4700000, 0x00000000e4700000| Untracked 
|  72|0x00000000e4800000, 0x00000000e4900000, 0x00000000e4900000|100%| O|  |TAMS 0x00000000e4800000, 0x00000000e4800000| Untracked 
|  73|0x00000000e4900000, 0x00000000e4a00000, 0x00000000e4a00000|100%| O|  |TAMS 0x00000000e4900000, 0x00000000e4900000| Untracked 
|  74|0x00000000e4a00000, 0x00000000e4b00000, 0x00000000e4b00000|100%| O|  |TAMS 0x00000000e4a00000, 0x00000000e4a00000| Untracked 
|  75|0x00000000e4b00000, 0x00000000e4c00000, 0x00000000e4c00000|100%| O|  |TAMS 0x00000000e4b00000, 0x00000000e4b00000| Untracked 
|  76|0x00000000e4c00000, 0x00000000e4d00000, 0x00000000e4d00000|100%| O|  |TAMS 0x00000000e4c00000, 0x00000000e4c00000| Untracked 
|  77|0x00000000e4d00000, 0x00000000e4d00000, 0x00000000e4e00000|  0%| F|  |TAMS 0x00000000e4d00000, 0x00000000e4d00000| Untracked 
|  78|0x00000000e4e00000, 0x00000000e4e00000, 0x00000000e4f00000|  0%| F|  |TAMS 0x00000000e4e00000, 0x00000000e4e00000| Untracked 
|  79|0x00000000e4f00000, 0x00000000e4f00000, 0x00000000e5000000|  0%| F|  |TAMS 0x00000000e4f00000, 0x00000000e4f00000| Untracked 
|  80|0x00000000e5000000, 0x00000000e5000000, 0x00000000e5100000|  0%| F|  |TAMS 0x00000000e5000000, 0x00000000e5000000| Untracked 
|  81|0x00000000e5100000, 0x00000000e5100000, 0x00000000e5200000|  0%| F|  |TAMS 0x00000000e5100000, 0x00000000e5100000| Untracked 
|  82|0x00000000e5200000, 0x00000000e5200000, 0x00000000e5300000|  0%| F|  |TAMS 0x00000000e5200000, 0x00000000e5200000| Untracked 
|  83|0x00000000e5300000, 0x00000000e5300000, 0x00000000e5400000|  0%| F|  |TAMS 0x00000000e5300000, 0x00000000e5300000| Untracked 
|  84|0x00000000e5400000, 0x00000000e5400000, 0x00000000e5500000|  0%| F|  |TAMS 0x00000000e5400000, 0x00000000e5400000| Untracked 
|  85|0x00000000e5500000, 0x00000000e5500000, 0x00000000e5600000|  0%| F|  |TAMS 0x00000000e5500000, 0x00000000e5500000| Untracked 
|  86|0x00000000e5600000, 0x00000000e5600000, 0x00000000e5700000|  0%| F|  |TAMS 0x00000000e5600000, 0x00000000e5600000| Untracked 
|  87|0x00000000e5700000, 0x00000000e5700000, 0x00000000e5800000|  0%| F|  |TAMS 0x00000000e5700000, 0x00000000e5700000| Untracked 
|  88|0x00000000e5800000, 0x00000000e5800000, 0x00000000e5900000|  0%| F|  |TAMS 0x00000000e5800000, 0x00000000e5800000| Untracked 
|  89|0x00000000e5900000, 0x00000000e5900000, 0x00000000e5a00000|  0%| F|  |TAMS 0x00000000e5900000, 0x00000000e5900000| Untracked 
|  90|0x00000000e5a00000, 0x00000000e5a00000, 0x00000000e5b00000|  0%| F|  |TAMS 0x00000000e5a00000, 0x00000000e5a00000| Untracked 
|  91|0x00000000e5b00000, 0x00000000e5b00000, 0x00000000e5c00000|  0%| F|  |TAMS 0x00000000e5b00000, 0x00000000e5b00000| Untracked 
|  92|0x00000000e5c00000, 0x00000000e5c00000, 0x00000000e5d00000|  0%| F|  |TAMS 0x00000000e5c00000, 0x00000000e5c00000| Untracked 
|  93|0x00000000e5d00000, 0x00000000e5d00000, 0x00000000e5e00000|  0%| F|  |TAMS 0x00000000e5d00000, 0x00000000e5d00000| Untracked 
|  94|0x00000000e5e00000, 0x00000000e5e00000, 0x00000000e5f00000|  0%| F|  |TAMS 0x00000000e5e00000, 0x00000000e5e00000| Untracked 
|  95|0x00000000e5f00000, 0x00000000e5f00000, 0x00000000e6000000|  0%| F|  |TAMS 0x00000000e5f00000, 0x00000000e5f00000| Untracked 
|  96|0x00000000e6000000, 0x00000000e6000000, 0x00000000e6100000|  0%| F|  |TAMS 0x00000000e6000000, 0x00000000e6000000| Untracked 
|  97|0x00000000e6100000, 0x00000000e6100000, 0x00000000e6200000|  0%| F|  |TAMS 0x00000000e6100000, 0x00000000e6100000| Untracked 
|  98|0x00000000e6200000, 0x00000000e6200000, 0x00000000e6300000|  0%| F|  |TAMS 0x00000000e6200000, 0x00000000e6200000| Untracked 
|  99|0x00000000e6300000, 0x00000000e6300000, 0x00000000e6400000|  0%| F|  |TAMS 0x00000000e6300000, 0x00000000e6300000| Untracked 
| 100|0x00000000e6400000, 0x00000000e6400000, 0x00000000e6500000|  0%| F|  |TAMS 0x00000000e6400000, 0x00000000e6400000| Untracked 
| 101|0x00000000e6500000, 0x00000000e6500000, 0x00000000e6600000|  0%| F|  |TAMS 0x00000000e6500000, 0x00000000e6500000| Untracked 
| 102|0x00000000e6600000, 0x00000000e6600000, 0x00000000e6700000|  0%| F|  |TAMS 0x00000000e6600000, 0x00000000e6600000| Untracked 
| 103|0x00000000e6700000, 0x00000000e6700000, 0x00000000e6800000|  0%| F|  |TAMS 0x00000000e6700000, 0x00000000e6700000| Untracked 
| 104|0x00000000e6800000, 0x00000000e6800000, 0x00000000e6900000|  0%| F|  |TAMS 0x00000000e6800000, 0x00000000e6800000| Untracked 
| 105|0x00000000e6900000, 0x00000000e6900000, 0x00000000e6a00000|  0%| F|  |TAMS 0x00000000e6900000, 0x00000000e6900000| Untracked 
| 106|0x00000000e6a00000, 0x00000000e6a00000, 0x00000000e6b00000|  0%| F|  |TAMS 0x00000000e6a00000, 0x00000000e6a00000| Untracked 
| 107|0x00000000e6b00000, 0x00000000e6b00000, 0x00000000e6c00000|  0%| F|  |TAMS 0x00000000e6b00000, 0x00000000e6b00000| Untracked 
| 108|0x00000000e6c00000, 0x00000000e6c00000, 0x00000000e6d00000|  0%| F|  |TAMS 0x00000000e6c00000, 0x00000000e6c00000| Untracked 
| 109|0x00000000e6d00000, 0x00000000e6d00000, 0x00000000e6e00000|  0%| F|  |TAMS 0x00000000e6d00000, 0x00000000e6d00000| Untracked 
| 110|0x00000000e6e00000, 0x00000000e6e00000, 0x00000000e6f00000|  0%| F|  |TAMS 0x00000000e6e00000, 0x00000000e6e00000| Untracked 
| 111|0x00000000e6f00000, 0x00000000e6f00000, 0x00000000e7000000|  0%| F|  |TAMS 0x00000000e6f00000, 0x00000000e6f00000| Untracked 
| 112|0x00000000e7000000, 0x00000000e7000000, 0x00000000e7100000|  0%| F|  |TAMS 0x00000000e7000000, 0x00000000e7000000| Untracked 
| 113|0x00000000e7100000, 0x00000000e7100000, 0x00000000e7200000|  0%| F|  |TAMS 0x00000000e7100000, 0x00000000e7100000| Untracked 
| 114|0x00000000e7200000, 0x00000000e7200000, 0x00000000e7300000|  0%| F|  |TAMS 0x00000000e7200000, 0x00000000e7200000| Untracked 
| 115|0x00000000e7300000, 0x00000000e7300000, 0x00000000e7400000|  0%| F|  |TAMS 0x00000000e7300000, 0x00000000e7300000| Untracked 
| 116|0x00000000e7400000, 0x00000000e7400000, 0x00000000e7500000|  0%| F|  |TAMS 0x00000000e7400000, 0x00000000e7400000| Untracked 
| 117|0x00000000e7500000, 0x00000000e7500000, 0x00000000e7600000|  0%| F|  |TAMS 0x00000000e7500000, 0x00000000e7500000| Untracked 
| 118|0x00000000e7600000, 0x00000000e7600000, 0x00000000e7700000|  0%| F|  |TAMS 0x00000000e7600000, 0x00000000e7600000| Untracked 
| 119|0x00000000e7700000, 0x00000000e7700000, 0x00000000e7800000|  0%| F|  |TAMS 0x00000000e7700000, 0x00000000e7700000| Untracked 
| 120|0x00000000e7800000, 0x00000000e7800000, 0x00000000e7900000|  0%| F|  |TAMS 0x00000000e7800000, 0x00000000e7800000| Untracked 
| 121|0x00000000e7900000, 0x00000000e7900000, 0x00000000e7a00000|  0%| F|  |TAMS 0x00000000e7900000, 0x00000000e7900000| Untracked 
| 122|0x00000000e7a00000, 0x00000000e7a00000, 0x00000000e7b00000|  0%| F|  |TAMS 0x00000000e7a00000, 0x00000000e7a00000| Untracked 
| 123|0x00000000e7b00000, 0x00000000e7b00000, 0x00000000e7c00000|  0%| F|  |TAMS 0x00000000e7b00000, 0x00000000e7b00000| Untracked 
| 124|0x00000000e7c00000, 0x00000000e7c00000, 0x00000000e7d00000|  0%| F|  |TAMS 0x00000000e7c00000, 0x00000000e7c00000| Untracked 
| 125|0x00000000e7d00000, 0x00000000e7d00000, 0x00000000e7e00000|  0%| F|  |TAMS 0x00000000e7d00000, 0x00000000e7d00000| Untracked 
| 126|0x00000000e7e00000, 0x00000000e7e00000, 0x00000000e7f00000|  0%| F|  |TAMS 0x00000000e7e00000, 0x00000000e7e00000| Untracked 
| 127|0x00000000e7f00000, 0x00000000e7f00000, 0x00000000e8000000|  0%| F|  |TAMS 0x00000000e7f00000, 0x00000000e7f00000| Untracked 
| 128|0x00000000e8000000, 0x00000000e8000000, 0x00000000e8100000|  0%| F|  |TAMS 0x00000000e8000000, 0x00000000e8000000| Untracked 
| 129|0x00000000e8100000, 0x00000000e8100000, 0x00000000e8200000|  0%| F|  |TAMS 0x00000000e8100000, 0x00000000e8100000| Untracked 
| 130|0x00000000e8200000, 0x00000000e8200000, 0x00000000e8300000|  0%| F|  |TAMS 0x00000000e8200000, 0x00000000e8200000| Untracked 
| 131|0x00000000e8300000, 0x00000000e8300000, 0x00000000e8400000|  0%| F|  |TAMS 0x00000000e8300000, 0x00000000e8300000| Untracked 
| 132|0x00000000e8400000, 0x00000000e8400000, 0x00000000e8500000|  0%| F|  |TAMS 0x00000000e8400000, 0x00000000e8400000| Untracked 
| 133|0x00000000e8500000, 0x00000000e8500000, 0x00000000e8600000|  0%| F|  |TAMS 0x00000000e8500000, 0x00000000e8500000| Untracked 
| 134|0x00000000e8600000, 0x00000000e8600000, 0x00000000e8700000|  0%| F|  |TAMS 0x00000000e8600000, 0x00000000e8600000| Untracked 
| 135|0x00000000e8700000, 0x00000000e8700000, 0x00000000e8800000|  0%| F|  |TAMS 0x00000000e8700000, 0x00000000e8700000| Untracked 
| 136|0x00000000e8800000, 0x00000000e8800000, 0x00000000e8900000|  0%| F|  |TAMS 0x00000000e8800000, 0x00000000e8800000| Untracked 
| 137|0x00000000e8900000, 0x00000000e8900000, 0x00000000e8a00000|  0%| F|  |TAMS 0x00000000e8900000, 0x00000000e8900000| Untracked 
| 138|0x00000000e8a00000, 0x00000000e8a00000, 0x00000000e8b00000|  0%| F|  |TAMS 0x00000000e8a00000, 0x00000000e8a00000| Untracked 
| 139|0x00000000e8b00000, 0x00000000e8b00000, 0x00000000e8c00000|  0%| F|  |TAMS 0x00000000e8b00000, 0x00000000e8b00000| Untracked 
| 140|0x00000000e8c00000, 0x00000000e8c00000, 0x00000000e8d00000|  0%| F|  |TAMS 0x00000000e8c00000, 0x00000000e8c00000| Untracked 
| 141|0x00000000e8d00000, 0x00000000e8d00000, 0x00000000e8e00000|  0%| F|  |TAMS 0x00000000e8d00000, 0x00000000e8d00000| Untracked 
| 142|0x00000000e8e00000, 0x00000000e8e00000, 0x00000000e8f00000|  0%| F|  |TAMS 0x00000000e8e00000, 0x00000000e8e00000| Untracked 
| 143|0x00000000e8f00000, 0x00000000e8f00000, 0x00000000e9000000|  0%| F|  |TAMS 0x00000000e8f00000, 0x00000000e8f00000| Untracked 
| 144|0x00000000e9000000, 0x00000000e9000000, 0x00000000e9100000|  0%| F|  |TAMS 0x00000000e9000000, 0x00000000e9000000| Untracked 
| 145|0x00000000e9100000, 0x00000000e9100000, 0x00000000e9200000|  0%| F|  |TAMS 0x00000000e9100000, 0x00000000e9100000| Untracked 
| 146|0x00000000e9200000, 0x00000000e9200000, 0x00000000e9300000|  0%| F|  |TAMS 0x00000000e9200000, 0x00000000e9200000| Untracked 
| 147|0x00000000e9300000, 0x00000000e9300000, 0x00000000e9400000|  0%| F|  |TAMS 0x00000000e9300000, 0x00000000e9300000| Untracked 
| 148|0x00000000e9400000, 0x00000000e9400000, 0x00000000e9500000|  0%| F|  |TAMS 0x00000000e9400000, 0x00000000e9400000| Untracked 
| 149|0x00000000e9500000, 0x00000000e9500000, 0x00000000e9600000|  0%| F|  |TAMS 0x00000000e9500000, 0x00000000e9500000| Untracked 
| 150|0x00000000e9600000, 0x00000000e9600000, 0x00000000e9700000|  0%| F|  |TAMS 0x00000000e9600000, 0x00000000e9600000| Untracked 
| 151|0x00000000e9700000, 0x00000000e9700000, 0x00000000e9800000|  0%| F|  |TAMS 0x00000000e9700000, 0x00000000e9700000| Untracked 
| 152|0x00000000e9800000, 0x00000000e9800000, 0x00000000e9900000|  0%| F|  |TAMS 0x00000000e9800000, 0x00000000e9800000| Untracked 
| 153|0x00000000e9900000, 0x00000000e9900000, 0x00000000e9a00000|  0%| F|  |TAMS 0x00000000e9900000, 0x00000000e9900000| Untracked 
| 154|0x00000000e9a00000, 0x00000000e9a00000, 0x00000000e9b00000|  0%| F|  |TAMS 0x00000000e9a00000, 0x00000000e9a00000| Untracked 
| 155|0x00000000e9b00000, 0x00000000e9b00000, 0x00000000e9c00000|  0%| F|  |TAMS 0x00000000e9b00000, 0x00000000e9b00000| Untracked 
| 156|0x00000000e9c00000, 0x00000000e9c00000, 0x00000000e9d00000|  0%| F|  |TAMS 0x00000000e9c00000, 0x00000000e9c00000| Untracked 
| 157|0x00000000e9d00000, 0x00000000e9d00000, 0x00000000e9e00000|  0%| F|  |TAMS 0x00000000e9d00000, 0x00000000e9d00000| Untracked 
| 158|0x00000000e9e00000, 0x00000000e9e00000, 0x00000000e9f00000|  0%| F|  |TAMS 0x00000000e9e00000, 0x00000000e9e00000| Untracked 
| 159|0x00000000e9f00000, 0x00000000e9f00000, 0x00000000ea000000|  0%| F|  |TAMS 0x00000000e9f00000, 0x00000000e9f00000| Untracked 
| 160|0x00000000ea000000, 0x00000000ea000000, 0x00000000ea100000|  0%| F|  |TAMS 0x00000000ea000000, 0x00000000ea000000| Untracked 
| 161|0x00000000ea100000, 0x00000000ea100000, 0x00000000ea200000|  0%| F|  |TAMS 0x00000000ea100000, 0x00000000ea100000| Untracked 
| 162|0x00000000ea200000, 0x00000000ea200000, 0x00000000ea300000|  0%| F|  |TAMS 0x00000000ea200000, 0x00000000ea200000| Untracked 
| 163|0x00000000ea300000, 0x00000000ea300000, 0x00000000ea400000|  0%| F|  |TAMS 0x00000000ea300000, 0x00000000ea300000| Untracked 
| 164|0x00000000ea400000, 0x00000000ea400000, 0x00000000ea500000|  0%| F|  |TAMS 0x00000000ea400000, 0x00000000ea400000| Untracked 
| 165|0x00000000ea500000, 0x00000000ea500000, 0x00000000ea600000|  0%| F|  |TAMS 0x00000000ea500000, 0x00000000ea500000| Untracked 
| 166|0x00000000ea600000, 0x00000000ea600000, 0x00000000ea700000|  0%| F|  |TAMS 0x00000000ea600000, 0x00000000ea600000| Untracked 
| 167|0x00000000ea700000, 0x00000000ea700000, 0x00000000ea800000|  0%| F|  |TAMS 0x00000000ea700000, 0x00000000ea700000| Untracked 
| 168|0x00000000ea800000, 0x00000000ea800000, 0x00000000ea900000|  0%| F|  |TAMS 0x00000000ea800000, 0x00000000ea800000| Untracked 
| 169|0x00000000ea900000, 0x00000000ea900000, 0x00000000eaa00000|  0%| F|  |TAMS 0x00000000ea900000, 0x00000000ea900000| Untracked 
| 170|0x00000000eaa00000, 0x00000000eaa00000, 0x00000000eab00000|  0%| F|  |TAMS 0x00000000eaa00000, 0x00000000eaa00000| Untracked 
| 171|0x00000000eab00000, 0x00000000eab00000, 0x00000000eac00000|  0%| F|  |TAMS 0x00000000eab00000, 0x00000000eab00000| Untracked 
| 172|0x00000000eac00000, 0x00000000eac00000, 0x00000000ead00000|  0%| F|  |TAMS 0x00000000eac00000, 0x00000000eac00000| Untracked 
| 173|0x00000000ead00000, 0x00000000ead00000, 0x00000000eae00000|  0%| F|  |TAMS 0x00000000ead00000, 0x00000000ead00000| Untracked 
| 174|0x00000000eae00000, 0x00000000eae00000, 0x00000000eaf00000|  0%| F|  |TAMS 0x00000000eae00000, 0x00000000eae00000| Untracked 
| 175|0x00000000eaf00000, 0x00000000eaf00000, 0x00000000eb000000|  0%| F|  |TAMS 0x00000000eaf00000, 0x00000000eaf00000| Untracked 
| 176|0x00000000eb000000, 0x00000000eb000000, 0x00000000eb100000|  0%| F|  |TAMS 0x00000000eb000000, 0x00000000eb000000| Untracked 
| 177|0x00000000eb100000, 0x00000000eb100000, 0x00000000eb200000|  0%| F|  |TAMS 0x00000000eb100000, 0x00000000eb100000| Untracked 
| 178|0x00000000eb200000, 0x00000000eb200000, 0x00000000eb300000|  0%| F|  |TAMS 0x00000000eb200000, 0x00000000eb200000| Untracked 
| 179|0x00000000eb300000, 0x00000000eb300000, 0x00000000eb400000|  0%| F|  |TAMS 0x00000000eb300000, 0x00000000eb300000| Untracked 
| 180|0x00000000eb400000, 0x00000000eb400000, 0x00000000eb500000|  0%| F|  |TAMS 0x00000000eb400000, 0x00000000eb400000| Untracked 
| 181|0x00000000eb500000, 0x00000000eb500000, 0x00000000eb600000|  0%| F|  |TAMS 0x00000000eb500000, 0x00000000eb500000| Untracked 
| 182|0x00000000eb600000, 0x00000000eb600000, 0x00000000eb700000|  0%| F|  |TAMS 0x00000000eb600000, 0x00000000eb600000| Untracked 
| 183|0x00000000eb700000, 0x00000000eb700000, 0x00000000eb800000|  0%| F|  |TAMS 0x00000000eb700000, 0x00000000eb700000| Untracked 
| 184|0x00000000eb800000, 0x00000000eb800000, 0x00000000eb900000|  0%| F|  |TAMS 0x00000000eb800000, 0x00000000eb800000| Untracked 
| 185|0x00000000eb900000, 0x00000000eb900000, 0x00000000eba00000|  0%| F|  |TAMS 0x00000000eb900000, 0x00000000eb900000| Untracked 
| 186|0x00000000eba00000, 0x00000000eba00000, 0x00000000ebb00000|  0%| F|  |TAMS 0x00000000eba00000, 0x00000000eba00000| Untracked 
| 187|0x00000000ebb00000, 0x00000000ebb00000, 0x00000000ebc00000|  0%| F|  |TAMS 0x00000000ebb00000, 0x00000000ebb00000| Untracked 
| 188|0x00000000ebc00000, 0x00000000ebc00000, 0x00000000ebd00000|  0%| F|  |TAMS 0x00000000ebc00000, 0x00000000ebc00000| Untracked 
| 189|0x00000000ebd00000, 0x00000000ebd00000, 0x00000000ebe00000|  0%| F|  |TAMS 0x00000000ebd00000, 0x00000000ebd00000| Untracked 
| 190|0x00000000ebe00000, 0x00000000ebe00000, 0x00000000ebf00000|  0%| F|  |TAMS 0x00000000ebe00000, 0x00000000ebe00000| Untracked 
| 191|0x00000000ebf00000, 0x00000000ebf00000, 0x00000000ec000000|  0%| F|  |TAMS 0x00000000ebf00000, 0x00000000ebf00000| Untracked 
| 192|0x00000000ec000000, 0x00000000ec000000, 0x00000000ec100000|  0%| F|  |TAMS 0x00000000ec000000, 0x00000000ec000000| Untracked 
| 193|0x00000000ec100000, 0x00000000ec100000, 0x00000000ec200000|  0%| F|  |TAMS 0x00000000ec100000, 0x00000000ec100000| Untracked 
| 194|0x00000000ec200000, 0x00000000ec200000, 0x00000000ec300000|  0%| F|  |TAMS 0x00000000ec200000, 0x00000000ec200000| Untracked 
| 195|0x00000000ec300000, 0x00000000ec300000, 0x00000000ec400000|  0%| F|  |TAMS 0x00000000ec300000, 0x00000000ec300000| Untracked 
| 196|0x00000000ec400000, 0x00000000ec400000, 0x00000000ec500000|  0%| F|  |TAMS 0x00000000ec400000, 0x00000000ec400000| Untracked 
| 197|0x00000000ec500000, 0x00000000ec500000, 0x00000000ec600000|  0%| F|  |TAMS 0x00000000ec500000, 0x00000000ec500000| Untracked 
| 198|0x00000000ec600000, 0x00000000ec600000, 0x00000000ec700000|  0%| F|  |TAMS 0x00000000ec600000, 0x00000000ec600000| Untracked 
| 199|0x00000000ec700000, 0x00000000ec700000, 0x00000000ec800000|  0%| F|  |TAMS 0x00000000ec700000, 0x00000000ec700000| Untracked 
| 200|0x00000000ec800000, 0x00000000ec800000, 0x00000000ec900000|  0%| F|  |TAMS 0x00000000ec800000, 0x00000000ec800000| Untracked 
| 201|0x00000000ec900000, 0x00000000ec900000, 0x00000000eca00000|  0%| F|  |TAMS 0x00000000ec900000, 0x00000000ec900000| Untracked 
| 202|0x00000000eca00000, 0x00000000eca00000, 0x00000000ecb00000|  0%| F|  |TAMS 0x00000000eca00000, 0x00000000eca00000| Untracked 
| 203|0x00000000ecb00000, 0x00000000ecc00000, 0x00000000ecc00000|100%| S|CS|TAMS 0x00000000ecb00000, 0x00000000ecb00000| Complete 
| 204|0x00000000ecc00000, 0x00000000ecd00000, 0x00000000ecd00000|100%| S|CS|TAMS 0x00000000ecc00000, 0x00000000ecc00000| Complete 
| 205|0x00000000ecd00000, 0x00000000ece00000, 0x00000000ece00000|100%| S|CS|TAMS 0x00000000ecd00000, 0x00000000ecd00000| Complete 
| 206|0x00000000ece00000, 0x00000000ecf00000, 0x00000000ecf00000|100%| S|CS|TAMS 0x00000000ece00000, 0x00000000ece00000| Complete 
| 207|0x00000000ecf00000, 0x00000000ed000000, 0x00000000ed000000|100%| S|CS|TAMS 0x00000000ecf00000, 0x00000000ecf00000| Complete 
| 208|0x00000000ed000000, 0x00000000ed100000, 0x00000000ed100000|100%| S|CS|TAMS 0x00000000ed000000, 0x00000000ed000000| Complete 
| 209|0x00000000ed100000, 0x00000000ed100000, 0x00000000ed200000|  0%| F|  |TAMS 0x00000000ed100000, 0x00000000ed100000| Untracked 
| 210|0x00000000ed200000, 0x00000000ed200000, 0x00000000ed300000|  0%| F|  |TAMS 0x00000000ed200000, 0x00000000ed200000| Untracked 
| 211|0x00000000ed300000, 0x00000000ed300000, 0x00000000ed400000|  0%| F|  |TAMS 0x00000000ed300000, 0x00000000ed300000| Untracked 
| 212|0x00000000ed400000, 0x00000000ed400000, 0x00000000ed500000|  0%| F|  |TAMS 0x00000000ed400000, 0x00000000ed400000| Untracked 
| 213|0x00000000ed500000, 0x00000000ed500000, 0x00000000ed600000|  0%| F|  |TAMS 0x00000000ed500000, 0x00000000ed500000| Untracked 
| 214|0x00000000ed600000, 0x00000000ed600000, 0x00000000ed700000|  0%| F|  |TAMS 0x00000000ed600000, 0x00000000ed600000| Untracked 
| 215|0x00000000ed700000, 0x00000000ed700000, 0x00000000ed800000|  0%| F|  |TAMS 0x00000000ed700000, 0x00000000ed700000| Untracked 
| 216|0x00000000ed800000, 0x00000000ed800000, 0x00000000ed900000|  0%| F|  |TAMS 0x00000000ed800000, 0x00000000ed800000| Untracked 
| 217|0x00000000ed900000, 0x00000000ed900000, 0x00000000eda00000|  0%| F|  |TAMS 0x00000000ed900000, 0x00000000ed900000| Untracked 
| 218|0x00000000eda00000, 0x00000000eda00000, 0x00000000edb00000|  0%| F|  |TAMS 0x00000000eda00000, 0x00000000eda00000| Untracked 
| 219|0x00000000edb00000, 0x00000000edb00000, 0x00000000edc00000|  0%| F|  |TAMS 0x00000000edb00000, 0x00000000edb00000| Untracked 
| 220|0x00000000edc00000, 0x00000000edc00000, 0x00000000edd00000|  0%| F|  |TAMS 0x00000000edc00000, 0x00000000edc00000| Untracked 
| 221|0x00000000edd00000, 0x00000000edd00000, 0x00000000ede00000|  0%| F|  |TAMS 0x00000000edd00000, 0x00000000edd00000| Untracked 
| 222|0x00000000ede00000, 0x00000000ede00000, 0x00000000edf00000|  0%| F|  |TAMS 0x00000000ede00000, 0x00000000ede00000| Untracked 
| 223|0x00000000edf00000, 0x00000000edf00000, 0x00000000ee000000|  0%| F|  |TAMS 0x00000000edf00000, 0x00000000edf00000| Untracked 
| 224|0x00000000ee000000, 0x00000000ee000000, 0x00000000ee100000|  0%| F|  |TAMS 0x00000000ee000000, 0x00000000ee000000| Untracked 
| 225|0x00000000ee100000, 0x00000000ee100000, 0x00000000ee200000|  0%| F|  |TAMS 0x00000000ee100000, 0x00000000ee100000| Untracked 
| 226|0x00000000ee200000, 0x00000000ee200000, 0x00000000ee300000|  0%| F|  |TAMS 0x00000000ee200000, 0x00000000ee200000| Untracked 
| 227|0x00000000ee300000, 0x00000000ee300000, 0x00000000ee400000|  0%| F|  |TAMS 0x00000000ee300000, 0x00000000ee300000| Untracked 
| 228|0x00000000ee400000, 0x00000000ee400000, 0x00000000ee500000|  0%| F|  |TAMS 0x00000000ee400000, 0x00000000ee400000| Untracked 
| 229|0x00000000ee500000, 0x00000000ee500000, 0x00000000ee600000|  0%| F|  |TAMS 0x00000000ee500000, 0x00000000ee500000| Untracked 
| 230|0x00000000ee600000, 0x00000000ee600000, 0x00000000ee700000|  0%| F|  |TAMS 0x00000000ee600000, 0x00000000ee600000| Untracked 
| 231|0x00000000ee700000, 0x00000000ee700000, 0x00000000ee800000|  0%| F|  |TAMS 0x00000000ee700000, 0x00000000ee700000| Untracked 
| 232|0x00000000ee800000, 0x00000000ee800000, 0x00000000ee900000|  0%| F|  |TAMS 0x00000000ee800000, 0x00000000ee800000| Untracked 
| 233|0x00000000ee900000, 0x00000000ee900000, 0x00000000eea00000|  0%| F|  |TAMS 0x00000000ee900000, 0x00000000ee900000| Untracked 
| 234|0x00000000eea00000, 0x00000000eea00000, 0x00000000eeb00000|  0%| F|  |TAMS 0x00000000eea00000, 0x00000000eea00000| Untracked 
| 235|0x00000000eeb00000, 0x00000000eeb00000, 0x00000000eec00000|  0%| F|  |TAMS 0x00000000eeb00000, 0x00000000eeb00000| Untracked 
| 236|0x00000000eec00000, 0x00000000eec00000, 0x00000000eed00000|  0%| F|  |TAMS 0x00000000eec00000, 0x00000000eec00000| Untracked 
| 237|0x00000000eed00000, 0x00000000eed00000, 0x00000000eee00000|  0%| F|  |TAMS 0x00000000eed00000, 0x00000000eed00000| Untracked 
| 238|0x00000000eee00000, 0x00000000eee00000, 0x00000000eef00000|  0%| F|  |TAMS 0x00000000eee00000, 0x00000000eee00000| Untracked 
| 239|0x00000000eef00000, 0x00000000eef00000, 0x00000000ef000000|  0%| F|  |TAMS 0x00000000eef00000, 0x00000000eef00000| Untracked 
| 240|0x00000000ef000000, 0x00000000ef000000, 0x00000000ef100000|  0%| F|  |TAMS 0x00000000ef000000, 0x00000000ef000000| Untracked 
| 241|0x00000000ef100000, 0x00000000ef100000, 0x00000000ef200000|  0%| F|  |TAMS 0x00000000ef100000, 0x00000000ef100000| Untracked 
| 242|0x00000000ef200000, 0x00000000ef200000, 0x00000000ef300000|  0%| F|  |TAMS 0x00000000ef200000, 0x00000000ef200000| Untracked 
| 243|0x00000000ef300000, 0x00000000ef380800, 0x00000000ef400000| 50%| E|  |TAMS 0x00000000ef300000, 0x00000000ef300000| Complete 
| 244|0x00000000ef400000, 0x00000000ef500000, 0x00000000ef500000|100%| E|CS|TAMS 0x00000000ef400000, 0x00000000ef400000| Complete 
| 245|0x00000000ef500000, 0x00000000ef600000, 0x00000000ef600000|100%| E|CS|TAMS 0x00000000ef500000, 0x00000000ef500000| Complete 
| 246|0x00000000ef600000, 0x00000000ef700000, 0x00000000ef700000|100%| E|CS|TAMS 0x00000000ef600000, 0x00000000ef600000| Complete 
| 247|0x00000000ef700000, 0x00000000ef800000, 0x00000000ef800000|100%| E|CS|TAMS 0x00000000ef700000, 0x00000000ef700000| Complete 
| 248|0x00000000ef800000, 0x00000000ef900000, 0x00000000ef900000|100%| E|CS|TAMS 0x00000000ef800000, 0x00000000ef800000| Complete 
| 249|0x00000000ef900000, 0x00000000efa00000, 0x00000000efa00000|100%| E|CS|TAMS 0x00000000ef900000, 0x00000000ef900000| Complete 
| 250|0x00000000efa00000, 0x00000000efb00000, 0x00000000efb00000|100%| E|CS|TAMS 0x00000000efa00000, 0x00000000efa00000| Complete 
| 251|0x00000000efb00000, 0x00000000efc00000, 0x00000000efc00000|100%| E|CS|TAMS 0x00000000efb00000, 0x00000000efb00000| Complete 
| 252|0x00000000efc00000, 0x00000000efd00000, 0x00000000efd00000|100%| E|CS|TAMS 0x00000000efc00000, 0x00000000efc00000| Complete 
| 253|0x00000000efd00000, 0x00000000efe00000, 0x00000000efe00000|100%| E|CS|TAMS 0x00000000efd00000, 0x00000000efd00000| Complete 
| 254|0x00000000efe00000, 0x00000000eff00000, 0x00000000eff00000|100%| E|CS|TAMS 0x00000000efe00000, 0x00000000efe00000| Complete 
| 255|0x00000000eff00000, 0x00000000f0000000, 0x00000000f0000000|100%| E|CS|TAMS 0x00000000eff00000, 0x00000000eff00000| Complete 

Card table byte_map: [0x00000251dcb80000,0x00000251dcc80000] _byte_map_base: 0x00000251dc480000

Marking Bits (Prev, Next): (CMBitMap*) 0x00000251dcda1c48, (CMBitMap*) 0x00000251dcda1c88
 Prev Bits: [0x00000251f4340000, 0x00000251f4b40000)
 Next Bits: [0x00000251f4b40000, 0x00000251f5340000)

Polling page: 0x00000251dc510000

Metaspace:

Usage:
  Non-class:     36.81 MB capacity,    36.00 MB ( 98%) used,   743.49 KB (  2%) free+waste,    87.81 KB ( <1%) overhead. 
      Class:      5.86 MB capacity,     5.51 MB ( 94%) used,   315.69 KB (  5%) free+waste,    41.25 KB ( <1%) overhead. 
       Both:     42.67 MB capacity,    41.51 MB ( 97%) used,     1.03 MB (  2%) free+waste,   129.06 KB ( <1%) overhead. 

Virtual space:
  Non-class space:       38.00 MB reserved,      37.00 MB ( 97%) committed 
      Class space:      248.00 MB reserved,       5.88 MB (  2%) committed 
             Both:      286.00 MB reserved,      42.88 MB ( 15%) committed 

Chunk freelists:
   Non-Class:  0 bytes
       Class:  0 bytes
        Both:  0 bytes

MaxMetaspaceSize: 256.00 MB
CompressedClassSpaceSize: 248.00 MB

CodeHeap 'non-profiled nmethods': size=120064Kb used=3898Kb max_used=3898Kb free=116165Kb
 bounds [0x00000251ecd00000, 0x00000251ed0d0000, 0x00000251f4240000]
CodeHeap 'profiled nmethods': size=120000Kb used=15226Kb max_used=15226Kb free=104773Kb
 bounds [0x00000251e57d0000, 0x00000251e66c0000, 0x00000251ecd00000]
CodeHeap 'non-nmethods': size=5696Kb used=2335Kb max_used=2382Kb free=3360Kb
 bounds [0x00000251e5240000, 0x00000251e54b0000, 0x00000251e57d0000]
 total_blobs=10133 nmethods=6566 adapters=719
 compilation: enabled
              stopped_count=0, restarted_count=0
 full_count=0

Compilation events (20 events):
Event: 62.275 Thread 0x00000251f7751000 7124   !   3       sun.net.www.protocol.jar.JarFileFactory::get (215 bytes)
Event: 62.278 Thread 0x00000251f7751000 nmethod 7124 0x00000251e669be10 code [0x00000251e669c200, 0x00000251e669de30]
Event: 62.279 Thread 0x00000251f7751000 7125       3       java.lang.Class::getConstructor (31 bytes)
Event: 62.280 Thread 0x00000251f7751000 nmethod 7125 0x00000251e669e910 code [0x00000251e669eba0, 0x00000251e669f6c0]
Event: 62.287 Thread 0x00000251f7751000 7126       3       java.util.ServiceLoader$LazyClassPathLookupIterator::hasNext (42 bytes)
Event: 62.287 Thread 0x00000251f7751000 nmethod 7126 0x00000251e669fb10 code [0x00000251e669fd40, 0x00000251e66a0440]
Event: 62.288 Thread 0x00000251f7751000 7127       3       org.jetbrains.kotlin.gradle.plugin.mpp.KotlinMultiplatformPluginKt$applyUserDefinedAttributes$1$1::invoke (96 bytes)
Event: 62.289 Thread 0x00000251f7751000 nmethod 7127 0x00000251e66a0710 code [0x00000251e66a0980, 0x00000251e66a1390]
Event: 62.291 Thread 0x00000251f7751000 7128       3       org.gradle.api.internal.artifacts.DefaultDependencySet::add (24 bytes)
Event: 62.291 Thread 0x00000251f7751000 nmethod 7128 0x00000251e66a1690 code [0x00000251e66a1880, 0x00000251e66a1fc0]
Event: 62.292 Thread 0x00000251f7751000 7129       3       org.gradle.internal.logging.sink.LogEventDispatcher::onOutput (60 bytes)
Event: 62.293 Thread 0x00000251f7751000 nmethod 7129 0x00000251e66a2190 code [0x00000251e66a23e0, 0x00000251e66a2de0]
Event: 62.295 Thread 0x00000251f7751000 7130       1       org.gradle.groovy.scripts.internal.FactoryBackedCompileOperation::getId (5 bytes)
Event: 62.295 Thread 0x00000251f7751000 nmethod 7130 0x00000251ed0ce690 code [0x00000251ed0ce820, 0x00000251ed0ce958]
Event: 62.301 Thread 0x00000251f7751000 7131       3       java.lang.CompoundEnumeration::hasMoreElements (5 bytes)
Event: 62.301 Thread 0x00000251f7751000 nmethod 7131 0x00000251e66a3010 code [0x00000251e66a31c0, 0x00000251e66a3370]
Event: 62.303 Thread 0x00000251f7751000 7133       3       java.net.URLClassLoader$3::hasMoreElements (5 bytes)
Event: 62.304 Thread 0x00000251f7751000 nmethod 7133 0x00000251e66a3410 code [0x00000251e66a35c0, 0x00000251e66a3770]
Event: 62.304 Thread 0x00000251f7751000 7134       3       java.nio.HeapByteBuffer::compact (55 bytes)
Event: 62.305 Thread 0x00000251f7751000 nmethod 7134 0x00000251e66a3810 code [0x00000251e66a3a00, 0x00000251e66a4050]

GC Heap History (20 events):
Event: 7.927 GC heap before
{Heap before GC invocations=3 (full 0):
 garbage-first heap   total 262144K, used 24513K [0x00000000e0000000, 0x0000000100000000)
  region size 1024K, 18 young (18432K), 1 survivors (1024K)
 Metaspace       used 4754K, capacity 7333K, committed 7680K, reserved 262144K
  class space    used 643K, capacity 932K, committed 1024K, reserved 253952K
}
Event: 7.938 GC heap after
{Heap after GC invocations=4 (full 0):
 garbage-first heap   total 262144K, used 12288K [0x00000000e0000000, 0x0000000100000000)
  region size 1024K, 3 young (3072K), 3 survivors (3072K)
 Metaspace       used 4754K, capacity 7333K, committed 7680K, reserved 262144K
  class space    used 643K, capacity 932K, committed 1024K, reserved 253952K
}
Event: 16.383 GC heap before
{Heap before GC invocations=4 (full 0):
 garbage-first heap   total 262144K, used 55296K [0x00000000e0000000, 0x0000000100000000)
  region size 1024K, 45 young (46080K), 3 survivors (3072K)
 Metaspace       used 12337K, capacity 12684K, committed 12800K, reserved 266240K
  class space    used 1806K, capacity 1943K, committed 2048K, reserved 253952K
}
Event: 16.401 GC heap after
{Heap after GC invocations=5 (full 0):
 garbage-first heap   total 262144K, used 15360K [0x00000000e0000000, 0x0000000100000000)
  region size 1024K, 6 young (6144K), 6 survivors (6144K)
 Metaspace       used 12337K, capacity 12684K, committed 12800K, reserved 266240K
  class space    used 1806K, capacity 1943K, committed 2048K, reserved 253952K
}
Event: 18.979 GC heap before
{Heap before GC invocations=5 (full 0):
 garbage-first heap   total 262144K, used 57344K [0x00000000e0000000, 0x0000000100000000)
  region size 1024K, 49 young (50176K), 6 survivors (6144K)
 Metaspace       used 20730K, capacity 21149K, committed 21248K, reserved 272384K
  class space    used 2856K, capacity 3016K, committed 3072K, reserved 253952K
}
Event: 19.005 GC heap after
{Heap after GC invocations=6 (full 0):
 garbage-first heap   total 262144K, used 18206K [0x00000000e0000000, 0x0000000100000000)
  region size 1024K, 6 young (6144K), 6 survivors (6144K)
 Metaspace       used 20730K, capacity 21149K, committed 21248K, reserved 272384K
  class space    used 2856K, capacity 3016K, committed 3072K, reserved 253952K
}
Event: 31.785 GC heap before
{Heap before GC invocations=7 (full 0):
 garbage-first heap   total 262144K, used 69406K [0x00000000e0000000, 0x0000000100000000)
  region size 1024K, 54 young (55296K), 6 survivors (6144K)
 Metaspace       used 25803K, capacity 26330K, committed 26496K, reserved 278528K
  class space    used 3407K, capacity 3602K, committed 3712K, reserved 253952K
}
Event: 31.820 GC heap after
{Heap after GC invocations=8 (full 0):
 garbage-first heap   total 262144K, used 21136K [0x00000000e0000000, 0x0000000100000000)
  region size 1024K, 6 young (6144K), 6 survivors (6144K)
 Metaspace       used 25803K, capacity 26330K, committed 26496K, reserved 278528K
  class space    used 3407K, capacity 3602K, committed 3712K, reserved 253952K
}
Event: 35.722 GC heap before
{Heap before GC invocations=8 (full 0):
 garbage-first heap   total 262144K, used 90768K [0x00000000e0000000, 0x0000000100000000)
  region size 1024K, 74 young (75776K), 6 survivors (6144K)
 Metaspace       used 31034K, capacity 31738K, committed 31872K, reserved 282624K
  class space    used 4218K, capacity 4420K, committed 4480K, reserved 253952K
}
Event: 35.771 GC heap after
{Heap after GC invocations=9 (full 0):
 garbage-first heap   total 262144K, used 28672K [0x00000000e0000000, 0x0000000100000000)
  region size 1024K, 10 young (10240K), 10 survivors (10240K)
 Metaspace       used 31034K, capacity 31738K, committed 31872K, reserved 282624K
  class space    used 4218K, capacity 4420K, committed 4480K, reserved 253952K
}
Event: 40.099 GC heap before
{Heap before GC invocations=9 (full 0):
 garbage-first heap   total 262144K, used 74752K [0x00000000e0000000, 0x0000000100000000)
  region size 1024K, 53 young (54272K), 10 survivors (10240K)
 Metaspace       used 34986K, capacity 35716K, committed 35840K, reserved 284672K
  class space    used 4819K, capacity 5012K, committed 5120K, reserved 253952K
}
Event: 40.158 GC heap after
{Heap after GC invocations=10 (full 0):
 garbage-first heap   total 262144K, used 36352K [0x00000000e0000000, 0x0000000100000000)
  region size 1024K, 5 young (5120K), 5 survivors (5120K)
 Metaspace       used 34986K, capacity 35716K, committed 35840K, reserved 284672K
  class space    used 4819K, capacity 5012K, committed 5120K, reserved 253952K
}
Event: 46.483 GC heap before
{Heap before GC invocations=11 (full 0):
 garbage-first heap   total 262144K, used 103936K [0x00000000e0000000, 0x0000000100000000)
  region size 1024K, 71 young (72704K), 5 survivors (5120K)
 Metaspace       used 39933K, capacity 40852K, committed 41088K, reserved 290816K
  class space    used 5465K, capacity 5741K, committed 5760K, reserved 253952K
}
Event: 46.514 GC heap after
{Heap after GC invocations=12 (full 0):
 garbage-first heap   total 262144K, used 41984K [0x00000000e0000000, 0x0000000100000000)
  region size 1024K, 9 young (9216K), 9 survivors (9216K)
 Metaspace       used 39933K, capacity 40852K, committed 41088K, reserved 290816K
  class space    used 5465K, capacity 5741K, committed 5760K, reserved 253952K
}
Event: 55.919 GC heap before
{Heap before GC invocations=12 (full 0):
 garbage-first heap   total 262144K, used 113664K [0x00000000e0000000, 0x0000000100000000)
  region size 1024K, 79 young (80896K), 9 survivors (9216K)
 Metaspace       used 41506K, capacity 42641K, committed 42752K, reserved 290816K
  class space    used 5547K, capacity 5875K, committed 5888K, reserved 253952K
}
Event: 56.109 GC heap after
{Heap after GC invocations=13 (full 0):
 garbage-first heap   total 262144K, used 65769K [0x00000000e0000000, 0x0000000100000000)
  region size 1024K, 10 young (10240K), 10 survivors (10240K)
 Metaspace       used 41506K, capacity 42641K, committed 42752K, reserved 290816K
  class space    used 5547K, capacity 5875K, committed 5888K, reserved 253952K
}
Event: 56.886 GC heap before
{Heap before GC invocations=13 (full 0):
 garbage-first heap   total 262144K, used 70889K [0x00000000e0000000, 0x0000000100000000)
  region size 1024K, 15 young (15360K), 10 survivors (10240K)
 Metaspace       used 41531K, capacity 42647K, committed 42752K, reserved 290816K
  class space    used 5548K, capacity 5876K, committed 5888K, reserved 253952K
}
Event: 56.973 GC heap after
{Heap after GC invocations=14 (full 0):
 garbage-first heap   total 262144K, used 68608K [0x00000000e0000000, 0x0000000100000000)
  region size 1024K, 2 young (2048K), 2 survivors (2048K)
 Metaspace       used 41531K, capacity 42647K, committed 42752K, reserved 290816K
  class space    used 5548K, capacity 5876K, committed 5888K, reserved 253952K
}
Event: 60.483 GC heap before
{Heap before GC invocations=14 (full 0):
 garbage-first heap   total 262144K, used 114688K [0x00000000e0000000, 0x0000000100000000)
  region size 1024K, 47 young (48128K), 2 survivors (2048K)
 Metaspace       used 41846K, capacity 42925K, committed 43008K, reserved 292864K
  class space    used 5559K, capacity 5882K, committed 5888K, reserved 253952K
}
Event: 60.574 GC heap after
{Heap after GC invocations=15 (full 0):
 garbage-first heap   total 262144K, used 84992K [0x00000000e0000000, 0x0000000100000000)
  region size 1024K, 6 young (6144K), 6 survivors (6144K)
 Metaspace       used 41846K, capacity 42925K, committed 43008K, reserved 292864K
  class space    used 5559K, capacity 5882K, committed 5888K, reserved 253952K
}

Deoptimization events (20 events):
Event: 61.002 Thread 0x00000251f8975800 Uncommon trap: trap_request=0xffffffc6 fr.pc=0x00000251ece1c784 relative=0x0000000000000244
Event: 61.002 Thread 0x00000251f8975800 Uncommon trap: reason=bimorphic_or_optimized_type_check action=maybe_recompile pc=0x00000251ece1c784 method=org.gradle.internal.ImmutableActionSet$SetWithFewActions.contains(Lorg/gradle/api/Action;)Z @ 26 c2
Event: 61.002 Thread 0x00000251f8975800 DEOPT PACKING pc=0x00000251ece1c784 sp=0x000000cd64efaaf0
Event: 61.002 Thread 0x00000251f8975800 DEOPT UNPACKING pc=0x00000251e5289429 sp=0x000000cd64efaa68 mode 2
Event: 61.009 Thread 0x00000251f8975800 Uncommon trap: trap_request=0xffffffde fr.pc=0x00000251ed0306e0 relative=0x0000000000001620
Event: 61.009 Thread 0x00000251f8975800 Uncommon trap: reason=class_check action=maybe_recompile pc=0x00000251ed0306e0 method=org.gradle.api.internal.DefaultNamedDomainObjectCollection.findByNameWithoutRules(Ljava/lang/String;)Ljava/lang/Object; @ 5 c2
Event: 61.009 Thread 0x00000251f8975800 DEOPT PACKING pc=0x00000251ed0306e0 sp=0x000000cd64efba40
Event: 61.009 Thread 0x00000251f8975800 DEOPT UNPACKING pc=0x00000251e5289429 sp=0x000000cd64efb9c0 mode 2
Event: 61.036 Thread 0x00000251f8975800 Uncommon trap: trap_request=0xffffffc6 fr.pc=0x00000251ece1c784 relative=0x0000000000000244
Event: 61.036 Thread 0x00000251f8975800 Uncommon trap: reason=bimorphic_or_optimized_type_check action=maybe_recompile pc=0x00000251ece1c784 method=org.gradle.internal.ImmutableActionSet$SetWithFewActions.contains(Lorg/gradle/api/Action;)Z @ 26 c2
Event: 61.036 Thread 0x00000251f8975800 DEOPT PACKING pc=0x00000251ece1c784 sp=0x000000cd64efaaf0
Event: 61.036 Thread 0x00000251f8975800 DEOPT UNPACKING pc=0x00000251e5289429 sp=0x000000cd64efaa68 mode 2
Event: 61.042 Thread 0x00000251f8975800 Uncommon trap: trap_request=0xffffffde fr.pc=0x00000251ed0306e0 relative=0x0000000000001620
Event: 61.042 Thread 0x00000251f8975800 Uncommon trap: reason=class_check action=maybe_recompile pc=0x00000251ed0306e0 method=org.gradle.api.internal.DefaultNamedDomainObjectCollection.findByNameWithoutRules(Ljava/lang/String;)Ljava/lang/Object; @ 5 c2
Event: 61.042 Thread 0x00000251f8975800 DEOPT PACKING pc=0x00000251ed0306e0 sp=0x000000cd64efba40
Event: 61.042 Thread 0x00000251f8975800 DEOPT UNPACKING pc=0x00000251e5289429 sp=0x000000cd64efb9c0 mode 2
Event: 61.053 Thread 0x00000251f8975800 Uncommon trap: trap_request=0xffffffc6 fr.pc=0x00000251ece1c784 relative=0x0000000000000244
Event: 61.053 Thread 0x00000251f8975800 Uncommon trap: reason=bimorphic_or_optimized_type_check action=maybe_recompile pc=0x00000251ece1c784 method=org.gradle.internal.ImmutableActionSet$SetWithFewActions.contains(Lorg/gradle/api/Action;)Z @ 26 c2
Event: 61.053 Thread 0x00000251f8975800 DEOPT PACKING pc=0x00000251ece1c784 sp=0x000000cd64efaa50
Event: 61.053 Thread 0x00000251f8975800 DEOPT UNPACKING pc=0x00000251e5289429 sp=0x000000cd64efa9c8 mode 2

Classes unloaded (0 events):
No events

Classes redefined (0 events):
No events

Internal exceptions (20 events):
Event: 46.474 Thread 0x00000251f8975800 Exception <a 'java/lang/ClassNotFoundException'{0x00000000eb94fd68}: org/gradle/api/tasks/JavaExec_DecoratedBeanInfo> (0x00000000eb94fd68) 
thrown [t:/workspace/open/src/hotspot/share/classfile/systemDictionary.cpp, line 232]
Event: 46.476 Thread 0x00000251f8975800 Exception <a 'java/lang/ClassNotFoundException'{0x00000000eb96c8b8}: org/gradle/api/tasks/JavaExecBeanInfo> (0x00000000eb96c8b8) 
thrown [t:/workspace/open/src/hotspot/share/classfile/systemDictionary.cpp, line 232]
Event: 46.477 Thread 0x00000251f8975800 Exception <a 'java/lang/ClassNotFoundException'{0x00000000eb9893b8}: org/gradle/api/tasks/JavaExecCustomizer> (0x00000000eb9893b8) 
thrown [t:/workspace/open/src/hotspot/share/classfile/systemDictionary.cpp, line 232]
Event: 46.482 Thread 0x00000251f8975800 Exception <a 'java/lang/ClassNotFoundException'{0x00000000eb9ef698}: org/gradle/api/tasks/JavaExec_DecoratedCustomizer> (0x00000000eb9ef698) 
thrown [t:/workspace/open/src/hotspot/share/classfile/systemDictionary.cpp, line 232]
Event: 60.340 Thread 0x00000251f8975800 Exception <a 'java/lang/ClassNotFoundException'{0x00000000ed2e5e48}: java/util/TreeSetBeanInfo> (0x00000000ed2e5e48) 
thrown [t:/workspace/open/src/hotspot/share/classfile/systemDictionary.cpp, line 232]
Event: 60.340 Thread 0x00000251f8975800 Exception <a 'java/lang/ClassNotFoundException'{0x00000000ed2ebe88}: java/util/AbstractSetBeanInfo> (0x00000000ed2ebe88) 
thrown [t:/workspace/open/src/hotspot/share/classfile/systemDictionary.cpp, line 232]
Event: 60.341 Thread 0x00000251f8975800 Exception <a 'java/lang/ClassNotFoundException'{0x00000000ed2f2150}: java/util/AbstractSetCustomizer> (0x00000000ed2f2150) 
thrown [t:/workspace/open/src/hotspot/share/classfile/systemDictionary.cpp, line 232]
Event: 60.342 Thread 0x00000251f8975800 Exception <a 'java/lang/ClassNotFoundException'{0x00000000ed2fc080}: java/util/TreeSetCustomizer> (0x00000000ed2fc080) 
thrown [t:/workspace/open/src/hotspot/share/classfile/systemDictionary.cpp, line 232]
Event: 60.367 Thread 0x00000251f8975800 Exception <a 'java/lang/ClassNotFoundException'{0x00000000ed1620a0}: build_945hkcb8oiri25n5q79zkfmm9$_run_closure4BeanInfo> (0x00000000ed1620a0) 
thrown [t:/workspace/open/src/hotspot/share/classfile/systemDictionary.cpp, line 232]
Event: 60.367 Thread 0x00000251f8975800 Exception <a 'java/lang/ClassNotFoundException'{0x00000000ed16baa8}: build_945hkcb8oiri25n5q79zkfmm9$_run_closure4Customizer> (0x00000000ed16baa8) 
thrown [t:/workspace/open/src/hotspot/share/classfile/systemDictionary.cpp, line 232]
Event: 60.623 Thread 0x00000251f8975800 Implicit null exception at 0x00000251ed05818b to 0x00000251ed058511
Event: 60.659 Thread 0x00000251f8975800 Exception <a 'java/lang/ClassNotFoundException'{0x00000000efe74ab0}: org/gradle/api/tasks/wrapper/Wrapper_DecoratedBeanInfo> (0x00000000efe74ab0) 
thrown [t:/workspace/open/src/hotspot/share/classfile/systemDictionary.cpp, line 232]
Event: 60.662 Thread 0x00000251f8975800 Exception <a 'java/lang/ClassNotFoundException'{0x00000000efe9da88}: org/gradle/api/tasks/wrapper/WrapperBeanInfo> (0x00000000efe9da88) 
thrown [t:/workspace/open/src/hotspot/share/classfile/systemDictionary.cpp, line 232]
Event: 60.664 Thread 0x00000251f8975800 Exception <a 'java/lang/ClassNotFoundException'{0x00000000efec1cb8}: org/gradle/api/tasks/wrapper/WrapperCustomizer> (0x00000000efec1cb8) 
thrown [t:/workspace/open/src/hotspot/share/classfile/systemDictionary.cpp, line 232]
Event: 60.670 Thread 0x00000251f8975800 Exception <a 'java/lang/ClassNotFoundException'{0x00000000efd0ab68}: org/gradle/api/tasks/wrapper/Wrapper_DecoratedCustomizer> (0x00000000efd0ab68) 
thrown [t:/workspace/open/src/hotspot/share/classfile/systemDictionary.cpp, line 232]
Event: 60.694 Thread 0x00000251f8975800 Implicit null exception at 0x00000251ed005f50 to 0x00000251ed0064ea
Event: 60.695 Thread 0x00000251f8975800 Implicit null exception at 0x00000251ecde21a0 to 0x00000251ecde2aee
Event: 60.695 Thread 0x00000251f8975800 Implicit null exception at 0x00000251ed085a3d to 0x00000251ed0863f2
Event: 60.703 Thread 0x00000251f8975800 Implicit null exception at 0x00000251ed082667 to 0x00000251ed082772
Event: 60.863 Thread 0x00000251f8975800 Implicit null exception at 0x00000251ed0038fe to 0x00000251ed0045cb

Events (20 events):
Event: 60.909 loading class org/gradle/api/artifacts/PublishArtifactSet
Event: 60.909 loading class org/gradle/api/artifacts/PublishArtifactSet done
Event: 60.909 loading class org/gradle/api/artifacts/Dependency
Event: 60.909 loading class org/gradle/api/artifacts/Dependency done
Event: 60.909 loading class org/gradle/api/internal/artifacts/configurations/DetachedConfigurationsProvider
Event: 60.909 loading class org/gradle/api/internal/artifacts/configurations/DetachedConfigurationsProvider done
Event: 60.951 loading class org/jetbrains/kotlin/gradle/plugin/mpp/DefaultKotlinUsageContext$getAttributes$1
Event: 60.951 loading class org/jetbrains/kotlin/gradle/plugin/mpp/DefaultKotlinUsageContext$getAttributes$1 done
Event: 60.965 loading class org/jetbrains/kotlin/gradle/plugin/mpp/AbstractKotlinTarget$buildAdhocComponentsFromKotlinVariants$1$1$1$configuration$1$1$1
Event: 60.965 loading class org/jetbrains/kotlin/gradle/plugin/mpp/AbstractKotlinTarget$buildAdhocComponentsFromKotlinVariants$1$1$1$configuration$1$1$1 done
Event: 60.966 loading class org/jetbrains/kotlin/gradle/plugin/mpp/AbstractKotlinTarget$buildAdhocComponentsFromKotlinVariants$$inlined$map$lambda$1$1
Event: 60.966 loading class org/jetbrains/kotlin/gradle/plugin/mpp/AbstractKotlinTarget$buildAdhocComponentsFromKotlinVariants$$inlined$map$lambda$1$1 done
Event: 60.973 loading class org/jetbrains/kotlin/gradle/scripting/internal/ScriptingGradleSubplugin$apply$1$configureAction$1
Event: 60.973 loading class org/jetbrains/kotlin/gradle/scripting/internal/ScriptingGradleSubplugin$apply$1$configureAction$1 done
Event: 60.974 loading class org/jetbrains/kotlin/gradle/scripting/internal/ScriptingGradleSubpluginKt$sam$org_gradle_api_Action$0
Event: 60.974 loading class org/jetbrains/kotlin/gradle/scripting/internal/ScriptingGradleSubpluginKt$sam$org_gradle_api_Action$0 done
Event: 60.974 loading class org/jetbrains/kotlin/gradle/internal/KaptGenerateStubsTask
Event: 60.974 loading class org/jetbrains/kotlin/gradle/internal/KaptGenerateStubsTask done
Event: 61.322 Executing VM operation: BulkRevokeBias
Event: 61.322 Executing VM operation: BulkRevokeBias done


Dynamic libraries:
0x00007ff7172c0000 - 0x00007ff7172cd000 	C:\Program Files\Java\jdk-13.0.2\bin\java.exe
0x00007ffff2180000 - 0x00007ffff236d000 	C:\Windows\SYSTEM32\ntdll.dll
0x00007ffff0e30000 - 0x00007ffff0ee3000 	C:\Windows\System32\KERNEL32.DLL
0x00007fffee270000 - 0x00007fffee503000 	C:\Windows\System32\KERNELBASE.dll
0x00007fffef220000 - 0x00007fffef31a000 	C:\Windows\System32\ucrtbase.dll
0x00007fffe80c0000 - 0x00007fffe80d8000 	C:\Program Files\Java\jdk-13.0.2\bin\jli.dll
0x00007ffff1fe0000 - 0x00007ffff2177000 	C:\Windows\System32\USER32.dll
0x00007fffeec60000 - 0x00007fffeec80000 	C:\Windows\System32\win32u.dll
0x00007ffff1780000 - 0x00007ffff17a9000 	C:\Windows\System32\GDI32.dll
0x00007fffeed70000 - 0x00007fffeef09000 	C:\Windows\System32\gdi32full.dll
0x00007fffeecd0000 - 0x00007fffeed70000 	C:\Windows\System32\msvcp_win.dll
0x00007fffe6e50000 - 0x00007fffe6e65000 	C:\Program Files\Java\jdk-13.0.2\bin\VCRUNTIME140.dll
0x00007fffe26c0000 - 0x00007fffe2939000 	C:\Windows\WinSxS\amd64_microsoft.windows.common-controls_6595b64144ccf1df_6.0.17763.1098_none_de762ed45346ee8a\COMCTL32.dll
0x00007ffff1a00000 - 0x00007ffff1a9e000 	C:\Windows\System32\msvcrt.dll
0x00007ffff1aa0000 - 0x00007ffff1dcc000 	C:\Windows\System32\combase.dll
0x00007ffff1dd0000 - 0x00007ffff1ef2000 	C:\Windows\System32\RPCRT4.dll
0x00007fffef320000 - 0x00007fffef39e000 	C:\Windows\System32\bcryptPrimitives.dll
0x00007ffff1fb0000 - 0x00007ffff1fde000 	C:\Windows\System32\IMM32.DLL
0x00007fffdaaf0000 - 0x00007fffdab8b000 	C:\Program Files\Java\jdk-13.0.2\bin\msvcp140.dll
0x00007fffd94e0000 - 0x00007fffda03d000 	C:\Program Files\Java\jdk-13.0.2\bin\server\jvm.dll
0x00007ffff0ef0000 - 0x00007ffff0f93000 	C:\Windows\System32\ADVAPI32.dll
0x00007ffff1960000 - 0x00007ffff19fe000 	C:\Windows\System32\sechost.dll
0x00007ffff1420000 - 0x00007ffff1428000 	C:\Windows\System32\PSAPI.DLL
0x00007fffe81a0000 - 0x00007fffe81a9000 	C:\Windows\SYSTEM32\WSOCK32.dll
0x00007fffef440000 - 0x00007fffef4ad000 	C:\Windows\System32\WS2_32.dll
0x00007fffec230000 - 0x00007fffec254000 	C:\Windows\SYSTEM32\WINMM.dll
0x00007fffe0ee0000 - 0x00007fffe0eea000 	C:\Windows\SYSTEM32\VERSION.dll
0x00007fffec200000 - 0x00007fffec22d000 	C:\Windows\SYSTEM32\WINMMBASE.dll
0x00007fffeec80000 - 0x00007fffeecca000 	C:\Windows\System32\cfgmgr32.dll
0x00007fffee1a0000 - 0x00007fffee1b1000 	C:\Windows\System32\kernel.appcore.dll
0x00007fffe72c0000 - 0x00007fffe72d0000 	C:\Program Files\Java\jdk-13.0.2\bin\verify.dll
0x00007fffda900000 - 0x00007fffdaaed000 	C:\Windows\SYSTEM32\DBGHELP.DLL
0x00007fffe6b30000 - 0x00007fffe6b5a000 	C:\Windows\SYSTEM32\dbgcore.DLL
0x00007fffe6b00000 - 0x00007fffe6b26000 	C:\Program Files\Java\jdk-13.0.2\bin\java.dll
0x00007fffe6ae0000 - 0x00007fffe6af7000 	C:\Program Files\Java\jdk-13.0.2\bin\zip.dll
0x00007fffe6e40000 - 0x00007fffe6e4a000 	C:\Program Files\Java\jdk-13.0.2\bin\jimage.dll
0x00007fffef930000 - 0x00007ffff0e24000 	C:\Windows\System32\SHELL32.dll
0x00007ffff1430000 - 0x00007ffff14d8000 	C:\Windows\System32\shcore.dll
0x00007fffee510000 - 0x00007fffeec5d000 	C:\Windows\System32\windows.storage.dll
0x00007fffee1c0000 - 0x00007fffee1e4000 	C:\Windows\System32\profapi.dll
0x00007fffee1f0000 - 0x00007fffee24d000 	C:\Windows\System32\powrprof.dll
0x00007ffff0fa0000 - 0x00007ffff0ff2000 	C:\Windows\System32\shlwapi.dll
0x00007fffef200000 - 0x00007fffef217000 	C:\Windows\System32\cryptsp.dll
0x00007fffe6700000 - 0x00007fffe6719000 	C:\Program Files\Java\jdk-13.0.2\bin\net.dll
0x00007fffe03c0000 - 0x00007fffe04b2000 	C:\Windows\SYSTEM32\WINHTTP.dll
0x00007fffed9b0000 - 0x00007fffeda17000 	C:\Windows\system32\mswsock.dll
0x00007fffe2690000 - 0x00007fffe26a3000 	C:\Program Files\Java\jdk-13.0.2\bin\nio.dll
0x00007fffe1e30000 - 0x00007fffe1e56000 	C:\Users\deCrypt3d\.gradle\native\29\windows-amd64\native-platform.dll
0x00007fffe59c0000 - 0x00007fffe59c9000 	C:\Program Files\Java\jdk-13.0.2\bin\management.dll
0x00007fffe2680000 - 0x00007fffe268b000 	C:\Program Files\Java\jdk-13.0.2\bin\management_ext.dll
0x00007fffed530000 - 0x00007fffed563000 	C:\Windows\system32\rsaenh.dll
0x00007fffef3a0000 - 0x00007fffef3c6000 	C:\Windows\System32\bcrypt.dll
0x00007fffee0a0000 - 0x00007fffee0c8000 	C:\Windows\SYSTEM32\USERENV.dll
0x00007fffedb80000 - 0x00007fffedb8c000 	C:\Windows\SYSTEM32\CRYPTBASE.dll
0x00007fffed6d0000 - 0x00007fffed70d000 	C:\Windows\SYSTEM32\IPHLPAPI.DLL
0x00007fffef3d0000 - 0x00007fffef3d8000 	C:\Windows\System32\NSI.dll
0x00007fffe3e40000 - 0x00007fffe3e56000 	C:\Windows\SYSTEM32\dhcpcsvc6.DLL
0x00007fffe3df0000 - 0x00007fffe3e0c000 	C:\Windows\SYSTEM32\dhcpcsvc.DLL
0x00007fffed710000 - 0x00007fffed7d6000 	C:\Windows\SYSTEM32\DNSAPI.dll

dbghelp: loaded successfully - version: 4.0.5 - missing functions: none
symbol engine: initialized successfully - sym options: 0x614 - pdb path: .;C:\Program Files\Java\jdk-13.0.2\bin;C:\Windows\SYSTEM32;C:\Windows\WinSxS\amd64_microsoft.windows.common-controls_6595b64144ccf1df_6.0.17763.1098_none_de762ed45346ee8a;C:\Program Files\Java\jdk-13.0.2\bin\server;C:\Users\deCrypt3d\.gradle\native\29\windows-amd64

VM Arguments:
jvm_args: --add-opens=java.base/java.util=ALL-UNNAMED --add-opens=java.base/java.lang=ALL-UNNAMED --add-opens=java.base/java.lang.invoke=ALL-UNNAMED --add-opens=java.prefs/java.util.prefs=ALL-UNNAMED -XX:MaxMetaspaceSize=256m -XX:+HeapDumpOnOutOfMemoryError -Xms256m -Xmx512m -Dfile.encoding=windows-1252 -Duser.country=ID -Duser.language=en -Duser.variant 
java_command: org.gradle.launcher.daemon.bootstrap.GradleDaemon 5.5.1
java_class_path (initial): C:\Users\deCrypt3d\.gradle\wrapper\dists\gradle-5.5.1-all\8yl0syll3fr5m1v472nzznadi\gradle-5.5.1\lib\gradle-launcher-5.5.1.jar
Launcher Type: SUN_STANDARD

[Global flags]
     intx CICompilerCount                          = 2                                         {product} {ergonomic}
   size_t CompressedClassSpaceSize                 = 260046848                                 {product} {ergonomic}
     uint ConcGCThreads                            = 1                                         {product} {ergonomic}
     uint G1ConcRefinementThreads                  = 2                                         {product} {ergonomic}
   size_t G1HeapRegionSize                         = 1048576                                   {product} {ergonomic}
    uintx GCDrainStackTargetSize                   = 64                                        {product} {ergonomic}
     bool HeapDumpOnOutOfMemoryError               = true                                   {manageable} {command line}
   size_t InitialHeapSize                          = 268435456                                 {product} {command line}
   size_t MarkStackSize                            = 4194304                                   {product} {ergonomic}
   size_t MaxHeapSize                              = 536870912                                 {product} {command line}
   size_t MaxMetaspaceSize                         = 268435456                                 {product} {command line}
   size_t MaxNewSize                               = 321912832                                 {product} {ergonomic}
   size_t MinHeapDeltaBytes                        = 1048576                                   {product} {ergonomic}
   size_t MinHeapSize                              = 268435456                                 {product} {command line}
    uintx NonNMethodCodeHeapSize                   = 5826188                                {pd product} {ergonomic}
    uintx NonProfiledCodeHeapSize                  = 122916026                              {pd product} {ergonomic}
    uintx ProfiledCodeHeapSize                     = 122916026                              {pd product} {ergonomic}
    uintx ReservedCodeCacheSize                    = 251658240                              {pd product} {ergonomic}
     bool SegmentedCodeCache                       = true                                      {product} {ergonomic}
   size_t SoftMaxHeapSize                          = 536870912                              {manageable} {ergonomic}
     bool UseCompressedClassPointers               = true                                 {lp64_product} {ergonomic}
     bool UseCompressedOops                        = true                                 {lp64_product} {ergonomic}
     bool UseG1GC                                  = true                                      {product} {ergonomic}
     bool UseLargePagesIndividualAllocation        = false                                  {pd product} {ergonomic}

Logging:
Log output configuration:
 #0: stdout all=warning uptime,level,tags
 #1: stderr all=off uptime,level,tags

Environment Variables:
JAVA_HOME=C:/Program Files/Java/jdk-13.0.2
CLASSPATH=C:\Users\deCrypt3d\IdeaProjects\Memulai Pemrograman dengan Kotlin\\gradle\wrapper\gradle-wrapper.jar
PATH=C:\ProgramData\Oracle\Java\javapath;C:\Program Files (x86)\Common Files\Intel\Shared Files\cpp\bin\Intel64;C:\Windows\system32;C:\Windows;C:\Windows\System32\Wbem;C:\Windows\System32\WindowsPowerShell\v1.0\;C:\xampp\php;C:\ProgramData\ComposerSetup\bin;C:\Program Files\PuTTY\;C:\Program Files\nodejs\;C:\Program Files (x86)\Java\jdk-13.0.2\bin;C:\SDK\gradle-6.3\bin;C:\Users\deCrypt3d\AppData\Local\Microsoft\WindowsApps;C:\Users\deCrypt3d\AppData\Roaming\Composer\vendor\bin;C:\Users\deCrypt3d\AppData\Roaming\npm;
USERNAME=deCrypt3d
OS=Windows_NT
PROCESSOR_IDENTIFIER=Intel64 Family 6 Model 58 Stepping 9, GenuineIntel



---------------  S Y S T E M  ---------------

OS: Windows 10 , 64 bit Build 17763 (10.0.17763.475)

CPU:total 2 (initial active 2) (2 cores per cpu, 1 threads per core) family 6 model 58 stepping 9, cmov, cx8, fxsr, mmx, sse, sse2, sse3, ssse3, sse4.1, sse4.2, popcnt, clmul, erms, tsc, tscinvbit, tscinv

Memory: 4k page, system-wide physical 3789M (870M free)
TotalPageFile size 3789M (AvailPageFile size 6M)
current process WorkingSet (physical memory assigned to process): 311M, peak: 313M
current process commit charge ("private bytes"): 436M, peak: 444M

vm_info: OpenJDK 64-Bit Server VM (13.0.2+8) for windows-amd64 JRE (13.0.2+8), built on Dec 11 2019 09:20:05 by "mach5one" with unknown MS VC++:1916

END.
