#
# There is insufficient memory for the Java Runtime Environment to continue.
# Native memory allocation (malloc) failed to allocate 32744 bytes for ChunkPool::allocate
# Possible reasons:
#   The system is out of physical RAM or swap space
#   The process is running with CompressedOops enabled, and the Java Heap may be blocking the growth of the native heap
# Possible solutions:
#   Reduce memory load on the system
#   Increase physical memory or swap space
#   Check if swap backing store is full
#   Decrease Java heap size (-Xmx/-Xms)
#   Decrease number of Java threads
#   Decrease Java thread stack sizes (-Xss)
#   Set larger code cache with -XX:ReservedCodeCacheSize=
#   JVM is running with Unscaled Compressed Oops mode in which the Java heap is
#     placed in the first 4GB address space. The Java Heap base address is the
#     maximum limit for the native heap growth. Please use -XX:HeapBaseMinAddress
#     to set the Java Heap base and to place the Java Heap above 4GB virtual address.
# This output file may be truncated or incomplete.
#
#  Out of Memory Error (t:/workspace/open/src/hotspot/share/memory/arena.cpp:80), pid=1652, tid=6800
#
# JRE version: OpenJDK Runtime Environment (13.0.2+8) (build 13.0.2+8)
# Java VM: OpenJDK 64-Bit Server VM (13.0.2+8, mixed mode, sharing, tiered, compressed oops, g1 gc, windows-amd64)
# No core dump will be written. Minidumps are not enabled by default on client versions of Windows
#

---------------  S U M M A R Y ------------

Command Line: -Dfile.encoding=windows-1252 -Duser.country=ID -Duser.language=en -Duser.variant AppKt

Host: Intel(R) Celeron(R) CPU 1007U @ 1.50GHz, 2 cores, 3G,  Windows 10 , 64 bit Build 17763 (10.0.17763.475)
Time: Wed Apr 29 20:06:44 2020 SE Asia Standard Time elapsed time: 0 seconds (0d 0h 0m 0s)

---------------  T H R E A D  ---------------

Current thread (0x0000021be4a7f800):  JavaThread "main" [_thread_in_Java, id=6800, stack(0x000000337cf00000,0x000000337d000000)]

Stack: [0x000000337cf00000,0x000000337d000000]
[error occurred during error reporting (printing stack bounds), id 0xc0000005, EXCEPTION_ACCESS_VIOLATION (0xc0000005) at pc=0x0000021bee7b0b88]

Native frames: (J=compiled Java code, j=interpreted, Vv=VM code, C=native code)
V  [jvm.dll+0x624f9a]
V  [jvm.dll+0x770cfa]
V  [jvm.dll+0x7724af]
V  [jvm.dll+0x772a15]
V  [jvm.dll+0x7729cb]
V  [jvm.dll+0x6244df]
C  [ntdll.dll+0x66b16]
C  [ntdll.dll+0x4849]
C  [ntdll.dll+0xa34fe]
C  0x0000021bee7b0b88


---------------  P R O C E S S  ---------------

Threads class SMR info:
_java_thread_list=0x0000021b83368a60, length=10, elements={
0x0000021be4a7f800, 0x0000021bffcbe000, 0x0000021bffcc1000, 0x0000021bffcdf000,
0x0000021bffce1800, 0x0000021bffce2800, 0x0000021bffd4e000, 0x0000021bffd5c800,
0x0000021b8336d000, 0x0000021b83375000
}

Java Threads: ( => current thread )
=>0x0000021be4a7f800 JavaThread "main" [_thread_in_Java, id=6800, stack(0x000000337cf00000,0x000000337d000000)]
  0x0000021bffcbe000 JavaThread "Reference Handler" daemon [_thread_blocked, id=2680, stack(0x000000337d600000,0x000000337d700000)]
  0x0000021bffcc1000 JavaThread "Finalizer" daemon [_thread_blocked, id=6852, stack(0x000000337d700000,0x000000337d800000)]
  0x0000021bffcdf000 JavaThread "Signal Dispatcher" daemon [_thread_blocked, id=1368, stack(0x000000337d800000,0x000000337d900000)]
  0x0000021bffce1800 JavaThread "Attach Listener" daemon [_thread_blocked, id=2944, stack(0x000000337d900000,0x000000337da00000)]
  0x0000021bffce2800 JavaThread "C2 CompilerThread0" daemon [_thread_blocked, id=916, stack(0x000000337da00000,0x000000337db00000)]
  0x0000021bffd4e000 JavaThread "C1 CompilerThread0" daemon [_thread_blocked, id=6500, stack(0x000000337db00000,0x000000337dc00000)]
  0x0000021bffd5c800 JavaThread "Sweeper thread" daemon [_thread_blocked, id=2428, stack(0x000000337dc00000,0x000000337dd00000)]
  0x0000021b8336d000 JavaThread "Service Thread" daemon [_thread_blocked, id=6812, stack(0x000000337dd00000,0x000000337de00000)]
  0x0000021b83375000 JavaThread "Common-Cleaner" daemon [_thread_blocked, id=1288, stack(0x000000337df00000,0x000000337e000000)]

Other Threads:
  0x0000021bffcb8000 VMThread "VM Thread" [stack: 0x000000337d500000,0x000000337d600000] [id=2656]
  0x0000021b8336e800 WatcherThread [stack: 0x000000337de00000,0x000000337df00000] [id=416]
  0x0000021be4aab000 GCTaskThread "GC Thread#0" [stack: 0x000000337d000000,0x000000337d100000] [id=6024]
  0x0000021be4ab6000 ConcurrentGCThread "G1 Main Marker" [stack: 0x000000337d100000,0x000000337d200000] [id=3184]
  0x0000021be4ab7800 ConcurrentGCThread "G1 Conc#0" [stack: 0x000000337d200000,0x000000337d300000] [id=5524]
  0x0000021be4b02000 ConcurrentGCThread "G1 Refine#0" [stack: 0x000000337d300000,0x000000337d400000] [id=4960]
  0x0000021be4b04800 ConcurrentGCThread "G1 Young RemSet Sampling" [stack: 0x000000337d400000,0x000000337d500000] [id=2676]

Threads with active compile tasks:

VM state:not at safepoint (normal execution)

VM Mutex/Monitor currently owned by a thread: None

Heap address: 0x00000000c4c00000, size: 948 MB, Compressed Oops mode: 32-bit
Narrow klass base: 0x0000000800000000, Narrow klass shift: 3
Compressed class space size: 1073741824 Address: 0x0000000800b40000

Heap:
 garbage-first heap   total 61440K, used 0K [0x00000000c4c00000, 0x0000000100000000)
  region size 1024K, 1 young (1024K), 0 survivors (0K)
 Metaspace       used 216K, capacity 598K, committed 768K, reserved 1060864K
  class space    used 10K, capacity 386K, committed 512K, reserved 1048576K
Heap Regions: E=young(eden), S=young(survivor), O=old, HS=humongous(starts), HC=humongous(continues), CS=collection set, F=free, A=archive, TAMS=top-at-mark-start (previous, next)
|   0|0x00000000c4c00000, 0x00000000c4c00000, 0x00000000c4d00000|  0%| F|  |TAMS 0x00000000c4c00000, 0x00000000c4c00000| Untracked 
|   1|0x00000000c4d00000, 0x00000000c4d00000, 0x00000000c4e00000|  0%| F|  |TAMS 0x00000000c4d00000, 0x00000000c4d00000| Untracked 
|   2|0x00000000c4e00000, 0x00000000c4e00000, 0x00000000c4f00000|  0%| F|  |TAMS 0x00000000c4e00000, 0x00000000c4e00000| Untracked 
|   3|0x00000000c4f00000, 0x00000000c4f00000, 0x00000000c5000000|  0%| F|  |TAMS 0x00000000c4f00000, 0x00000000c4f00000| Untracked 
|   4|0x00000000c5000000, 0x00000000c5000000, 0x00000000c5100000|  0%| F|  |TAMS 0x00000000c5000000, 0x00000000c5000000| Untracked 
|   5|0x00000000c5100000, 0x00000000c5100000, 0x00000000c5200000|  0%| F|  |TAMS 0x00000000c5100000, 0x00000000c5100000| Untracked 
|   6|0x00000000c5200000, 0x00000000c5200000, 0x00000000c5300000|  0%| F|  |TAMS 0x00000000c5200000, 0x00000000c5200000| Untracked 
|   7|0x00000000c5300000, 0x00000000c5300000, 0x00000000c5400000|  0%| F|  |TAMS 0x00000000c5300000, 0x00000000c5300000| Untracked 
|   8|0x00000000c5400000, 0x00000000c5400000, 0x00000000c5500000|  0%| F|  |TAMS 0x00000000c5400000, 0x00000000c5400000| Untracked 
|   9|0x00000000c5500000, 0x00000000c5500000, 0x00000000c5600000|  0%| F|  |TAMS 0x00000000c5500000, 0x00000000c5500000| Untracked 
|  10|0x00000000c5600000, 0x00000000c5600000, 0x00000000c5700000|  0%| F|  |TAMS 0x00000000c5600000, 0x00000000c5600000| Untracked 
|  11|0x00000000c5700000, 0x00000000c5700000, 0x00000000c5800000|  0%| F|  |TAMS 0x00000000c5700000, 0x00000000c5700000| Untracked 
|  12|0x00000000c5800000, 0x00000000c5800000, 0x00000000c5900000|  0%| F|  |TAMS 0x00000000c5800000, 0x00000000c5800000| Untracked 
|  13|0x00000000c5900000, 0x00000000c5900000, 0x00000000c5a00000|  0%| F|  |TAMS 0x00000000c5900000, 0x00000000c5900000| Untracked 
|  14|0x00000000c5a00000, 0x00000000c5a00000, 0x00000000c5b00000|  0%| F|  |TAMS 0x00000000c5a00000, 0x00000000c5a00000| Untracked 
|  15|0x00000000c5b00000, 0x00000000c5b00000, 0x00000000c5c00000|  0%| F|  |TAMS 0x00000000c5b00000, 0x00000000c5b00000| Untracked 
|  16|0x00000000c5c00000, 0x00000000c5c00000, 0x00000000c5d00000|  0%| F|  |TAMS 0x00000000c5c00000, 0x00000000c5c00000| Untracked 
|  17|0x00000000c5d00000, 0x00000000c5d00000, 0x00000000c5e00000|  0%| F|  |TAMS 0x00000000c5d00000, 0x00000000c5d00000| Untracked 
|  18|0x00000000c5e00000, 0x00000000c5e00000, 0x00000000c5f00000|  0%| F|  |TAMS 0x00000000c5e00000, 0x00000000c5e00000| Untracked 
|  19|0x00000000c5f00000, 0x00000000c5f00000, 0x00000000c6000000|  0%| F|  |TAMS 0x00000000c5f00000, 0x00000000c5f00000| Untracked 
|  20|0x00000000c6000000, 0x00000000c6000000, 0x00000000c6100000|  0%| F|  |TAMS 0x00000000c6000000, 0x00000000c6000000| Untracked 
|  21|0x00000000c6100000, 0x00000000c6100000, 0x00000000c6200000|  0%| F|  |TAMS 0x00000000c6100000, 0x00000000c6100000| Untracked 
|  22|0x00000000c6200000, 0x00000000c6200000, 0x00000000c6300000|  0%| F|  |TAMS 0x00000000c6200000, 0x00000000c6200000| Untracked 
|  23|0x00000000c6300000, 0x00000000c6300000, 0x00000000c6400000|  0%| F|  |TAMS 0x00000000c6300000, 0x00000000c6300000| Untracked 
|  24|0x00000000c6400000, 0x00000000c6400000, 0x00000000c6500000|  0%| F|  |TAMS 0x00000000c6400000, 0x00000000c6400000| Untracked 
|  25|0x00000000c6500000, 0x00000000c6500000, 0x00000000c6600000|  0%| F|  |TAMS 0x00000000c6500000, 0x00000000c6500000| Untracked 
|  26|0x00000000c6600000, 0x00000000c6600000, 0x00000000c6700000|  0%| F|  |TAMS 0x00000000c6600000, 0x00000000c6600000| Untracked 
|  27|0x00000000c6700000, 0x00000000c6700000, 0x00000000c6800000|  0%| F|  |TAMS 0x00000000c6700000, 0x00000000c6700000| Untracked 
|  28|0x00000000c6800000, 0x00000000c6800000, 0x00000000c6900000|  0%| F|  |TAMS 0x00000000c6800000, 0x00000000c6800000| Untracked 
|  29|0x00000000c6900000, 0x00000000c6900000, 0x00000000c6a00000|  0%| F|  |TAMS 0x00000000c6900000, 0x00000000c6900000| Untracked 
|  30|0x00000000c6a00000, 0x00000000c6a00000, 0x00000000c6b00000|  0%| F|  |TAMS 0x00000000c6a00000, 0x00000000c6a00000| Untracked 
|  31|0x00000000c6b00000, 0x00000000c6b00000, 0x00000000c6c00000|  0%| F|  |TAMS 0x00000000c6b00000, 0x00000000c6b00000| Untracked 
|  32|0x00000000c6c00000, 0x00000000c6c00000, 0x00000000c6d00000|  0%| F|  |TAMS 0x00000000c6c00000, 0x00000000c6c00000| Untracked 
|  33|0x00000000c6d00000, 0x00000000c6d00000, 0x00000000c6e00000|  0%| F|  |TAMS 0x00000000c6d00000, 0x00000000c6d00000| Untracked 
|  34|0x00000000c6e00000, 0x00000000c6e00000, 0x00000000c6f00000|  0%| F|  |TAMS 0x00000000c6e00000, 0x00000000c6e00000| Untracked 
|  35|0x00000000c6f00000, 0x00000000c6f00000, 0x00000000c7000000|  0%| F|  |TAMS 0x00000000c6f00000, 0x00000000c6f00000| Untracked 
|  36|0x00000000c7000000, 0x00000000c7000000, 0x00000000c7100000|  0%| F|  |TAMS 0x00000000c7000000, 0x00000000c7000000| Untracked 
|  37|0x00000000c7100000, 0x00000000c7100000, 0x00000000c7200000|  0%| F|  |TAMS 0x00000000c7100000, 0x00000000c7100000| Untracked 
|  38|0x00000000c7200000, 0x00000000c7200000, 0x00000000c7300000|  0%| F|  |TAMS 0x00000000c7200000, 0x00000000c7200000| Untracked 
|  39|0x00000000c7300000, 0x00000000c7300000, 0x00000000c7400000|  0%| F|  |TAMS 0x00000000c7300000, 0x00000000c7300000| Untracked 
|  40|0x00000000c7400000, 0x00000000c7400000, 0x00000000c7500000|  0%| F|  |TAMS 0x00000000c7400000, 0x00000000c7400000| Untracked 
|  41|0x00000000c7500000, 0x00000000c7500000, 0x00000000c7600000|  0%| F|  |TAMS 0x00000000c7500000, 0x00000000c7500000| Untracked 
|  42|0x00000000c7600000, 0x00000000c7600000, 0x00000000c7700000|  0%| F|  |TAMS 0x00000000c7600000, 0x00000000c7600000| Untracked 
|  43|0x00000000c7700000, 0x00000000c7700000, 0x00000000c7800000|  0%| F|  |TAMS 0x00000000c7700000, 0x00000000c7700000| Untracked 
|  44|0x00000000c7800000, 0x00000000c7800000, 0x00000000c7900000|  0%| F|  |TAMS 0x00000000c7800000, 0x00000000c7800000| Untracked 
|  45|0x00000000c7900000, 0x00000000c7900000, 0x00000000c7a00000|  0%| F|  |TAMS 0x00000000c7900000, 0x00000000c7900000| Untracked 
|  46|0x00000000c7a00000, 0x00000000c7a00000, 0x00000000c7b00000|  0%| F|  |TAMS 0x00000000c7a00000, 0x00000000c7a00000| Untracked 
|  47|0x00000000c7b00000, 0x00000000c7b00000, 0x00000000c7c00000|  0%| F|  |TAMS 0x00000000c7b00000, 0x00000000c7b00000| Untracked 
|  48|0x00000000c7c00000, 0x00000000c7c00000, 0x00000000c7d00000|  0%| F|  |TAMS 0x00000000c7c00000, 0x00000000c7c00000| Untracked 
|  49|0x00000000c7d00000, 0x00000000c7d00000, 0x00000000c7e00000|  0%| F|  |TAMS 0x00000000c7d00000, 0x00000000c7d00000| Untracked 
|  50|0x00000000c7e00000, 0x00000000c7e00000, 0x00000000c7f00000|  0%| F|  |TAMS 0x00000000c7e00000, 0x00000000c7e00000| Untracked 
|  51|0x00000000c7f00000, 0x00000000c7f00000, 0x00000000c8000000|  0%| F|  |TAMS 0x00000000c7f00000, 0x00000000c7f00000| Untracked 
|  52|0x00000000c8000000, 0x00000000c8000000, 0x00000000c8100000|  0%| F|  |TAMS 0x00000000c8000000, 0x00000000c8000000| Untracked 
|  53|0x00000000c8100000, 0x00000000c8100000, 0x00000000c8200000|  0%| F|  |TAMS 0x00000000c8100000, 0x00000000c8100000| Untracked 
|  54|0x00000000c8200000, 0x00000000c8200000, 0x00000000c8300000|  0%| F|  |TAMS 0x00000000c8200000, 0x00000000c8200000| Untracked 
|  55|0x00000000c8300000, 0x00000000c8300000, 0x00000000c8400000|  0%| F|  |TAMS 0x00000000c8300000, 0x00000000c8300000| Untracked 
|  56|0x00000000c8400000, 0x00000000c8400000, 0x00000000c8500000|  0%| F|  |TAMS 0x00000000c8400000, 0x00000000c8400000| Untracked 
|  57|0x00000000c8500000, 0x00000000c8500000, 0x00000000c8600000|  0%| F|  |TAMS 0x00000000c8500000, 0x00000000c8500000| Untracked 
|  58|0x00000000c8600000, 0x00000000c8600000, 0x00000000c8700000|  0%| F|  |TAMS 0x00000000c8600000, 0x00000000c8600000| Untracked 
|  59|0x00000000c8700000, 0x00000000c87df168, 0x00000000c8800000| 87%| E|  |TAMS 0x00000000c8700000, 0x00000000c8700000| Complete 

Card table byte_map: [0x0000021bfded0000,0x0000021bfe0b0000] _byte_map_base: 0x0000021bfd8aa000

Marking Bits (Prev, Next): (CMBitMap*) 0x0000021be4aade68, (CMBitMap*) 0x0000021be4aadea8
 Prev Bits: [0x0000021bfe290000, 0x0000021bff160000)
 Next Bits: [0x0000021b80000000, 0x0000021b80ed0000)

Polling page: 0x0000021be48b0000

Metaspace:

Usage:
  Non-class:    212.00 KB capacity,   206.34 KB ( 97%) used,     5.16 KB (  2%) free+waste,   512 bytes ( <1%) overhead. 
      Class:    386.00 KB capacity,    10.09 KB (  3%) used,   375.78 KB ( 97%) free+waste,   128 bytes ( <1%) overhead. 
       Both:    598.00 KB capacity,   216.43 KB ( 36%) used,   380.95 KB ( 64%) free+waste,   640 bytes ( <1%) overhead. 

Virtual space:
  Non-class space:       12.00 MB reserved,     256.00 KB (  2%) committed 
      Class space:        1.00 GB reserved,     512.00 KB ( <1%) committed 
             Both:        1.01 GB reserved,     768.00 KB ( <1%) committed 

Chunk freelists:
   Non-Class:  44.00 KB
       Class:  0 bytes
        Both:  44.00 KB

MaxMetaspaceSize: 17179869184.00 GB
CompressedClassSpaceSize: 1.00 GB

CodeHeap 'non-profiled nmethods': size=120064Kb used=22Kb max_used=22Kb free=120042Kb
 bounds [0x0000021bf6270000, 0x0000021bf64e0000, 0x0000021bfd7b0000]
CodeHeap 'profiled nmethods': size=120000Kb used=122Kb max_used=122Kb free=119877Kb
 bounds [0x0000021beed40000, 0x0000021beefb0000, 0x0000021bf6270000]
CodeHeap 'non-nmethods': size=5696Kb used=1043Kb max_used=1053Kb free=4652Kb
 bounds [0x0000021bee7b0000, 0x0000021beea20000, 0x0000021beed40000]
 total_blobs=651 nmethods=87 adapters=169
 compilation: enabled
              stopped_count=0, restarted_count=0
 full_count=0

Compilation events (20 events):
Event: 0.235 Thread 0x0000021bffd4e000   77       3       java.util.HashMap::putIfAbsent (13 bytes)
Event: 0.235 Thread 0x0000021bffd4e000 nmethod 77 0x0000021beed5bd10 code [0x0000021beed5bee0, 0x0000021beed5c260]
Event: 0.236 Thread 0x0000021bffd4e000   78       3       jdk.internal.module.ModuleBootstrap$2::next (52 bytes)
Event: 0.236 Thread 0x0000021bffd4e000 nmethod 78 0x0000021beed5c390 code [0x0000021beed5c5a0, 0x0000021beed5cb70]
Event: 0.236 Thread 0x0000021bffce2800   80       4       java.util.ImmutableCollections$SetN$SetNIterator::nextIndex (56 bytes)
Event: 0.238 Thread 0x0000021bffce2800 nmethod 80 0x0000021bf6275190 code [0x0000021bf6275320, 0x0000021bf62753d8]
Event: 0.242 Thread 0x0000021bffd4e000   81       1       java.lang.Module::getDescriptor (5 bytes)
Event: 0.242 Thread 0x0000021bffd4e000 nmethod 81 0x0000021bf6275490 code [0x0000021bf6275620, 0x0000021bf6275758]
Event: 0.243 Thread 0x0000021bffd4e000   82       3       java.util.ImmutableCollections$SetN::iterator (9 bytes)
Event: 0.243 Thread 0x0000021bffd4e000 nmethod 82 0x0000021beed5cd10 code [0x0000021beed5cec0, 0x0000021beed5d0f0]
Event: 0.251 Thread 0x0000021bffd4e000   83       3       java.lang.AbstractStringBuilder::ensureCapacityInternal (39 bytes)
Event: 0.252 Thread 0x0000021bffd4e000 nmethod 83 0x0000021beed5d190 code [0x0000021beed5d360, 0x0000021beed5d860]
Event: 0.252 Thread 0x0000021bffd4e000   84       3       java.lang.StringLatin1::canEncode (13 bytes)
Event: 0.252 Thread 0x0000021bffd4e000 nmethod 84 0x0000021beed5da10 code [0x0000021beed5dbc0, 0x0000021beed5dd58]
Event: 0.253 Thread 0x0000021bffd4e000   85       3       java.lang.AbstractStringBuilder::isLatin1 (19 bytes)
Event: 0.253 Thread 0x0000021bffd4e000 nmethod 85 0x0000021beed5de10 code [0x0000021beed5dfc0, 0x0000021beed5e1b8]
Event: 0.254 Thread 0x0000021bffd4e000   86       3       java.lang.StringBuilder::append (8 bytes)
Event: 0.255 Thread 0x0000021bffd4e000 nmethod 86 0x0000021beed5e290 code [0x0000021beed5e440, 0x0000021beed5e610]
Event: 0.272 Thread 0x0000021bffd4e000   87       3       ArrayList::get (6 bytes)
Event: 0.272 Thread 0x0000021bffd4e000 nmethod 87 0x0000021beed5e690 code [0x0000021beed5e840, 0x0000021beed5ea50]

GC Heap History (0 events):
No events

Deoptimization events (4 events):
Event: 0.248 Thread 0x0000021be4a7f800 Uncommon trap: trap_request=0xffffff45 fr.pc=0x0000021bf62747bc relative=0x000000000000019c
Event: 0.248 Thread 0x0000021be4a7f800 Uncommon trap: reason=unstable_if action=reinterpret pc=0x0000021bf62747bc method=java.lang.String.hashCode()I @ 42 c2
Event: 0.248 Thread 0x0000021be4a7f800 DEOPT PACKING pc=0x0000021bf62747bc sp=0x000000337cffd610
Event: 0.248 Thread 0x0000021be4a7f800 DEOPT UNPACKING pc=0x0000021bee7f9429 sp=0x000000337cffd5a8 mode 2

Classes unloaded (0 events):
No events

Classes redefined (0 events):
No events

Internal exceptions (0 events):
No events

Events (20 events):
Event: 0.250 loading class jdk/internal/loader/URLClassPath$FileLoader done
Event: 0.250 loading class sun/nio/cs/ThreadLocalCoders
Event: 0.250 loading class sun/nio/cs/ThreadLocalCoders done
Event: 0.250 loading class sun/nio/cs/ThreadLocalCoders$1
Event: 0.250 loading class sun/nio/cs/ThreadLocalCoders$Cache
Event: 0.250 loading class sun/nio/cs/ThreadLocalCoders$Cache done
Event: 0.250 loading class sun/nio/cs/ThreadLocalCoders$1 done
Event: 0.250 loading class sun/nio/cs/ThreadLocalCoders$2
Event: 0.251 loading class sun/nio/cs/ThreadLocalCoders$2 done
Event: 0.251 loading class sun/nio/cs/UTF_8$Decoder
Event: 0.251 loading class sun/nio/cs/UTF_8$Decoder done
Event: 0.260 loading class jdk/internal/loader/URLClassPath$FileLoader$1
Event: 0.260 loading class jdk/internal/loader/URLClassPath$FileLoader$1 done
Event: 0.262 Thread 0x0000021b83375000 Thread added: 0x0000021b83375000
Event: 0.267 Executing VM operation: RevokeBias
Event: 0.268 loading class ArrayList
Event: 0.268 loading class ArrayList done
Event: 0.269 Executing VM operation: RevokeBias done
Event: 0.270 loading class List
Event: 0.270 loading class List done


Dynamic libraries:
0x00007ff724460000 - 0x00007ff72446d000 	C:\Program Files\Java\jdk-13.0.2\bin\java.exe
0x00007fff62f50000 - 0x00007fff6313d000 	C:\Windows\SYSTEM32\ntdll.dll
0x00007fff60490000 - 0x00007fff60543000 	C:\Windows\System32\KERNEL32.DLL
0x00007fff5fca0000 - 0x00007fff5ff33000 	C:\Windows\System32\KERNELBASE.dll
0x00007fff5f320000 - 0x00007fff5f41a000 	C:\Windows\System32\ucrtbase.dll
0x00007fff5b900000 - 0x00007fff5b918000 	C:\Program Files\Java\jdk-13.0.2\bin\jli.dll
0x00007fff62a20000 - 0x00007fff62bb7000 	C:\Windows\System32\USER32.dll
0x00007fff60180000 - 0x00007fff601a0000 	C:\Windows\System32\win32u.dll
0x00007fff60460000 - 0x00007fff60489000 	C:\Windows\System32\GDI32.dll
0x00007fff5f0e0000 - 0x00007fff5f279000 	C:\Windows\System32\gdi32full.dll
0x00007fff5f040000 - 0x00007fff5f0e0000 	C:\Windows\System32\msvcp_win.dll
0x00007fff5b8e0000 - 0x00007fff5b8f5000 	C:\Program Files\Java\jdk-13.0.2\bin\VCRUNTIME140.dll
0x00007fff535b0000 - 0x00007fff53829000 	C:\Windows\WinSxS\amd64_microsoft.windows.common-controls_6595b64144ccf1df_6.0.17763.1098_none_de762ed45346ee8a\COMCTL32.dll
0x00007fff62c30000 - 0x00007fff62cce000 	C:\Windows\System32\msvcrt.dll
0x00007fff60760000 - 0x00007fff60a8c000 	C:\Windows\System32\combase.dll
0x00007fff60600000 - 0x00007fff60722000 	C:\Windows\System32\RPCRT4.dll
0x00007fff5f4d0000 - 0x00007fff5f54e000 	C:\Windows\System32\bcryptPrimitives.dll
0x00007fff60730000 - 0x00007fff6075e000 	C:\Windows\System32\IMM32.DLL
0x00007fff51940000 - 0x00007fff519db000 	C:\Program Files\Java\jdk-13.0.2\bin\msvcp140.dll
0x00007fff41ed0000 - 0x00007fff42a2d000 	C:\Program Files\Java\jdk-13.0.2\bin\server\jvm.dll
0x00007fff61140000 - 0x00007fff611e3000 	C:\Windows\System32\ADVAPI32.dll
0x00007fff60c20000 - 0x00007fff60cbe000 	C:\Windows\System32\sechost.dll
0x00007fff62bc0000 - 0x00007fff62bc8000 	C:\Windows\System32\PSAPI.DLL
0x00007fff5b840000 - 0x00007fff5b849000 	C:\Windows\SYSTEM32\WSOCK32.dll
0x00007fff601a0000 - 0x00007fff6020d000 	C:\Windows\System32\WS2_32.dll
0x00007fff5d180000 - 0x00007fff5d1a4000 	C:\Windows\SYSTEM32\WINMM.dll
0x00007fff51c10000 - 0x00007fff51c1a000 	C:\Windows\SYSTEM32\VERSION.dll
0x00007fff5d060000 - 0x00007fff5d08d000 	C:\Windows\SYSTEM32\WINMMBASE.dll
0x00007fff5f280000 - 0x00007fff5f2ca000 	C:\Windows\System32\cfgmgr32.dll
0x00007fff5ef70000 - 0x00007fff5ef81000 	C:\Windows\System32\kernel.appcore.dll
0x00007fff5b830000 - 0x00007fff5b840000 	C:\Program Files\Java\jdk-13.0.2\bin\verify.dll
0x00007fff47f80000 - 0x00007fff4816d000 	C:\Windows\SYSTEM32\DBGHELP.DLL
0x00007fff5b7e0000 - 0x00007fff5b80a000 	C:\Windows\SYSTEM32\dbgcore.DLL
0x00007fff59030000 - 0x00007fff59056000 	C:\Program Files\Java\jdk-13.0.2\bin\java.dll
0x00007fff58f30000 - 0x00007fff58f47000 	C:\Program Files\Java\jdk-13.0.2\bin\zip.dll
0x00007fff59020000 - 0x00007fff5902a000 	C:\Program Files\Java\jdk-13.0.2\bin\jimage.dll
0x00007fff61270000 - 0x00007fff62764000 	C:\Windows\System32\SHELL32.dll
0x00007fff60550000 - 0x00007fff605f8000 	C:\Windows\System32\shcore.dll
0x00007fff5f550000 - 0x00007fff5fc9d000 	C:\Windows\System32\windows.storage.dll
0x00007fff5efb0000 - 0x00007fff5efd4000 	C:\Windows\System32\profapi.dll
0x00007fff5efe0000 - 0x00007fff5f03d000 	C:\Windows\System32\powrprof.dll
0x00007fff62cd0000 - 0x00007fff62d22000 	C:\Windows\System32\shlwapi.dll
0x00007fff5f2d0000 - 0x00007fff5f2e7000 	C:\Windows\System32\cryptsp.dll

dbghelp: loaded successfully - version: 4.0.5 - missing functions: none
symbol engine: initialized successfully - sym options: 0x614 - pdb path: .;C:\Program Files\Java\jdk-13.0.2\bin;C:\Windows\SYSTEM32;C:\Windows\WinSxS\amd64_microsoft.windows.common-controls_6595b64144ccf1df_6.0.17763.1098_none_de762ed45346ee8a;C:\Program Files\Java\jdk-13.0.2\bin\server

VM Arguments:
jvm_args: -Dfile.encoding=windows-1252 -Duser.country=ID -Duser.language=en -Duser.variant 
java_command: AppKt
java_class_path (initial): C:\Users\deCrypt3d\IdeaProjects\Memulai Pemrograman dengan Kotlin\Generics\Generics\Contoh 1\build\classes\java\main;C:\Users\deCrypt3d\IdeaProjects\Memulai Pemrograman dengan Kotlin\Generics\Generics\Contoh 1\build\resources\main;C:\Users\deCrypt3d\IdeaProjects\Memulai Pemrograman dengan Kotlin\util\build\classes\java\main;C:\Users\deCrypt3d\IdeaProjects\Memulai Pemrograman dengan Kotlin\util\build\resources\main;C:\Users\deCrypt3d\.gradle\caches\modules-2\files-2.1\org.jetbrains.kotlin\kotlin-stdlib-jdk8\1.3.70\c706d9a12aa043400daacbb15b61ba662a1eb9a9\kotlin-stdlib-jdk8-1.3.70.jar;C:\Users\deCrypt3d\.gradle\caches\modules-2\files-2.1\org.jetbrains.kotlinx\kotlinx-coroutines-core\1.2.2\6ff48bdfc38a8c22e3fc37605b6a6afaed3b6dbd\kotlinx-coroutines-core-1.2.2.jar;C:\Users\deCrypt3d\.gradle\caches\modules-2\files-2.1\org.jetbrains.kotlin\kotlin-stdlib-jdk7\1.3.70\95aee922bc2a0fff3b7bfa1b6503ff0afe38264a\kotlin-stdlib-jdk7-1.3.70.jar;C:\Users\deCrypt3d\.gradle\caches\modules-2\files-2.1\org.jetbrains.kotlin\kotlin-stdlib\1.3.70\e5d97e25bb5b30dcfc022ec1c8f3959a875257fb\kotlin-stdlib-1.3.70.jar;C:\Users\deCrypt3d\.gradle\caches\modules-2\files-2.1\org.jetbrains.kotlin\kotlin-stdlib-common\1.3.70\3fa8dd6c896d635e78201e5e811545f3846dec04\kotlin-stdlib-common-1.3.70.jar;C:\Users\deCrypt3d\.gradle\caches\modules-2\files-2.1\org.jetbrains\annotations\13.0\919f0dfe192fb4e063e7dacadee7f8bb9a2672a9\annotations-13.0.jar
Launcher Type: SUN_STANDARD

[Global flags]
     intx CICompilerCount                          = 2                                         {product} {ergonomic}
     uint ConcGCThreads                            = 1                                         {product} {ergonomic}
     uint G1ConcRefinementThreads                  = 2                                         {product} {ergonomic}
   size_t G1HeapRegionSize                         = 1048576                                   {product} {ergonomic}
    uintx GCDrainStackTargetSize                   = 64                                        {product} {ergonomic}
   size_t InitialHeapSize                          = 62914560                                  {product} {ergonomic}
   size_t MarkStackSize                            = 4194304                                   {product} {ergonomic}
   size_t MaxHeapSize                              = 994050048                                 {product} {ergonomic}
   size_t MaxNewSize                               = 595591168                                 {product} {ergonomic}
   size_t MinHeapDeltaBytes                        = 1048576                                   {product} {ergonomic}
   size_t MinHeapSize                              = 8388608                                   {product} {ergonomic}
    uintx NonNMethodCodeHeapSize                   = 5826188                                {pd product} {ergonomic}
    uintx NonProfiledCodeHeapSize                  = 122916026                              {pd product} {ergonomic}
    uintx ProfiledCodeHeapSize                     = 122916026                              {pd product} {ergonomic}
    uintx ReservedCodeCacheSize                    = 251658240                              {pd product} {ergonomic}
     bool SegmentedCodeCache                       = true                                      {product} {ergonomic}
   size_t SoftMaxHeapSize                          = 994050048                              {manageable} {ergonomic}
     bool UseCompressedClassPointers               = true                                 {lp64_product} {ergonomic}
     bool UseCompressedOops                        = true                                 {lp64_product} {ergonomic}
     bool UseG1GC                                  = true                                      {product} {ergonomic}
     bool UseLargePagesIndividualAllocation        = false                                  {pd product} {ergonomic}

Logging:
Log output configuration:
 #0: stdout all=warning uptime,level,tags
 #1: stderr all=off uptime,level,tags

Environment Variables:
JAVA_HOME=C:/Program Files/Java/jdk-13.0.2
CLASSPATH=C:\Users\deCrypt3d\IdeaProjects\Memulai Pemrograman dengan Kotlin\\gradle\wrapper\gradle-wrapper.jar
PATH=C:\ProgramData\Oracle\Java\javapath;C:\Program Files (x86)\Common Files\Intel\Shared Files\cpp\bin\Intel64;C:\Windows\system32;C:\Windows;C:\Windows\System32\Wbem;C:\Windows\System32\WindowsPowerShell\v1.0\;C:\xampp\php;C:\ProgramData\ComposerSetup\bin;C:\Program Files\PuTTY\;C:\Program Files\nodejs\;C:\Program Files (x86)\Java\jdk-13.0.2\bin;C:\SDK\gradle-6.3\bin;C:\Users\deCrypt3d\AppData\Local\Microsoft\WindowsApps;C:\Users\deCrypt3d\AppData\Roaming\Composer\vendor\bin;C:\Users\deCrypt3d\AppData\Roaming\npm;
USERNAME=deCrypt3d
OS=Windows_NT
PROCESSOR_IDENTIFIER=Intel64 Family 6 Model 58 Stepping 9, GenuineIntel



---------------  S Y S T E M  ---------------

OS: Windows 10 , 64 bit Build 17763 (10.0.17763.475)

CPU:total 2 (initial active 2) (2 cores per cpu, 1 threads per core) family 6 model 58 stepping 9, cmov, cx8, fxsr, mmx, sse, sse2, sse3, ssse3, sse4.1, sse4.2, popcnt, clmul, erms, tsc, tscinvbit, tscinv

Memory: 4k page, system-wide physical 3789M (425M free)
TotalPageFile size 3789M (AvailPageFile size 3M)
current process WorkingSet (physical memory assigned to process): 26M, peak: 26M
current process commit charge ("private bytes"): 127M, peak: 127M

vm_info: OpenJDK 64-Bit Server VM (13.0.2+8) for windows-amd64 JRE (13.0.2+8), built on Dec 11 2019 09:20:05 by "mach5one" with unknown MS VC++:1916

END.
