#
# There is insufficient memory for the Java Runtime Environment to continue.
# Native memory allocation (mmap) failed to map 62914560 bytes for Failed to commit area from 0x00000000c4c00000 to 0x00000000c8800000 of length 62914560.
# Possible reasons:
#   The system is out of physical RAM or swap space
#   The process is running with CompressedOops enabled, and the Java Heap may be blocking the growth of the native heap
# Possible solutions:
#   Reduce memory load on the system
#   Increase physical memory or swap space
#   Check if swap backing store is full
#   Decrease Java heap size (-Xmx/-Xms)
#   Decrease number of Java threads
#   Decrease Java thread stack sizes (-Xss)
#   Set larger code cache with -XX:ReservedCodeCacheSize=
# This output file may be truncated or incomplete.
#
#  Out of Memory Error (t:/workspace/open/src/hotspot/os/windows/os_windows.cpp:3301), pid=6116, tid=6632
#
# JRE version:  (13.0.2+8) (build )
# Java VM: OpenJDK 64-Bit Server VM (13.0.2+8, mixed mode, aot, sharing, tiered, compressed oops, g1 gc, windows-amd64)
# No core dump will be written. Minidumps are not enabled by default on client versions of Windows
#

---------------  S U M M A R Y ------------

Command Line: -Dfile.encoding=windows-1252 -Duser.country=ID -Duser.language=en -Duser.variant AppKt

Host: Intel(R) Celeron(R) CPU 1007U @ 1.50GHz, 2 cores, 3G,  Windows 10 , 64 bit Build 17763 (10.0.17763.475)
Time: Wed Apr 29 20:16:56 2020 SE Asia Standard Time elapsed time: 0 seconds (0d 0h 0m 0s)

---------------  T H R E A D  ---------------

Current thread (0x0000026bd151e000):  JavaThread "Unknown thread" [_thread_in_vm, id=6632, stack(0x000000e67c600000,0x000000e67c700000)]

Stack: [0x000000e67c600000,0x000000e67c700000]
Native frames: (J=compiled Java code, j=interpreted, Vv=VM code, C=native code)
V  [jvm.dll+0x624f9a]
V  [jvm.dll+0x770cfa]
V  [jvm.dll+0x7724af]
V  [jvm.dll+0x772ab3]
V  [jvm.dll+0x24bf08]
V  [jvm.dll+0x6222aa]
V  [jvm.dll+0x6170b5]
V  [jvm.dll+0x30a88c]
V  [jvm.dll+0x30a6c2]
V  [jvm.dll+0x30fe36]
V  [jvm.dll+0x353f46]
V  [jvm.dll+0x353720]
V  [jvm.dll+0x2e550a]
V  [jvm.dll+0x2e67a2]
V  [jvm.dll+0x74dd78]
V  [jvm.dll+0x361989]
V  [jvm.dll+0x730e65]
V  [jvm.dll+0x3cc53f]
V  [jvm.dll+0x3ce861]
C  [jli.dll+0x51ff]
C  [ucrtbase.dll+0x21ffa]
C  [KERNEL32.DLL+0x17974]
C  [ntdll.dll+0x6a261]


---------------  P R O C E S S  ---------------

Threads class SMR info:
_java_thread_list=0x00007fff4298ccb8, length=0, elements={
}

Java Threads: ( => current thread )

Other Threads:
  0x0000026bd164c000 GCTaskThread "GC Thread#0" [stack: 0x000000e67c700000,0x000000e67c800000] [id=508]
  0x0000026bd1657000 ConcurrentGCThread "G1 Main Marker" [stack: 0x000000e67c800000,0x000000e67c900000] [id=844]
  0x0000026bd1659000 ConcurrentGCThread "G1 Conc#0" [stack: 0x000000e67c900000,0x000000e67ca00000] [id=212]

[error occurred during error reporting (printing all threads), id 0xc0000005, EXCEPTION_ACCESS_VIOLATION (0xc0000005) at pc=0x00007fff421c51d7]

VM state:not at safepoint (not fully initialized)

VM Mutex/Monitor currently owned by a thread:  ([mutex/lock_event])
[0x0000026bd151b3d0] Heap_lock - owner thread: 0x0000026bd151e000

Heap address: 0x00000000c4c00000, size: 948 MB, Compressed Oops mode: Non-zero based: 0x00000000c4c00000
Narrow klass base: 0x0000000000000000, Narrow klass shift: 0

GC Heap History (0 events):
No events

Deoptimization events (0 events):
No events

Classes unloaded (0 events):
No events

Classes redefined (0 events):
No events

Internal exceptions (0 events):
No events

Events (8 events):
Event: 0.009 Loaded shared library C:\Program Files\Java\jdk-13.0.2\bin\zip.dll
Event: 0.010 Loaded shared library C:\Program Files\Java\jdk-13.0.2\bin\jimage.dll
Event: 0.011 Loading shared library C:\Program Files\Java\jdk-13.0.2\lib\libjava.base-coop.dll failed, error code 126
Event: 0.012 Loading shared library C:\Program Files\Java\jdk-13.0.2\lib\libjava.logging-coop.dll failed, error code 126
Event: 0.012 Loading shared library C:\Program Files\Java\jdk-13.0.2\lib\libjdk.compiler-coop.dll failed, error code 126
Event: 0.012 Loading shared library C:\Program Files\Java\jdk-13.0.2\lib\libjdk.scripting.nashorn-coop.dll failed, error code 126
Event: 0.012 Loading shared library C:\Program Files\Java\jdk-13.0.2\lib\libjdk.internal.vm.ci-coop.dll failed, error code 126
Event: 0.012 Loading shared library C:\Program Files\Java\jdk-13.0.2\lib\libjdk.internal.vm.compiler-coop.dll failed, error code 126


Dynamic libraries:
0x00007ff724460000 - 0x00007ff72446d000 	C:\Program Files\Java\jdk-13.0.2\bin\java.exe
0x00007fff62f50000 - 0x00007fff6313d000 	C:\Windows\SYSTEM32\ntdll.dll
0x00007fff60490000 - 0x00007fff60543000 	C:\Windows\System32\KERNEL32.DLL
0x00007fff5fca0000 - 0x00007fff5ff33000 	C:\Windows\System32\KERNELBASE.dll
0x00007fff5f320000 - 0x00007fff5f41a000 	C:\Windows\System32\ucrtbase.dll
0x00007fff5b900000 - 0x00007fff5b918000 	C:\Program Files\Java\jdk-13.0.2\bin\jli.dll
0x00007fff62a20000 - 0x00007fff62bb7000 	C:\Windows\System32\USER32.dll
0x00007fff60180000 - 0x00007fff601a0000 	C:\Windows\System32\win32u.dll
0x00007fff60460000 - 0x00007fff60489000 	C:\Windows\System32\GDI32.dll
0x00007fff5f0e0000 - 0x00007fff5f279000 	C:\Windows\System32\gdi32full.dll
0x00007fff5f040000 - 0x00007fff5f0e0000 	C:\Windows\System32\msvcp_win.dll
0x00007fff5b8e0000 - 0x00007fff5b8f5000 	C:\Program Files\Java\jdk-13.0.2\bin\VCRUNTIME140.dll
0x00007fff535b0000 - 0x00007fff53829000 	C:\Windows\WinSxS\amd64_microsoft.windows.common-controls_6595b64144ccf1df_6.0.17763.1098_none_de762ed45346ee8a\COMCTL32.dll
0x00007fff62c30000 - 0x00007fff62cce000 	C:\Windows\System32\msvcrt.dll
0x00007fff60760000 - 0x00007fff60a8c000 	C:\Windows\System32\combase.dll
0x00007fff60600000 - 0x00007fff60722000 	C:\Windows\System32\RPCRT4.dll
0x00007fff5f4d0000 - 0x00007fff5f54e000 	C:\Windows\System32\bcryptPrimitives.dll
0x00007fff60730000 - 0x00007fff6075e000 	C:\Windows\System32\IMM32.DLL
0x00007fff51940000 - 0x00007fff519db000 	C:\Program Files\Java\jdk-13.0.2\bin\msvcp140.dll
0x00007fff41ed0000 - 0x00007fff42a2d000 	C:\Program Files\Java\jdk-13.0.2\bin\server\jvm.dll
0x00007fff61140000 - 0x00007fff611e3000 	C:\Windows\System32\ADVAPI32.dll
0x00007fff60c20000 - 0x00007fff60cbe000 	C:\Windows\System32\sechost.dll
0x00007fff62bc0000 - 0x00007fff62bc8000 	C:\Windows\System32\PSAPI.DLL
0x00007fff5b840000 - 0x00007fff5b849000 	C:\Windows\SYSTEM32\WSOCK32.dll
0x00007fff601a0000 - 0x00007fff6020d000 	C:\Windows\System32\WS2_32.dll
0x00007fff5d180000 - 0x00007fff5d1a4000 	C:\Windows\SYSTEM32\WINMM.dll
0x00007fff51c10000 - 0x00007fff51c1a000 	C:\Windows\SYSTEM32\VERSION.dll
0x00007fff5d060000 - 0x00007fff5d08d000 	C:\Windows\SYSTEM32\WINMMBASE.dll
0x00007fff5f280000 - 0x00007fff5f2ca000 	C:\Windows\System32\cfgmgr32.dll
0x00007fff5ef70000 - 0x00007fff5ef81000 	C:\Windows\System32\kernel.appcore.dll
0x00007fff5b830000 - 0x00007fff5b840000 	C:\Program Files\Java\jdk-13.0.2\bin\verify.dll
0x00007fff47f80000 - 0x00007fff4816d000 	C:\Windows\SYSTEM32\DBGHELP.DLL
0x00007fff5b7e0000 - 0x00007fff5b80a000 	C:\Windows\SYSTEM32\dbgcore.DLL
0x00007fff59030000 - 0x00007fff59056000 	C:\Program Files\Java\jdk-13.0.2\bin\java.dll
0x00007fff58f30000 - 0x00007fff58f47000 	C:\Program Files\Java\jdk-13.0.2\bin\zip.dll
0x00007fff59020000 - 0x00007fff5902a000 	C:\Program Files\Java\jdk-13.0.2\bin\jimage.dll

dbghelp: loaded successfully - version: 4.0.5 - missing functions: none
symbol engine: initialized successfully - sym options: 0x614 - pdb path: .;C:\Program Files\Java\jdk-13.0.2\bin;C:\Windows\SYSTEM32;C:\Windows\WinSxS\amd64_microsoft.windows.common-controls_6595b64144ccf1df_6.0.17763.1098_none_de762ed45346ee8a;C:\Program Files\Java\jdk-13.0.2\bin\server

VM Arguments:
jvm_args: -Dfile.encoding=windows-1252 -Duser.country=ID -Duser.language=en -Duser.variant 
java_command: AppKt
java_class_path (initial): C:\Users\deCrypt3d\IdeaProjects\Memulai Pemrograman dengan Kotlin\Coroutines\Coroutine Dispatcher\Thread Pool\build\classes\java\main;C:\Users\deCrypt3d\IdeaProjects\Memulai Pemrograman dengan Kotlin\Coroutines\Coroutine Dispatcher\Thread Pool\build\resources\main;C:\Users\deCrypt3d\IdeaProjects\Memulai Pemrograman dengan Kotlin\util\build\classes\java\main;C:\Users\deCrypt3d\IdeaProjects\Memulai Pemrograman dengan Kotlin\util\build\resources\main;C:\Users\deCrypt3d\.gradle\caches\modules-2\files-2.1\org.jetbrains.kotlin\kotlin-stdlib-jdk8\1.3.70\c706d9a12aa043400daacbb15b61ba662a1eb9a9\kotlin-stdlib-jdk8-1.3.70.jar;C:\Users\deCrypt3d\.gradle\caches\modules-2\files-2.1\org.jetbrains.kotlinx\kotlinx-coroutines-core\1.2.2\6ff48bdfc38a8c22e3fc37605b6a6afaed3b6dbd\kotlinx-coroutines-core-1.2.2.jar;C:\Users\deCrypt3d\.gradle\caches\modules-2\files-2.1\org.jetbrains.kotlin\kotlin-stdlib-jdk7\1.3.70\95aee922bc2a0fff3b7bfa1b6503ff0afe38264a\kotlin-stdlib-jdk7-1.3.70.jar;C:\Users\deCrypt3d\.gradle\caches\modules-2\files-2.1\org.jetbrains.kotlin\kotlin-stdlib\1.3.70\e5d97e25bb5b30dcfc022ec1c8f3959a875257fb\kotlin-stdlib-1.3.70.jar;C:\Users\deCrypt3d\.gradle\caches\modules-2\files-2.1\org.jetbrains.kotlin\kotlin-stdlib-common\1.3.70\3fa8dd6c896d635e78201e5e811545f3846dec04\kotlin-stdlib-common-1.3.70.jar;C:\Users\deCrypt3d\.gradle\caches\modules-2\files-2.1\org.jetbrains\annotations\13.0\919f0dfe192fb4e063e7dacadee7f8bb9a2672a9\annotations-13.0.jar
Launcher Type: SUN_STANDARD

[Global flags]
     intx CICompilerCount                          = 2                                         {product} {ergonomic}
     uint ConcGCThreads                            = 1                                         {product} {ergonomic}
     uint G1ConcRefinementThreads                  = 2                                         {product} {ergonomic}
   size_t G1HeapRegionSize                         = 1048576                                   {product} {ergonomic}
    uintx GCDrainStackTargetSize                   = 64                                        {product} {ergonomic}
   size_t InitialHeapSize                          = 62914560                                  {product} {ergonomic}
   size_t MarkStackSize                            = 4194304                                   {product} {ergonomic}
   size_t MaxHeapSize                              = 994050048                                 {product} {ergonomic}
   size_t MinHeapDeltaBytes                        = 1048576                                   {product} {ergonomic}
   size_t MinHeapSize                              = 8388608                                   {product} {ergonomic}
    uintx NonNMethodCodeHeapSize                   = 5826188                                {pd product} {ergonomic}
    uintx NonProfiledCodeHeapSize                  = 122916026                              {pd product} {ergonomic}
    uintx ProfiledCodeHeapSize                     = 122916026                              {pd product} {ergonomic}
    uintx ReservedCodeCacheSize                    = 251658240                              {pd product} {ergonomic}
     bool SegmentedCodeCache                       = true                                      {product} {ergonomic}
   size_t SoftMaxHeapSize                          = 994050048                              {manageable} {ergonomic}
     bool UseCompressedClassPointers               = true                                 {lp64_product} {ergonomic}
     bool UseCompressedOops                        = true                                 {lp64_product} {ergonomic}
     bool UseG1GC                                  = true                                      {product} {ergonomic}
     bool UseLargePagesIndividualAllocation        = false                                  {pd product} {ergonomic}

Logging:
Log output configuration:
 #0: stdout all=warning uptime,level,tags
 #1: stderr all=off uptime,level,tags

Environment Variables:
JAVA_HOME=C:/Program Files/Java/jdk-13.0.2
CLASSPATH=C:\Users\deCrypt3d\IdeaProjects\Memulai Pemrograman dengan Kotlin\\gradle\wrapper\gradle-wrapper.jar
PATH=C:\ProgramData\Oracle\Java\javapath;C:\Program Files (x86)\Common Files\Intel\Shared Files\cpp\bin\Intel64;C:\Windows\system32;C:\Windows;C:\Windows\System32\Wbem;C:\Windows\System32\WindowsPowerShell\v1.0\;C:\xampp\php;C:\ProgramData\ComposerSetup\bin;C:\Program Files\PuTTY\;C:\Program Files\nodejs\;C:\Program Files (x86)\Java\jdk-13.0.2\bin;C:\SDK\gradle-6.3\bin;C:\Users\deCrypt3d\AppData\Local\Microsoft\WindowsApps;C:\Users\deCrypt3d\AppData\Roaming\Composer\vendor\bin;C:\Users\deCrypt3d\AppData\Roaming\npm;
USERNAME=deCrypt3d
OS=Windows_NT
PROCESSOR_IDENTIFIER=Intel64 Family 6 Model 58 Stepping 9, GenuineIntel



---------------  S Y S T E M  ---------------

OS: Windows 10 , 64 bit Build 17763 (10.0.17763.475)

CPU:total 2 (initial active 2) (2 cores per cpu, 1 threads per core) family 6 model 58 stepping 9, cmov, cx8, fxsr, mmx, sse, sse2, sse3, ssse3, sse4.1, sse4.2, popcnt, clmul, erms, tsc, tscinvbit, tscinv

Memory: 4k page, system-wide physical 3789M (418M free)
TotalPageFile size 3789M (AvailPageFile size 55M)
current process WorkingSet (physical memory assigned to process): 9M, peak: 9M
current process commit charge ("private bytes"): 47M, peak: 107M

vm_info: OpenJDK 64-Bit Server VM (13.0.2+8) for windows-amd64 JRE (13.0.2+8), built on Dec 11 2019 09:20:05 by "mach5one" with unknown MS VC++:1916

END.
